2024-04-11 16:24:56,034 [main] INFO  icu.greenlemon.databasecompare.DatabaseCompareApplication       55    -Starting DatabaseCompareApplication using Java 1.8.0_302 on GreenLemon with PID 43260 (C:\Users\33091\IdeaProjects\DatabaseCompare\target\classes started by 33091 in C:\Users\33091\IdeaProjects\DatabaseCompare) 
2024-04-11 16:24:56,037 [main] INFO  icu.greenlemon.databasecompare.DatabaseCompareApplication       634   -No active profile set, falling back to 1 default profile: "default" 
2024-04-11 16:24:57,088 [main] INFO  icu.greenlemon.databasecompare.service.DataService              64    -开始读取元数据 
2024-04-11 16:30:06,443 [main] INFO  icu.greenlemon.databasecompare.DatabaseCompareApplication       55    -Starting DatabaseCompareApplication using Java 1.8.0_302 on GreenLemon with PID 18796 (C:\Users\33091\IdeaProjects\DatabaseCompare\target\classes started by 33091 in C:\Users\33091\IdeaProjects\DatabaseCompare) 
2024-04-11 16:30:06,446 [main] INFO  icu.greenlemon.databasecompare.DatabaseCompareApplication       634   -No active profile set, falling back to 1 default profile: "default" 
2024-04-11 16:30:38,256 [main] INFO  icu.greenlemon.databasecompare.service.DataService              64    -开始读取元数据 
2024-04-11 16:31:09,345 [main] INFO  icu.greenlemon.databasecompare.DatabaseCompareApplication       55    -Starting DatabaseCompareApplication using Java 1.8.0_302 on GreenLemon with PID 42428 (C:\Users\33091\IdeaProjects\DatabaseCompare\target\classes started by 33091 in C:\Users\33091\IdeaProjects\DatabaseCompare) 
2024-04-11 16:31:09,347 [main] INFO  icu.greenlemon.databasecompare.DatabaseCompareApplication       634   -No active profile set, falling back to 1 default profile: "default" 
2024-04-11 16:31:10,339 [main] INFO  icu.greenlemon.databasecompare.service.DataService              66    -开始读取元数据 
2024-04-11 16:33:42,923 [main] INFO  icu.greenlemon.databasecompare.DatabaseCompareApplication       55    -Starting DatabaseCompareApplication using Java 1.8.0_302 on GreenLemon with PID 40012 (C:\Users\33091\IdeaProjects\DatabaseCompare\target\classes started by 33091 in C:\Users\33091\IdeaProjects\DatabaseCompare) 
2024-04-11 16:33:42,925 [main] INFO  icu.greenlemon.databasecompare.DatabaseCompareApplication       634   -No active profile set, falling back to 1 default profile: "default" 
2024-04-11 16:33:43,951 [main] INFO  icu.greenlemon.databasecompare.service.DataService              66    -开始读取元数据 
2024-04-11 16:33:51,102 [main] INFO  icu.greenlemon.databasecompare.DatabaseCompareApplication       55    -Starting DatabaseCompareApplication using Java 1.8.0_302 on GreenLemon with PID 34740 (C:\Users\33091\IdeaProjects\DatabaseCompare\target\classes started by 33091 in C:\Users\33091\IdeaProjects\DatabaseCompare) 
2024-04-11 16:33:51,104 [main] INFO  icu.greenlemon.databasecompare.DatabaseCompareApplication       634   -No active profile set, falling back to 1 default profile: "default" 
2024-04-11 16:33:59,955 [main] INFO  icu.greenlemon.databasecompare.service.DataService              66    -开始读取元数据 
2024-04-11 16:34:46,092 [main] INFO  icu.greenlemon.databasecompare.DatabaseCompareApplication       55    -Starting DatabaseCompareApplication using Java 1.8.0_302 on GreenLemon with PID 12856 (C:\Users\33091\IdeaProjects\DatabaseCompare\target\classes started by 33091 in C:\Users\33091\IdeaProjects\DatabaseCompare) 
2024-04-11 16:34:46,094 [main] INFO  icu.greenlemon.databasecompare.DatabaseCompareApplication       634   -No active profile set, falling back to 1 default profile: "default" 
2024-04-11 16:35:09,052 [main] INFO  icu.greenlemon.databasecompare.service.DataService              66    -开始读取元数据 
2024-04-11 16:43:38,066 [main] INFO  icu.greenlemon.databasecompare.DatabaseCompareApplication       55    -Starting DatabaseCompareApplication using Java 1.8.0_302 on GreenLemon with PID 43084 (C:\Users\33091\IdeaProjects\DatabaseCompare\target\classes started by 33091 in C:\Users\33091\IdeaProjects\DatabaseCompare) 
2024-04-11 16:43:38,068 [main] INFO  icu.greenlemon.databasecompare.DatabaseCompareApplication       634   -No active profile set, falling back to 1 default profile: "default" 
2024-04-11 16:43:41,654 [main] INFO  icu.greenlemon.databasecompare.service.DataService              66    -开始读取元数据 
2024-04-11 16:46:57,110 [main] INFO  icu.greenlemon.databasecompare.DatabaseCompareApplication       55    -Starting DatabaseCompareApplication using Java 1.8.0_302 on GreenLemon with PID 35892 (C:\Users\33091\IdeaProjects\DatabaseCompare\target\classes started by 33091 in C:\Users\33091\IdeaProjects\DatabaseCompare) 
2024-04-11 16:46:57,112 [main] INFO  icu.greenlemon.databasecompare.DatabaseCompareApplication       634   -No active profile set, falling back to 1 default profile: "default" 
2024-04-11 16:46:58,101 [main] INFO  icu.greenlemon.databasecompare.service.DataService              66    -开始读取元数据 
2024-04-11 16:50:02,672 [main] INFO  icu.greenlemon.databasecompare.DatabaseCompareApplication       55    -Starting DatabaseCompareApplication using Java 1.8.0_302 on GreenLemon with PID 15428 (C:\Users\33091\IdeaProjects\DatabaseCompare\target\classes started by 33091 in C:\Users\33091\IdeaProjects\DatabaseCompare) 
2024-04-11 16:50:02,674 [main] INFO  icu.greenlemon.databasecompare.DatabaseCompareApplication       634   -No active profile set, falling back to 1 default profile: "default" 
2024-04-11 16:50:11,781 [main] INFO  icu.greenlemon.databasecompare.service.DataService              66    -开始读取元数据 
2024-04-11 16:50:12,809 [main] INFO  icu.greenlemon.databasecompare.service.DataService              69    -开始读取新数据库元数据 
2024-04-11 17:32:08,261 [main] INFO  icu.greenlemon.databasecompare.DatabaseCompareApplication       55    -Starting DatabaseCompareApplication using Java 1.8.0_302 on GreenLemon with PID 43952 (C:\Users\33091\IdeaProjects\DatabaseCompare\target\classes started by 33091 in C:\Users\33091\IdeaProjects\DatabaseCompare) 
2024-04-11 17:32:08,263 [main] INFO  icu.greenlemon.databasecompare.DatabaseCompareApplication       634   -No active profile set, falling back to 1 default profile: "default" 
2024-04-11 17:32:36,493 [main] INFO  icu.greenlemon.databasecompare.DatabaseCompareApplication       55    -Starting DatabaseCompareApplication using Java 1.8.0_302 on GreenLemon with PID 37104 (C:\Users\33091\IdeaProjects\DatabaseCompare\target\classes started by 33091 in C:\Users\33091\IdeaProjects\DatabaseCompare) 
2024-04-11 17:32:36,495 [main] INFO  icu.greenlemon.databasecompare.DatabaseCompareApplication       634   -No active profile set, falling back to 1 default profile: "default" 
2024-04-11 17:32:37,503 [main] INFO  icu.greenlemon.databasecompare.service.DataService              66    -开始读取元数据 
2024-04-11 17:32:38,412 [main] INFO  icu.greenlemon.databasecompare.service.DataService              69    -开始读取新数据库元数据 
2024-04-11 17:32:59,243 [main] INFO  icu.greenlemon.databasecompare.service.DataService              78    -元数据处理完成 
2024-04-11 17:32:59,442 [main] INFO  icu.greenlemon.databasecompare.DatabaseCompareApplication       61    -Started DatabaseCompareApplication in 23.187 seconds (JVM running for 23.791) 
2024-04-11 17:33:25,118 [http-nio-8888-exec-10] ERROR icu.greenlemon.databasecompare.handler.GlobalExceptionHandler 21    -      
java.lang.NullPointerException: null
	at java.util.HashSet.<init>(HashSet.java:119)
	at icu.greenlemon.databasecompare.bizservice.BizService.lambda$getBothContainsTableMap$7(BizService.java:145)
	at java.util.ArrayList.forEach(ArrayList.java:1259)
	at icu.greenlemon.databasecompare.bizservice.BizService.getBothContainsTableMap(BizService.java:141)
	at icu.greenlemon.databasecompare.bizservice.BizService.getTableDifference(BizService.java:40)
	at icu.greenlemon.databasecompare.controller.CompareController.getTableDifference(CompareController.java:33)
	at sun.reflect.NativeMethodAccessorImpl.invoke0(Native Method)
	at sun.reflect.NativeMethodAccessorImpl.invoke(NativeMethodAccessorImpl.java:62)
	at sun.reflect.DelegatingMethodAccessorImpl.invoke(DelegatingMethodAccessorImpl.java:43)
	at java.lang.reflect.Method.invoke(Method.java:498)
	at org.springframework.web.method.support.InvocableHandlerMethod.doInvoke(InvocableHandlerMethod.java:205)
	at org.springframework.web.method.support.InvocableHandlerMethod.invokeForRequest(InvocableHandlerMethod.java:150)
	at org.springframework.web.servlet.mvc.method.annotation.ServletInvocableHandlerMethod.invokeAndHandle(ServletInvocableHandlerMethod.java:117)
	at org.springframework.web.servlet.mvc.method.annotation.RequestMappingHandlerAdapter.invokeHandlerMethod(RequestMappingHandlerAdapter.java:895)
	at org.springframework.web.servlet.mvc.method.annotation.RequestMappingHandlerAdapter.handleInternal(RequestMappingHandlerAdapter.java:808)
	at org.springframework.web.servlet.mvc.method.AbstractHandlerMethodAdapter.handle(AbstractHandlerMethodAdapter.java:87)
	at org.springframework.web.servlet.DispatcherServlet.doDispatch(DispatcherServlet.java:1071)
	at org.springframework.web.servlet.DispatcherServlet.doService(DispatcherServlet.java:964)
	at org.springframework.web.servlet.FrameworkServlet.processRequest(FrameworkServlet.java:1006)
	at org.springframework.web.servlet.FrameworkServlet.doGet(FrameworkServlet.java:898)
	at javax.servlet.http.HttpServlet.service(HttpServlet.java:670)
	at org.springframework.web.servlet.FrameworkServlet.service(FrameworkServlet.java:883)
	at javax.servlet.http.HttpServlet.service(HttpServlet.java:779)
	at org.apache.catalina.core.ApplicationFilterChain.internalDoFilter(ApplicationFilterChain.java:227)
	at org.apache.catalina.core.ApplicationFilterChain.doFilter(ApplicationFilterChain.java:162)
	at org.apache.tomcat.websocket.server.WsFilter.doFilter(WsFilter.java:53)
	at org.apache.catalina.core.ApplicationFilterChain.internalDoFilter(ApplicationFilterChain.java:189)
	at org.apache.catalina.core.ApplicationFilterChain.doFilter(ApplicationFilterChain.java:162)
	at org.springframework.web.filter.RequestContextFilter.doFilterInternal(RequestContextFilter.java:100)
	at org.springframework.web.filter.OncePerRequestFilter.doFilter(OncePerRequestFilter.java:117)
	at org.apache.catalina.core.ApplicationFilterChain.internalDoFilter(ApplicationFilterChain.java:189)
	at org.apache.catalina.core.ApplicationFilterChain.doFilter(ApplicationFilterChain.java:162)
	at org.springframework.web.filter.FormContentFilter.doFilterInternal(FormContentFilter.java:93)
	at org.springframework.web.filter.OncePerRequestFilter.doFilter(OncePerRequestFilter.java:117)
	at org.apache.catalina.core.ApplicationFilterChain.internalDoFilter(ApplicationFilterChain.java:189)
	at org.apache.catalina.core.ApplicationFilterChain.doFilter(ApplicationFilterChain.java:162)
	at org.springframework.web.filter.CharacterEncodingFilter.doFilterInternal(CharacterEncodingFilter.java:201)
	at org.springframework.web.filter.OncePerRequestFilter.doFilter(OncePerRequestFilter.java:117)
	at org.apache.catalina.core.ApplicationFilterChain.internalDoFilter(ApplicationFilterChain.java:189)
	at org.apache.catalina.core.ApplicationFilterChain.doFilter(ApplicationFilterChain.java:162)
	at org.apache.catalina.core.StandardWrapperValve.invoke(StandardWrapperValve.java:197)
	at org.apache.catalina.core.StandardContextValve.invoke(StandardContextValve.java:97)
	at org.apache.catalina.authenticator.AuthenticatorBase.invoke(AuthenticatorBase.java:541)
	at org.apache.catalina.core.StandardHostValve.invoke(StandardHostValve.java:135)
	at org.apache.catalina.valves.ErrorReportValve.invoke(ErrorReportValve.java:92)
	at org.apache.catalina.core.StandardEngineValve.invoke(StandardEngineValve.java:78)
	at org.apache.catalina.connector.CoyoteAdapter.service(CoyoteAdapter.java:360)
	at org.apache.coyote.http11.Http11Processor.service(Http11Processor.java:399)
	at org.apache.coyote.AbstractProcessorLight.process(AbstractProcessorLight.java:65)
	at org.apache.coyote.AbstractProtocol$ConnectionHandler.process(AbstractProtocol.java:893)
	at org.apache.tomcat.util.net.NioEndpoint$SocketProcessor.doRun(NioEndpoint.java:1789)
	at org.apache.tomcat.util.net.SocketProcessorBase.run(SocketProcessorBase.java:49)
	at org.apache.tomcat.util.threads.ThreadPoolExecutor.runWorker(ThreadPoolExecutor.java:1191)
	at org.apache.tomcat.util.threads.ThreadPoolExecutor$Worker.run(ThreadPoolExecutor.java:659)
	at org.apache.tomcat.util.threads.TaskThread$WrappingRunnable.run(TaskThread.java:61)
	at java.lang.Thread.run(Thread.java:748)
2024-04-11 17:33:26,055 [http-nio-8888-exec-1] ERROR icu.greenlemon.databasecompare.handler.GlobalExceptionHandler 21    -      
java.lang.NullPointerException: null
	at java.util.HashSet.<init>(HashSet.java:119)
	at icu.greenlemon.databasecompare.bizservice.BizService.lambda$getBothContainsTableMap$7(BizService.java:145)
	at java.util.ArrayList.forEach(ArrayList.java:1259)
	at icu.greenlemon.databasecompare.bizservice.BizService.getBothContainsTableMap(BizService.java:141)
	at icu.greenlemon.databasecompare.bizservice.BizService.getFieldDifference(BizService.java:63)
	at icu.greenlemon.databasecompare.controller.CompareController.getFieldDifference(CompareController.java:38)
	at sun.reflect.NativeMethodAccessorImpl.invoke0(Native Method)
	at sun.reflect.NativeMethodAccessorImpl.invoke(NativeMethodAccessorImpl.java:62)
	at sun.reflect.DelegatingMethodAccessorImpl.invoke(DelegatingMethodAccessorImpl.java:43)
	at java.lang.reflect.Method.invoke(Method.java:498)
	at org.springframework.web.method.support.InvocableHandlerMethod.doInvoke(InvocableHandlerMethod.java:205)
	at org.springframework.web.method.support.InvocableHandlerMethod.invokeForRequest(InvocableHandlerMethod.java:150)
	at org.springframework.web.servlet.mvc.method.annotation.ServletInvocableHandlerMethod.invokeAndHandle(ServletInvocableHandlerMethod.java:117)
	at org.springframework.web.servlet.mvc.method.annotation.RequestMappingHandlerAdapter.invokeHandlerMethod(RequestMappingHandlerAdapter.java:895)
	at org.springframework.web.servlet.mvc.method.annotation.RequestMappingHandlerAdapter.handleInternal(RequestMappingHandlerAdapter.java:808)
	at org.springframework.web.servlet.mvc.method.AbstractHandlerMethodAdapter.handle(AbstractHandlerMethodAdapter.java:87)
	at org.springframework.web.servlet.DispatcherServlet.doDispatch(DispatcherServlet.java:1071)
	at org.springframework.web.servlet.DispatcherServlet.doService(DispatcherServlet.java:964)
	at org.springframework.web.servlet.FrameworkServlet.processRequest(FrameworkServlet.java:1006)
	at org.springframework.web.servlet.FrameworkServlet.doGet(FrameworkServlet.java:898)
	at javax.servlet.http.HttpServlet.service(HttpServlet.java:670)
	at org.springframework.web.servlet.FrameworkServlet.service(FrameworkServlet.java:883)
	at javax.servlet.http.HttpServlet.service(HttpServlet.java:779)
	at org.apache.catalina.core.ApplicationFilterChain.internalDoFilter(ApplicationFilterChain.java:227)
	at org.apache.catalina.core.ApplicationFilterChain.doFilter(ApplicationFilterChain.java:162)
	at org.apache.tomcat.websocket.server.WsFilter.doFilter(WsFilter.java:53)
	at org.apache.catalina.core.ApplicationFilterChain.internalDoFilter(ApplicationFilterChain.java:189)
	at org.apache.catalina.core.ApplicationFilterChain.doFilter(ApplicationFilterChain.java:162)
	at org.springframework.web.filter.RequestContextFilter.doFilterInternal(RequestContextFilter.java:100)
	at org.springframework.web.filter.OncePerRequestFilter.doFilter(OncePerRequestFilter.java:117)
	at org.apache.catalina.core.ApplicationFilterChain.internalDoFilter(ApplicationFilterChain.java:189)
	at org.apache.catalina.core.ApplicationFilterChain.doFilter(ApplicationFilterChain.java:162)
	at org.springframework.web.filter.FormContentFilter.doFilterInternal(FormContentFilter.java:93)
	at org.springframework.web.filter.OncePerRequestFilter.doFilter(OncePerRequestFilter.java:117)
	at org.apache.catalina.core.ApplicationFilterChain.internalDoFilter(ApplicationFilterChain.java:189)
	at org.apache.catalina.core.ApplicationFilterChain.doFilter(ApplicationFilterChain.java:162)
	at org.springframework.web.filter.CharacterEncodingFilter.doFilterInternal(CharacterEncodingFilter.java:201)
	at org.springframework.web.filter.OncePerRequestFilter.doFilter(OncePerRequestFilter.java:117)
	at org.apache.catalina.core.ApplicationFilterChain.internalDoFilter(ApplicationFilterChain.java:189)
	at org.apache.catalina.core.ApplicationFilterChain.doFilter(ApplicationFilterChain.java:162)
	at org.apache.catalina.core.StandardWrapperValve.invoke(StandardWrapperValve.java:197)
	at org.apache.catalina.core.StandardContextValve.invoke(StandardContextValve.java:97)
	at org.apache.catalina.authenticator.AuthenticatorBase.invoke(AuthenticatorBase.java:541)
	at org.apache.catalina.core.StandardHostValve.invoke(StandardHostValve.java:135)
	at org.apache.catalina.valves.ErrorReportValve.invoke(ErrorReportValve.java:92)
	at org.apache.catalina.core.StandardEngineValve.invoke(StandardEngineValve.java:78)
	at org.apache.catalina.connector.CoyoteAdapter.service(CoyoteAdapter.java:360)
	at org.apache.coyote.http11.Http11Processor.service(Http11Processor.java:399)
	at org.apache.coyote.AbstractProcessorLight.process(AbstractProcessorLight.java:65)
	at org.apache.coyote.AbstractProtocol$ConnectionHandler.process(AbstractProtocol.java:893)
	at org.apache.tomcat.util.net.NioEndpoint$SocketProcessor.doRun(NioEndpoint.java:1789)
	at org.apache.tomcat.util.net.SocketProcessorBase.run(SocketProcessorBase.java:49)
	at org.apache.tomcat.util.threads.ThreadPoolExecutor.runWorker(ThreadPoolExecutor.java:1191)
	at org.apache.tomcat.util.threads.ThreadPoolExecutor$Worker.run(ThreadPoolExecutor.java:659)
	at org.apache.tomcat.util.threads.TaskThread$WrappingRunnable.run(TaskThread.java:61)
	at java.lang.Thread.run(Thread.java:748)
