2024-03-21 22:00:02,351 [http-nio-8888-exec-1] INFO  icu.greenlemon.databasecompare.service.DataService 42    -开始读取元数据 
2024-03-21 22:00:54,683 [http-nio-8888-exec-1] INFO  icu.greenlemon.databasecompare.service.DataService 52    -元数据处理完成 
2024-03-21 22:04:11,662 [http-nio-8888-exec-1] INFO  icu.greenlemon.databasecompare.service.DataService 42    -开始读取元数据 
2024-03-21 22:04:59,709 [http-nio-8888-exec-1] INFO  icu.greenlemon.databasecompare.service.DataService 52    -元数据处理完成 
2024-03-21 22:08:52,904 [main] INFO  icu.greenlemon.databasecompare.DatabaseCompareApplication       55    -Starting DatabaseCompareApplication using Java 1.8.0_302 on GreenLemon with PID 128564 (C:\Users\33091\IdeaProjects\DatabaseCompare\target\classes started by 33091 in C:\Users\33091\IdeaProjects\DatabaseCompare) 
2024-03-21 22:08:52,906 [main] INFO  icu.greenlemon.databasecompare.DatabaseCompareApplication       634   -No active profile set, falling back to 1 default profile: "default" 
2024-03-21 22:08:53,642 [main] INFO  icu.greenlemon.databasecompare.service.DataService              42    -开始读取元数据 
2024-03-21 22:09:14,883 [main] INFO  icu.greenlemon.databasecompare.DatabaseCompareApplication       55    -Starting DatabaseCompareApplication using Java 1.8.0_302 on GreenLemon with PID 128568 (C:\Users\33091\IdeaProjects\DatabaseCompare\target\classes started by 33091 in C:\Users\33091\IdeaProjects\DatabaseCompare) 
2024-03-21 22:09:14,885 [main] INFO  icu.greenlemon.databasecompare.DatabaseCompareApplication       634   -No active profile set, falling back to 1 default profile: "default" 
2024-03-21 22:09:15,478 [main] INFO  icu.greenlemon.databasecompare.service.DataService              42    -开始读取元数据 
2024-03-21 22:09:36,076 [main] INFO  icu.greenlemon.databasecompare.DatabaseCompareApplication       55    -Starting DatabaseCompareApplication using Java 1.8.0_302 on GreenLemon with PID 119948 (C:\Users\33091\IdeaProjects\DatabaseCompare\target\classes started by 33091 in C:\Users\33091\IdeaProjects\DatabaseCompare) 
2024-03-21 22:09:36,078 [main] INFO  icu.greenlemon.databasecompare.DatabaseCompareApplication       634   -No active profile set, falling back to 1 default profile: "default" 
2024-03-21 22:09:36,694 [main] INFO  icu.greenlemon.databasecompare.service.DataService              42    -开始读取元数据 
2024-03-21 22:23:42,389 [main] INFO  icu.greenlemon.databasecompare.DatabaseCompareApplication       55    -Starting DatabaseCompareApplication using Java 1.8.0_302 on GreenLemon with PID 120184 (C:\Users\33091\IdeaProjects\DatabaseCompare\target\classes started by 33091 in C:\Users\33091\IdeaProjects\DatabaseCompare) 
2024-03-21 22:23:42,390 [main] INFO  icu.greenlemon.databasecompare.DatabaseCompareApplication       634   -No active profile set, falling back to 1 default profile: "default" 
2024-03-21 22:23:43,054 [main] INFO  icu.greenlemon.databasecompare.service.DataService              42    -开始读取元数据 
2024-03-21 22:24:35,682 [main] INFO  icu.greenlemon.databasecompare.DatabaseCompareApplication       55    -Starting DatabaseCompareApplication using Java 1.8.0_302 on GreenLemon with PID 110024 (C:\Users\33091\IdeaProjects\DatabaseCompare\target\classes started by 33091 in C:\Users\33091\IdeaProjects\DatabaseCompare) 
2024-03-21 22:24:35,684 [main] INFO  icu.greenlemon.databasecompare.DatabaseCompareApplication       634   -No active profile set, falling back to 1 default profile: "default" 
2024-03-21 22:24:36,282 [main] INFO  icu.greenlemon.databasecompare.service.DataService              42    -开始读取元数据 
2024-03-21 22:25:04,311 [main] INFO  icu.greenlemon.databasecompare.DatabaseCompareApplication       55    -Starting DatabaseCompareApplication using Java 1.8.0_302 on GreenLemon with PID 120212 (C:\Users\33091\IdeaProjects\DatabaseCompare\target\classes started by 33091 in C:\Users\33091\IdeaProjects\DatabaseCompare) 
2024-03-21 22:25:04,313 [main] INFO  icu.greenlemon.databasecompare.DatabaseCompareApplication       634   -No active profile set, falling back to 1 default profile: "default" 
2024-03-21 22:25:04,887 [main] INFO  icu.greenlemon.databasecompare.service.DataService              42    -开始读取元数据 
2024-03-21 22:25:26,804 [main] INFO  icu.greenlemon.databasecompare.service.DataService              52    -元数据处理完成 
2024-03-21 22:25:27,049 [main] INFO  icu.greenlemon.databasecompare.DatabaseCompareApplication       61    -Started DatabaseCompareApplication in 22.981 seconds (JVM running for 23.548) 
2024-03-21 22:27:29,684 [main] INFO  icu.greenlemon.databasecompare.DatabaseCompareApplication       55    -Starting DatabaseCompareApplication using Java 1.8.0_302 on GreenLemon with PID 119100 (C:\Users\33091\IdeaProjects\DatabaseCompare\target\classes started by 33091 in C:\Users\33091\IdeaProjects\DatabaseCompare) 
2024-03-21 22:27:29,686 [main] INFO  icu.greenlemon.databasecompare.DatabaseCompareApplication       634   -No active profile set, falling back to 1 default profile: "default" 
2024-03-21 22:27:30,292 [main] INFO  icu.greenlemon.databasecompare.service.DataService              42    -开始读取元数据 
2024-03-21 22:27:51,552 [main] INFO  icu.greenlemon.databasecompare.service.DataService              52    -元数据处理完成 
2024-03-21 22:27:51,794 [main] INFO  icu.greenlemon.databasecompare.DatabaseCompareApplication       61    -Started DatabaseCompareApplication in 22.359 seconds (JVM running for 22.93) 
2024-03-21 22:27:53,974 [http-nio-8888-exec-4] ERROR icu.greenlemon.databasecompare.handler.GlobalExceptionHandler 21    -      
java.lang.NullPointerException: null
	at java.util.HashSet.<init>(HashSet.java:119)
	at icu.greenlemon.databasecompare.bizservice.BizService.lambda$getBothContainsTableMap$7(BizService.java:145)
	at java.util.ArrayList.forEach(ArrayList.java:1259)
	at icu.greenlemon.databasecompare.bizservice.BizService.getBothContainsTableMap(BizService.java:141)
	at icu.greenlemon.databasecompare.bizservice.BizService.getTableDifference(BizService.java:40)
	at icu.greenlemon.databasecompare.controller.CompareController.getTableDifference(CompareController.java:33)
	at sun.reflect.NativeMethodAccessorImpl.invoke0(Native Method)
	at sun.reflect.NativeMethodAccessorImpl.invoke(NativeMethodAccessorImpl.java:62)
	at sun.reflect.DelegatingMethodAccessorImpl.invoke(DelegatingMethodAccessorImpl.java:43)
	at java.lang.reflect.Method.invoke(Method.java:498)
	at org.springframework.web.method.support.InvocableHandlerMethod.doInvoke(InvocableHandlerMethod.java:205)
	at org.springframework.web.method.support.InvocableHandlerMethod.invokeForRequest(InvocableHandlerMethod.java:150)
	at org.springframework.web.servlet.mvc.method.annotation.ServletInvocableHandlerMethod.invokeAndHandle(ServletInvocableHandlerMethod.java:117)
	at org.springframework.web.servlet.mvc.method.annotation.RequestMappingHandlerAdapter.invokeHandlerMethod(RequestMappingHandlerAdapter.java:895)
	at org.springframework.web.servlet.mvc.method.annotation.RequestMappingHandlerAdapter.handleInternal(RequestMappingHandlerAdapter.java:808)
	at org.springframework.web.servlet.mvc.method.AbstractHandlerMethodAdapter.handle(AbstractHandlerMethodAdapter.java:87)
	at org.springframework.web.servlet.DispatcherServlet.doDispatch(DispatcherServlet.java:1071)
	at org.springframework.web.servlet.DispatcherServlet.doService(DispatcherServlet.java:964)
	at org.springframework.web.servlet.FrameworkServlet.processRequest(FrameworkServlet.java:1006)
	at org.springframework.web.servlet.FrameworkServlet.doGet(FrameworkServlet.java:898)
	at javax.servlet.http.HttpServlet.service(HttpServlet.java:670)
	at org.springframework.web.servlet.FrameworkServlet.service(FrameworkServlet.java:883)
	at javax.servlet.http.HttpServlet.service(HttpServlet.java:779)
	at org.apache.catalina.core.ApplicationFilterChain.internalDoFilter(ApplicationFilterChain.java:227)
	at org.apache.catalina.core.ApplicationFilterChain.doFilter(ApplicationFilterChain.java:162)
	at org.apache.tomcat.websocket.server.WsFilter.doFilter(WsFilter.java:53)
	at org.apache.catalina.core.ApplicationFilterChain.internalDoFilter(ApplicationFilterChain.java:189)
	at org.apache.catalina.core.ApplicationFilterChain.doFilter(ApplicationFilterChain.java:162)
	at org.springframework.web.filter.RequestContextFilter.doFilterInternal(RequestContextFilter.java:100)
	at org.springframework.web.filter.OncePerRequestFilter.doFilter(OncePerRequestFilter.java:117)
	at org.apache.catalina.core.ApplicationFilterChain.internalDoFilter(ApplicationFilterChain.java:189)
	at org.apache.catalina.core.ApplicationFilterChain.doFilter(ApplicationFilterChain.java:162)
	at org.springframework.web.filter.FormContentFilter.doFilterInternal(FormContentFilter.java:93)
	at org.springframework.web.filter.OncePerRequestFilter.doFilter(OncePerRequestFilter.java:117)
	at org.apache.catalina.core.ApplicationFilterChain.internalDoFilter(ApplicationFilterChain.java:189)
	at org.apache.catalina.core.ApplicationFilterChain.doFilter(ApplicationFilterChain.java:162)
	at org.springframework.web.filter.CharacterEncodingFilter.doFilterInternal(CharacterEncodingFilter.java:201)
	at org.springframework.web.filter.OncePerRequestFilter.doFilter(OncePerRequestFilter.java:117)
	at org.apache.catalina.core.ApplicationFilterChain.internalDoFilter(ApplicationFilterChain.java:189)
	at org.apache.catalina.core.ApplicationFilterChain.doFilter(ApplicationFilterChain.java:162)
	at org.apache.catalina.core.StandardWrapperValve.invoke(StandardWrapperValve.java:197)
	at org.apache.catalina.core.StandardContextValve.invoke(StandardContextValve.java:97)
	at org.apache.catalina.authenticator.AuthenticatorBase.invoke(AuthenticatorBase.java:541)
	at org.apache.catalina.core.StandardHostValve.invoke(StandardHostValve.java:135)
	at org.apache.catalina.valves.ErrorReportValve.invoke(ErrorReportValve.java:92)
	at org.apache.catalina.core.StandardEngineValve.invoke(StandardEngineValve.java:78)
	at org.apache.catalina.connector.CoyoteAdapter.service(CoyoteAdapter.java:360)
	at org.apache.coyote.http11.Http11Processor.service(Http11Processor.java:399)
	at org.apache.coyote.AbstractProcessorLight.process(AbstractProcessorLight.java:65)
	at org.apache.coyote.AbstractProtocol$ConnectionHandler.process(AbstractProtocol.java:893)
	at org.apache.tomcat.util.net.NioEndpoint$SocketProcessor.doRun(NioEndpoint.java:1789)
	at org.apache.tomcat.util.net.SocketProcessorBase.run(SocketProcessorBase.java:49)
	at org.apache.tomcat.util.threads.ThreadPoolExecutor.runWorker(ThreadPoolExecutor.java:1191)
	at org.apache.tomcat.util.threads.ThreadPoolExecutor$Worker.run(ThreadPoolExecutor.java:659)
	at org.apache.tomcat.util.threads.TaskThread$WrappingRunnable.run(TaskThread.java:61)
	at java.lang.Thread.run(Thread.java:748)
