2024-04-13 11:07:00,257 [http-nio-8888-exec-7] ERROR icu.greenlemon.databasecompare.handler.GlobalExceptionHandler 21    -      
java.lang.NullPointerException: null
	at java.util.HashSet.<init>(HashSet.java:119)
	at icu.greenlemon.databasecompare.bizservice.BizService.lambda$getBothContainsTableMap$7(BizService.java:145)
	at java.util.ArrayList.forEach(ArrayList.java:1259)
	at icu.greenlemon.databasecompare.bizservice.BizService.getBothContainsTableMap(BizService.java:141)
	at icu.greenlemon.databasecompare.bizservice.BizService.getTableDifference(BizService.java:40)
	at icu.greenlemon.databasecompare.controller.CompareController.getTableDifference(CompareController.java:31)
	at sun.reflect.NativeMethodAccessorImpl.invoke0(Native Method)
	at sun.reflect.NativeMethodAccessorImpl.invoke(NativeMethodAccessorImpl.java:62)
	at sun.reflect.DelegatingMethodAccessorImpl.invoke(DelegatingMethodAccessorImpl.java:43)
	at java.lang.reflect.Method.invoke(Method.java:498)
	at org.springframework.web.method.support.InvocableHandlerMethod.doInvoke(InvocableHandlerMethod.java:205)
	at org.springframework.web.method.support.InvocableHandlerMethod.invokeForRequest(InvocableHandlerMethod.java:150)
	at org.springframework.web.servlet.mvc.method.annotation.ServletInvocableHandlerMethod.invokeAndHandle(ServletInvocableHandlerMethod.java:117)
	at org.springframework.web.servlet.mvc.method.annotation.RequestMappingHandlerAdapter.invokeHandlerMethod(RequestMappingHandlerAdapter.java:895)
	at org.springframework.web.servlet.mvc.method.annotation.RequestMappingHandlerAdapter.handleInternal(RequestMappingHandlerAdapter.java:808)
	at org.springframework.web.servlet.mvc.method.AbstractHandlerMethodAdapter.handle(AbstractHandlerMethodAdapter.java:87)
	at org.springframework.web.servlet.DispatcherServlet.doDispatch(DispatcherServlet.java:1071)
	at org.springframework.web.servlet.DispatcherServlet.doService(DispatcherServlet.java:964)
	at org.springframework.web.servlet.FrameworkServlet.processRequest(FrameworkServlet.java:1006)
	at org.springframework.web.servlet.FrameworkServlet.doGet(FrameworkServlet.java:898)
	at javax.servlet.http.HttpServlet.service(HttpServlet.java:670)
	at org.springframework.web.servlet.FrameworkServlet.service(FrameworkServlet.java:883)
	at javax.servlet.http.HttpServlet.service(HttpServlet.java:779)
	at org.apache.catalina.core.ApplicationFilterChain.internalDoFilter(ApplicationFilterChain.java:227)
	at org.apache.catalina.core.ApplicationFilterChain.doFilter(ApplicationFilterChain.java:162)
	at org.apache.tomcat.websocket.server.WsFilter.doFilter(WsFilter.java:53)
	at org.apache.catalina.core.ApplicationFilterChain.internalDoFilter(ApplicationFilterChain.java:189)
	at org.apache.catalina.core.ApplicationFilterChain.doFilter(ApplicationFilterChain.java:162)
	at org.springframework.web.filter.RequestContextFilter.doFilterInternal(RequestContextFilter.java:100)
	at org.springframework.web.filter.OncePerRequestFilter.doFilter(OncePerRequestFilter.java:117)
	at org.apache.catalina.core.ApplicationFilterChain.internalDoFilter(ApplicationFilterChain.java:189)
	at org.apache.catalina.core.ApplicationFilterChain.doFilter(ApplicationFilterChain.java:162)
	at org.springframework.web.filter.FormContentFilter.doFilterInternal(FormContentFilter.java:93)
	at org.springframework.web.filter.OncePerRequestFilter.doFilter(OncePerRequestFilter.java:117)
	at org.apache.catalina.core.ApplicationFilterChain.internalDoFilter(ApplicationFilterChain.java:189)
	at org.apache.catalina.core.ApplicationFilterChain.doFilter(ApplicationFilterChain.java:162)
	at org.springframework.web.filter.CharacterEncodingFilter.doFilterInternal(CharacterEncodingFilter.java:201)
	at org.springframework.web.filter.OncePerRequestFilter.doFilter(OncePerRequestFilter.java:117)
	at org.apache.catalina.core.ApplicationFilterChain.internalDoFilter(ApplicationFilterChain.java:189)
	at org.apache.catalina.core.ApplicationFilterChain.doFilter(ApplicationFilterChain.java:162)
	at org.apache.catalina.core.StandardWrapperValve.invoke(StandardWrapperValve.java:197)
	at org.apache.catalina.core.StandardContextValve.invoke(StandardContextValve.java:97)
	at org.apache.catalina.authenticator.AuthenticatorBase.invoke(AuthenticatorBase.java:541)
	at org.apache.catalina.core.StandardHostValve.invoke(StandardHostValve.java:135)
	at org.apache.catalina.valves.ErrorReportValve.invoke(ErrorReportValve.java:92)
	at org.apache.catalina.core.StandardEngineValve.invoke(StandardEngineValve.java:78)
	at org.apache.catalina.connector.CoyoteAdapter.service(CoyoteAdapter.java:360)
	at org.apache.coyote.http11.Http11Processor.service(Http11Processor.java:399)
	at org.apache.coyote.AbstractProcessorLight.process(AbstractProcessorLight.java:65)
	at org.apache.coyote.AbstractProtocol$ConnectionHandler.process(AbstractProtocol.java:893)
	at org.apache.tomcat.util.net.NioEndpoint$SocketProcessor.doRun(NioEndpoint.java:1789)
	at org.apache.tomcat.util.net.SocketProcessorBase.run(SocketProcessorBase.java:49)
	at org.apache.tomcat.util.threads.ThreadPoolExecutor.runWorker(ThreadPoolExecutor.java:1191)
	at org.apache.tomcat.util.threads.ThreadPoolExecutor$Worker.run(ThreadPoolExecutor.java:659)
	at org.apache.tomcat.util.threads.TaskThread$WrappingRunnable.run(TaskThread.java:61)
	at java.lang.Thread.run(Thread.java:748)
2024-04-13 11:07:49,971 [http-nio-8888-exec-3] ERROR icu.greenlemon.databasecompare.handler.GlobalExceptionHandler 21    -      
java.lang.NullPointerException: null
	at java.util.HashSet.<init>(HashSet.java:119)
	at icu.greenlemon.databasecompare.bizservice.BizService.lambda$getBothContainsTableMap$7(BizService.java:145)
	at java.util.ArrayList.forEach(ArrayList.java:1259)
	at icu.greenlemon.databasecompare.bizservice.BizService.getBothContainsTableMap(BizService.java:141)
	at icu.greenlemon.databasecompare.bizservice.BizService.getTableDifference(BizService.java:40)
	at icu.greenlemon.databasecompare.controller.CompareController.getTableDifference(CompareController.java:31)
	at sun.reflect.NativeMethodAccessorImpl.invoke0(Native Method)
	at sun.reflect.NativeMethodAccessorImpl.invoke(NativeMethodAccessorImpl.java:62)
	at sun.reflect.DelegatingMethodAccessorImpl.invoke(DelegatingMethodAccessorImpl.java:43)
	at java.lang.reflect.Method.invoke(Method.java:498)
	at org.springframework.web.method.support.InvocableHandlerMethod.doInvoke(InvocableHandlerMethod.java:205)
	at org.springframework.web.method.support.InvocableHandlerMethod.invokeForRequest(InvocableHandlerMethod.java:150)
	at org.springframework.web.servlet.mvc.method.annotation.ServletInvocableHandlerMethod.invokeAndHandle(ServletInvocableHandlerMethod.java:117)
	at org.springframework.web.servlet.mvc.method.annotation.RequestMappingHandlerAdapter.invokeHandlerMethod(RequestMappingHandlerAdapter.java:895)
	at org.springframework.web.servlet.mvc.method.annotation.RequestMappingHandlerAdapter.handleInternal(RequestMappingHandlerAdapter.java:808)
	at org.springframework.web.servlet.mvc.method.AbstractHandlerMethodAdapter.handle(AbstractHandlerMethodAdapter.java:87)
	at org.springframework.web.servlet.DispatcherServlet.doDispatch(DispatcherServlet.java:1071)
	at org.springframework.web.servlet.DispatcherServlet.doService(DispatcherServlet.java:964)
	at org.springframework.web.servlet.FrameworkServlet.processRequest(FrameworkServlet.java:1006)
	at org.springframework.web.servlet.FrameworkServlet.doGet(FrameworkServlet.java:898)
	at javax.servlet.http.HttpServlet.service(HttpServlet.java:670)
	at org.springframework.web.servlet.FrameworkServlet.service(FrameworkServlet.java:883)
	at javax.servlet.http.HttpServlet.service(HttpServlet.java:779)
	at org.apache.catalina.core.ApplicationFilterChain.internalDoFilter(ApplicationFilterChain.java:227)
	at org.apache.catalina.core.ApplicationFilterChain.doFilter(ApplicationFilterChain.java:162)
	at org.apache.tomcat.websocket.server.WsFilter.doFilter(WsFilter.java:53)
	at org.apache.catalina.core.ApplicationFilterChain.internalDoFilter(ApplicationFilterChain.java:189)
	at org.apache.catalina.core.ApplicationFilterChain.doFilter(ApplicationFilterChain.java:162)
	at org.springframework.web.filter.RequestContextFilter.doFilterInternal(RequestContextFilter.java:100)
	at org.springframework.web.filter.OncePerRequestFilter.doFilter(OncePerRequestFilter.java:117)
	at org.apache.catalina.core.ApplicationFilterChain.internalDoFilter(ApplicationFilterChain.java:189)
	at org.apache.catalina.core.ApplicationFilterChain.doFilter(ApplicationFilterChain.java:162)
	at org.springframework.web.filter.FormContentFilter.doFilterInternal(FormContentFilter.java:93)
	at org.springframework.web.filter.OncePerRequestFilter.doFilter(OncePerRequestFilter.java:117)
	at org.apache.catalina.core.ApplicationFilterChain.internalDoFilter(ApplicationFilterChain.java:189)
	at org.apache.catalina.core.ApplicationFilterChain.doFilter(ApplicationFilterChain.java:162)
	at org.springframework.web.filter.CharacterEncodingFilter.doFilterInternal(CharacterEncodingFilter.java:201)
	at org.springframework.web.filter.OncePerRequestFilter.doFilter(OncePerRequestFilter.java:117)
	at org.apache.catalina.core.ApplicationFilterChain.internalDoFilter(ApplicationFilterChain.java:189)
	at org.apache.catalina.core.ApplicationFilterChain.doFilter(ApplicationFilterChain.java:162)
	at org.apache.catalina.core.StandardWrapperValve.invoke(StandardWrapperValve.java:197)
	at org.apache.catalina.core.StandardContextValve.invoke(StandardContextValve.java:97)
	at org.apache.catalina.authenticator.AuthenticatorBase.invoke(AuthenticatorBase.java:541)
	at org.apache.catalina.core.StandardHostValve.invoke(StandardHostValve.java:135)
	at org.apache.catalina.valves.ErrorReportValve.invoke(ErrorReportValve.java:92)
	at org.apache.catalina.core.StandardEngineValve.invoke(StandardEngineValve.java:78)
	at org.apache.catalina.connector.CoyoteAdapter.service(CoyoteAdapter.java:360)
	at org.apache.coyote.http11.Http11Processor.service(Http11Processor.java:399)
	at org.apache.coyote.AbstractProcessorLight.process(AbstractProcessorLight.java:65)
	at org.apache.coyote.AbstractProtocol$ConnectionHandler.process(AbstractProtocol.java:893)
	at org.apache.tomcat.util.net.NioEndpoint$SocketProcessor.doRun(NioEndpoint.java:1789)
	at org.apache.tomcat.util.net.SocketProcessorBase.run(SocketProcessorBase.java:49)
	at org.apache.tomcat.util.threads.ThreadPoolExecutor.runWorker(ThreadPoolExecutor.java:1191)
	at org.apache.tomcat.util.threads.ThreadPoolExecutor$Worker.run(ThreadPoolExecutor.java:659)
	at org.apache.tomcat.util.threads.TaskThread$WrappingRunnable.run(TaskThread.java:61)
	at java.lang.Thread.run(Thread.java:748)
2024-04-13 11:18:08,065 [http-nio-8888-exec-6] ERROR icu.greenlemon.databasecompare.handler.GlobalExceptionHandler 21    -      
java.lang.NullPointerException: null
	at java.util.HashSet.<init>(HashSet.java:119)
	at icu.greenlemon.databasecompare.bizservice.BizService.lambda$getBothContainsTableMap$7(BizService.java:145)
	at java.util.ArrayList.forEach(ArrayList.java:1259)
	at icu.greenlemon.databasecompare.bizservice.BizService.getBothContainsTableMap(BizService.java:141)
	at icu.greenlemon.databasecompare.bizservice.BizService.getTableDifference(BizService.java:40)
	at icu.greenlemon.databasecompare.controller.CompareController.getTableDifference(CompareController.java:31)
	at sun.reflect.NativeMethodAccessorImpl.invoke0(Native Method)
	at sun.reflect.NativeMethodAccessorImpl.invoke(NativeMethodAccessorImpl.java:62)
	at sun.reflect.DelegatingMethodAccessorImpl.invoke(DelegatingMethodAccessorImpl.java:43)
	at java.lang.reflect.Method.invoke(Method.java:498)
	at org.springframework.web.method.support.InvocableHandlerMethod.doInvoke(InvocableHandlerMethod.java:205)
	at org.springframework.web.method.support.InvocableHandlerMethod.invokeForRequest(InvocableHandlerMethod.java:150)
	at org.springframework.web.servlet.mvc.method.annotation.ServletInvocableHandlerMethod.invokeAndHandle(ServletInvocableHandlerMethod.java:117)
	at org.springframework.web.servlet.mvc.method.annotation.RequestMappingHandlerAdapter.invokeHandlerMethod(RequestMappingHandlerAdapter.java:895)
	at org.springframework.web.servlet.mvc.method.annotation.RequestMappingHandlerAdapter.handleInternal(RequestMappingHandlerAdapter.java:808)
	at org.springframework.web.servlet.mvc.method.AbstractHandlerMethodAdapter.handle(AbstractHandlerMethodAdapter.java:87)
	at org.springframework.web.servlet.DispatcherServlet.doDispatch(DispatcherServlet.java:1071)
	at org.springframework.web.servlet.DispatcherServlet.doService(DispatcherServlet.java:964)
	at org.springframework.web.servlet.FrameworkServlet.processRequest(FrameworkServlet.java:1006)
	at org.springframework.web.servlet.FrameworkServlet.doGet(FrameworkServlet.java:898)
	at javax.servlet.http.HttpServlet.service(HttpServlet.java:670)
	at org.springframework.web.servlet.FrameworkServlet.service(FrameworkServlet.java:883)
	at javax.servlet.http.HttpServlet.service(HttpServlet.java:779)
	at org.apache.catalina.core.ApplicationFilterChain.internalDoFilter(ApplicationFilterChain.java:227)
	at org.apache.catalina.core.ApplicationFilterChain.doFilter(ApplicationFilterChain.java:162)
	at org.apache.tomcat.websocket.server.WsFilter.doFilter(WsFilter.java:53)
	at org.apache.catalina.core.ApplicationFilterChain.internalDoFilter(ApplicationFilterChain.java:189)
	at org.apache.catalina.core.ApplicationFilterChain.doFilter(ApplicationFilterChain.java:162)
	at org.springframework.web.filter.RequestContextFilter.doFilterInternal(RequestContextFilter.java:100)
	at org.springframework.web.filter.OncePerRequestFilter.doFilter(OncePerRequestFilter.java:117)
	at org.apache.catalina.core.ApplicationFilterChain.internalDoFilter(ApplicationFilterChain.java:189)
	at org.apache.catalina.core.ApplicationFilterChain.doFilter(ApplicationFilterChain.java:162)
	at org.springframework.web.filter.FormContentFilter.doFilterInternal(FormContentFilter.java:93)
	at org.springframework.web.filter.OncePerRequestFilter.doFilter(OncePerRequestFilter.java:117)
	at org.apache.catalina.core.ApplicationFilterChain.internalDoFilter(ApplicationFilterChain.java:189)
	at org.apache.catalina.core.ApplicationFilterChain.doFilter(ApplicationFilterChain.java:162)
	at org.springframework.web.filter.CharacterEncodingFilter.doFilterInternal(CharacterEncodingFilter.java:201)
	at org.springframework.web.filter.OncePerRequestFilter.doFilter(OncePerRequestFilter.java:117)
	at org.apache.catalina.core.ApplicationFilterChain.internalDoFilter(ApplicationFilterChain.java:189)
	at org.apache.catalina.core.ApplicationFilterChain.doFilter(ApplicationFilterChain.java:162)
	at org.apache.catalina.core.StandardWrapperValve.invoke(StandardWrapperValve.java:197)
	at org.apache.catalina.core.StandardContextValve.invoke(StandardContextValve.java:97)
	at org.apache.catalina.authenticator.AuthenticatorBase.invoke(AuthenticatorBase.java:541)
	at org.apache.catalina.core.StandardHostValve.invoke(StandardHostValve.java:135)
	at org.apache.catalina.valves.ErrorReportValve.invoke(ErrorReportValve.java:92)
	at org.apache.catalina.core.StandardEngineValve.invoke(StandardEngineValve.java:78)
	at org.apache.catalina.connector.CoyoteAdapter.service(CoyoteAdapter.java:360)
	at org.apache.coyote.http11.Http11Processor.service(Http11Processor.java:399)
	at org.apache.coyote.AbstractProcessorLight.process(AbstractProcessorLight.java:65)
	at org.apache.coyote.AbstractProtocol$ConnectionHandler.process(AbstractProtocol.java:893)
	at org.apache.tomcat.util.net.NioEndpoint$SocketProcessor.doRun(NioEndpoint.java:1789)
	at org.apache.tomcat.util.net.SocketProcessorBase.run(SocketProcessorBase.java:49)
	at org.apache.tomcat.util.threads.ThreadPoolExecutor.runWorker(ThreadPoolExecutor.java:1191)
	at org.apache.tomcat.util.threads.ThreadPoolExecutor$Worker.run(ThreadPoolExecutor.java:659)
	at org.apache.tomcat.util.threads.TaskThread$WrappingRunnable.run(TaskThread.java:61)
	at java.lang.Thread.run(Thread.java:748)
2024-04-13 11:18:09,296 [http-nio-8888-exec-7] ERROR icu.greenlemon.databasecompare.handler.GlobalExceptionHandler 21    -      
java.lang.NullPointerException: null
	at java.util.HashSet.<init>(HashSet.java:119)
	at icu.greenlemon.databasecompare.bizservice.BizService.lambda$getBothContainsTableMap$7(BizService.java:145)
	at java.util.ArrayList.forEach(ArrayList.java:1259)
	at icu.greenlemon.databasecompare.bizservice.BizService.getBothContainsTableMap(BizService.java:141)
	at icu.greenlemon.databasecompare.bizservice.BizService.getFieldDifference(BizService.java:63)
	at icu.greenlemon.databasecompare.controller.CompareController.getFieldDifference(CompareController.java:36)
	at sun.reflect.NativeMethodAccessorImpl.invoke0(Native Method)
	at sun.reflect.NativeMethodAccessorImpl.invoke(NativeMethodAccessorImpl.java:62)
	at sun.reflect.DelegatingMethodAccessorImpl.invoke(DelegatingMethodAccessorImpl.java:43)
	at java.lang.reflect.Method.invoke(Method.java:498)
	at org.springframework.web.method.support.InvocableHandlerMethod.doInvoke(InvocableHandlerMethod.java:205)
	at org.springframework.web.method.support.InvocableHandlerMethod.invokeForRequest(InvocableHandlerMethod.java:150)
	at org.springframework.web.servlet.mvc.method.annotation.ServletInvocableHandlerMethod.invokeAndHandle(ServletInvocableHandlerMethod.java:117)
	at org.springframework.web.servlet.mvc.method.annotation.RequestMappingHandlerAdapter.invokeHandlerMethod(RequestMappingHandlerAdapter.java:895)
	at org.springframework.web.servlet.mvc.method.annotation.RequestMappingHandlerAdapter.handleInternal(RequestMappingHandlerAdapter.java:808)
	at org.springframework.web.servlet.mvc.method.AbstractHandlerMethodAdapter.handle(AbstractHandlerMethodAdapter.java:87)
	at org.springframework.web.servlet.DispatcherServlet.doDispatch(DispatcherServlet.java:1071)
	at org.springframework.web.servlet.DispatcherServlet.doService(DispatcherServlet.java:964)
	at org.springframework.web.servlet.FrameworkServlet.processRequest(FrameworkServlet.java:1006)
	at org.springframework.web.servlet.FrameworkServlet.doGet(FrameworkServlet.java:898)
	at javax.servlet.http.HttpServlet.service(HttpServlet.java:670)
	at org.springframework.web.servlet.FrameworkServlet.service(FrameworkServlet.java:883)
	at javax.servlet.http.HttpServlet.service(HttpServlet.java:779)
	at org.apache.catalina.core.ApplicationFilterChain.internalDoFilter(ApplicationFilterChain.java:227)
	at org.apache.catalina.core.ApplicationFilterChain.doFilter(ApplicationFilterChain.java:162)
	at org.apache.tomcat.websocket.server.WsFilter.doFilter(WsFilter.java:53)
	at org.apache.catalina.core.ApplicationFilterChain.internalDoFilter(ApplicationFilterChain.java:189)
	at org.apache.catalina.core.ApplicationFilterChain.doFilter(ApplicationFilterChain.java:162)
	at org.springframework.web.filter.RequestContextFilter.doFilterInternal(RequestContextFilter.java:100)
	at org.springframework.web.filter.OncePerRequestFilter.doFilter(OncePerRequestFilter.java:117)
	at org.apache.catalina.core.ApplicationFilterChain.internalDoFilter(ApplicationFilterChain.java:189)
	at org.apache.catalina.core.ApplicationFilterChain.doFilter(ApplicationFilterChain.java:162)
	at org.springframework.web.filter.FormContentFilter.doFilterInternal(FormContentFilter.java:93)
	at org.springframework.web.filter.OncePerRequestFilter.doFilter(OncePerRequestFilter.java:117)
	at org.apache.catalina.core.ApplicationFilterChain.internalDoFilter(ApplicationFilterChain.java:189)
	at org.apache.catalina.core.ApplicationFilterChain.doFilter(ApplicationFilterChain.java:162)
	at org.springframework.web.filter.CharacterEncodingFilter.doFilterInternal(CharacterEncodingFilter.java:201)
	at org.springframework.web.filter.OncePerRequestFilter.doFilter(OncePerRequestFilter.java:117)
	at org.apache.catalina.core.ApplicationFilterChain.internalDoFilter(ApplicationFilterChain.java:189)
	at org.apache.catalina.core.ApplicationFilterChain.doFilter(ApplicationFilterChain.java:162)
	at org.apache.catalina.core.StandardWrapperValve.invoke(StandardWrapperValve.java:197)
	at org.apache.catalina.core.StandardContextValve.invoke(StandardContextValve.java:97)
	at org.apache.catalina.authenticator.AuthenticatorBase.invoke(AuthenticatorBase.java:541)
	at org.apache.catalina.core.StandardHostValve.invoke(StandardHostValve.java:135)
	at org.apache.catalina.valves.ErrorReportValve.invoke(ErrorReportValve.java:92)
	at org.apache.catalina.core.StandardEngineValve.invoke(StandardEngineValve.java:78)
	at org.apache.catalina.connector.CoyoteAdapter.service(CoyoteAdapter.java:360)
	at org.apache.coyote.http11.Http11Processor.service(Http11Processor.java:399)
	at org.apache.coyote.AbstractProcessorLight.process(AbstractProcessorLight.java:65)
	at org.apache.coyote.AbstractProtocol$ConnectionHandler.process(AbstractProtocol.java:893)
	at org.apache.tomcat.util.net.NioEndpoint$SocketProcessor.doRun(NioEndpoint.java:1789)
	at org.apache.tomcat.util.net.SocketProcessorBase.run(SocketProcessorBase.java:49)
	at org.apache.tomcat.util.threads.ThreadPoolExecutor.runWorker(ThreadPoolExecutor.java:1191)
	at org.apache.tomcat.util.threads.ThreadPoolExecutor$Worker.run(ThreadPoolExecutor.java:659)
	at org.apache.tomcat.util.threads.TaskThread$WrappingRunnable.run(TaskThread.java:61)
	at java.lang.Thread.run(Thread.java:748)
2024-04-13 11:18:10,184 [http-nio-8888-exec-8] ERROR icu.greenlemon.databasecompare.handler.GlobalExceptionHandler 21    -      
java.lang.NullPointerException: null
	at java.util.HashSet.<init>(HashSet.java:119)
	at icu.greenlemon.databasecompare.bizservice.BizService.lambda$getBothContainsTableMap$7(BizService.java:145)
	at java.util.ArrayList.forEach(ArrayList.java:1259)
	at icu.greenlemon.databasecompare.bizservice.BizService.getBothContainsTableMap(BizService.java:141)
	at icu.greenlemon.databasecompare.bizservice.BizService.getTableDifference(BizService.java:40)
	at icu.greenlemon.databasecompare.controller.CompareController.getTableDifference(CompareController.java:31)
	at sun.reflect.NativeMethodAccessorImpl.invoke0(Native Method)
	at sun.reflect.NativeMethodAccessorImpl.invoke(NativeMethodAccessorImpl.java:62)
	at sun.reflect.DelegatingMethodAccessorImpl.invoke(DelegatingMethodAccessorImpl.java:43)
	at java.lang.reflect.Method.invoke(Method.java:498)
	at org.springframework.web.method.support.InvocableHandlerMethod.doInvoke(InvocableHandlerMethod.java:205)
	at org.springframework.web.method.support.InvocableHandlerMethod.invokeForRequest(InvocableHandlerMethod.java:150)
	at org.springframework.web.servlet.mvc.method.annotation.ServletInvocableHandlerMethod.invokeAndHandle(ServletInvocableHandlerMethod.java:117)
	at org.springframework.web.servlet.mvc.method.annotation.RequestMappingHandlerAdapter.invokeHandlerMethod(RequestMappingHandlerAdapter.java:895)
	at org.springframework.web.servlet.mvc.method.annotation.RequestMappingHandlerAdapter.handleInternal(RequestMappingHandlerAdapter.java:808)
	at org.springframework.web.servlet.mvc.method.AbstractHandlerMethodAdapter.handle(AbstractHandlerMethodAdapter.java:87)
	at org.springframework.web.servlet.DispatcherServlet.doDispatch(DispatcherServlet.java:1071)
	at org.springframework.web.servlet.DispatcherServlet.doService(DispatcherServlet.java:964)
	at org.springframework.web.servlet.FrameworkServlet.processRequest(FrameworkServlet.java:1006)
	at org.springframework.web.servlet.FrameworkServlet.doGet(FrameworkServlet.java:898)
	at javax.servlet.http.HttpServlet.service(HttpServlet.java:670)
	at org.springframework.web.servlet.FrameworkServlet.service(FrameworkServlet.java:883)
	at javax.servlet.http.HttpServlet.service(HttpServlet.java:779)
	at org.apache.catalina.core.ApplicationFilterChain.internalDoFilter(ApplicationFilterChain.java:227)
	at org.apache.catalina.core.ApplicationFilterChain.doFilter(ApplicationFilterChain.java:162)
	at org.apache.tomcat.websocket.server.WsFilter.doFilter(WsFilter.java:53)
	at org.apache.catalina.core.ApplicationFilterChain.internalDoFilter(ApplicationFilterChain.java:189)
	at org.apache.catalina.core.ApplicationFilterChain.doFilter(ApplicationFilterChain.java:162)
	at org.springframework.web.filter.RequestContextFilter.doFilterInternal(RequestContextFilter.java:100)
	at org.springframework.web.filter.OncePerRequestFilter.doFilter(OncePerRequestFilter.java:117)
	at org.apache.catalina.core.ApplicationFilterChain.internalDoFilter(ApplicationFilterChain.java:189)
	at org.apache.catalina.core.ApplicationFilterChain.doFilter(ApplicationFilterChain.java:162)
	at org.springframework.web.filter.FormContentFilter.doFilterInternal(FormContentFilter.java:93)
	at org.springframework.web.filter.OncePerRequestFilter.doFilter(OncePerRequestFilter.java:117)
	at org.apache.catalina.core.ApplicationFilterChain.internalDoFilter(ApplicationFilterChain.java:189)
	at org.apache.catalina.core.ApplicationFilterChain.doFilter(ApplicationFilterChain.java:162)
	at org.springframework.web.filter.CharacterEncodingFilter.doFilterInternal(CharacterEncodingFilter.java:201)
	at org.springframework.web.filter.OncePerRequestFilter.doFilter(OncePerRequestFilter.java:117)
	at org.apache.catalina.core.ApplicationFilterChain.internalDoFilter(ApplicationFilterChain.java:189)
	at org.apache.catalina.core.ApplicationFilterChain.doFilter(ApplicationFilterChain.java:162)
	at org.apache.catalina.core.StandardWrapperValve.invoke(StandardWrapperValve.java:197)
	at org.apache.catalina.core.StandardContextValve.invoke(StandardContextValve.java:97)
	at org.apache.catalina.authenticator.AuthenticatorBase.invoke(AuthenticatorBase.java:541)
	at org.apache.catalina.core.StandardHostValve.invoke(StandardHostValve.java:135)
	at org.apache.catalina.valves.ErrorReportValve.invoke(ErrorReportValve.java:92)
	at org.apache.catalina.core.StandardEngineValve.invoke(StandardEngineValve.java:78)
	at org.apache.catalina.connector.CoyoteAdapter.service(CoyoteAdapter.java:360)
	at org.apache.coyote.http11.Http11Processor.service(Http11Processor.java:399)
	at org.apache.coyote.AbstractProcessorLight.process(AbstractProcessorLight.java:65)
	at org.apache.coyote.AbstractProtocol$ConnectionHandler.process(AbstractProtocol.java:893)
	at org.apache.tomcat.util.net.NioEndpoint$SocketProcessor.doRun(NioEndpoint.java:1789)
	at org.apache.tomcat.util.net.SocketProcessorBase.run(SocketProcessorBase.java:49)
	at org.apache.tomcat.util.threads.ThreadPoolExecutor.runWorker(ThreadPoolExecutor.java:1191)
	at org.apache.tomcat.util.threads.ThreadPoolExecutor$Worker.run(ThreadPoolExecutor.java:659)
	at org.apache.tomcat.util.threads.TaskThread$WrappingRunnable.run(TaskThread.java:61)
	at java.lang.Thread.run(Thread.java:748)
2024-04-13 12:08:07,302 [main] INFO  icu.greenlemon.databasecompare.DatabaseCompareApplication       55    -Starting DatabaseCompareApplication using Java 1.8.0_302 on GreenLemon with PID 27336 (C:\Users\33091\IdeaProjects\DatabaseCompare\target\classes started by 33091 in C:\Users\33091\IdeaProjects\DatabaseCompare) 
2024-04-13 12:08:07,304 [main] INFO  icu.greenlemon.databasecompare.DatabaseCompareApplication       634   -No active profile set, falling back to 1 default profile: "default" 
2024-04-13 12:08:07,899 [main] INFO  icu.greenlemon.databasecompare.service.DataService              67    -开始读取元数据 
2024-04-13 12:08:09,303 [main] INFO  icu.greenlemon.databasecompare.service.DataService              93    -开始读取新数据库元数据 
2024-04-13 12:16:50,800 [main] INFO  icu.greenlemon.databasecompare.DatabaseCompareApplication       55    -Starting DatabaseCompareApplication using Java 1.8.0_302 on GreenLemon with PID 29096 (C:\Users\33091\IdeaProjects\DatabaseCompare\target\classes started by 33091 in C:\Users\33091\IdeaProjects\DatabaseCompare) 
2024-04-13 12:16:50,802 [main] INFO  icu.greenlemon.databasecompare.DatabaseCompareApplication       634   -No active profile set, falling back to 1 default profile: "default" 
2024-04-13 12:16:51,417 [main] INFO  icu.greenlemon.databasecompare.service.DataService              67    -开始读取元数据 
2024-04-13 12:16:52,819 [main] INFO  icu.greenlemon.databasecompare.service.DataService              93    -开始读取新数据库元数据 
2024-04-13 12:17:23,406 [main] INFO  icu.greenlemon.databasecompare.service.DataService              102   -元数据处理完成 
2024-04-13 12:17:23,575 [main] INFO  icu.greenlemon.databasecompare.DatabaseCompareApplication       61    -Started DatabaseCompareApplication in 33.114 seconds (JVM running for 33.786) 
2024-04-13 12:34:21,416 [main] INFO  icu.greenlemon.databasecompare.DatabaseCompareApplication       55    -Starting DatabaseCompareApplication using Java 1.8.0_302 on GreenLemon with PID 27016 (C:\Users\33091\IdeaProjects\DatabaseCompare\target\classes started by 33091 in C:\Users\33091\IdeaProjects\DatabaseCompare) 
2024-04-13 12:34:21,418 [main] INFO  icu.greenlemon.databasecompare.DatabaseCompareApplication       634   -No active profile set, falling back to 1 default profile: "default" 
2024-04-13 12:35:25,451 [main] INFO  icu.greenlemon.databasecompare.DatabaseCompareApplication       55    -Starting DatabaseCompareApplication using Java 1.8.0_302 on GreenLemon with PID 15196 (C:\Users\33091\IdeaProjects\DatabaseCompare\target\classes started by 33091 in C:\Users\33091\IdeaProjects\DatabaseCompare) 
2024-04-13 12:35:25,453 [main] INFO  icu.greenlemon.databasecompare.DatabaseCompareApplication       634   -No active profile set, falling back to 1 default profile: "default" 
2024-04-13 12:35:48,281 [main] INFO  icu.greenlemon.databasecompare.DatabaseCompareApplication       61    -Started DatabaseCompareApplication in 23.051 seconds (JVM running for 23.685) 
2024-04-13 12:35:48,501 [http-nio-8888-exec-1] ERROR icu.greenlemon.databasecompare.handler.GlobalExceptionHandler 21    -      
java.lang.NullPointerException: null
	at icu.greenlemon.databasecompare.bizservice.BizService.getDatabaseDifference(BizService.java:24)
	at icu.greenlemon.databasecompare.controller.CompareController.getDatabaseDifference(CompareController.java:26)
	at sun.reflect.NativeMethodAccessorImpl.invoke0(Native Method)
	at sun.reflect.NativeMethodAccessorImpl.invoke(NativeMethodAccessorImpl.java:62)
	at sun.reflect.DelegatingMethodAccessorImpl.invoke(DelegatingMethodAccessorImpl.java:43)
	at java.lang.reflect.Method.invoke(Method.java:498)
	at org.springframework.web.method.support.InvocableHandlerMethod.doInvoke(InvocableHandlerMethod.java:205)
	at org.springframework.web.method.support.InvocableHandlerMethod.invokeForRequest(InvocableHandlerMethod.java:150)
	at org.springframework.web.servlet.mvc.method.annotation.ServletInvocableHandlerMethod.invokeAndHandle(ServletInvocableHandlerMethod.java:117)
	at org.springframework.web.servlet.mvc.method.annotation.RequestMappingHandlerAdapter.invokeHandlerMethod(RequestMappingHandlerAdapter.java:895)
	at org.springframework.web.servlet.mvc.method.annotation.RequestMappingHandlerAdapter.handleInternal(RequestMappingHandlerAdapter.java:808)
	at org.springframework.web.servlet.mvc.method.AbstractHandlerMethodAdapter.handle(AbstractHandlerMethodAdapter.java:87)
	at org.springframework.web.servlet.DispatcherServlet.doDispatch(DispatcherServlet.java:1071)
	at org.springframework.web.servlet.DispatcherServlet.doService(DispatcherServlet.java:964)
	at org.springframework.web.servlet.FrameworkServlet.processRequest(FrameworkServlet.java:1006)
	at org.springframework.web.servlet.FrameworkServlet.doGet(FrameworkServlet.java:898)
	at javax.servlet.http.HttpServlet.service(HttpServlet.java:670)
	at org.springframework.web.servlet.FrameworkServlet.service(FrameworkServlet.java:883)
	at javax.servlet.http.HttpServlet.service(HttpServlet.java:779)
	at org.apache.catalina.core.ApplicationFilterChain.internalDoFilter(ApplicationFilterChain.java:227)
	at org.apache.catalina.core.ApplicationFilterChain.doFilter(ApplicationFilterChain.java:162)
	at org.apache.tomcat.websocket.server.WsFilter.doFilter(WsFilter.java:53)
	at org.apache.catalina.core.ApplicationFilterChain.internalDoFilter(ApplicationFilterChain.java:189)
	at org.apache.catalina.core.ApplicationFilterChain.doFilter(ApplicationFilterChain.java:162)
	at org.springframework.web.filter.RequestContextFilter.doFilterInternal(RequestContextFilter.java:100)
	at org.springframework.web.filter.OncePerRequestFilter.doFilter(OncePerRequestFilter.java:117)
	at org.apache.catalina.core.ApplicationFilterChain.internalDoFilter(ApplicationFilterChain.java:189)
	at org.apache.catalina.core.ApplicationFilterChain.doFilter(ApplicationFilterChain.java:162)
	at org.springframework.web.filter.FormContentFilter.doFilterInternal(FormContentFilter.java:93)
	at org.springframework.web.filter.OncePerRequestFilter.doFilter(OncePerRequestFilter.java:117)
	at org.apache.catalina.core.ApplicationFilterChain.internalDoFilter(ApplicationFilterChain.java:189)
	at org.apache.catalina.core.ApplicationFilterChain.doFilter(ApplicationFilterChain.java:162)
	at org.springframework.web.filter.CharacterEncodingFilter.doFilterInternal(CharacterEncodingFilter.java:201)
	at org.springframework.web.filter.OncePerRequestFilter.doFilter(OncePerRequestFilter.java:117)
	at org.apache.catalina.core.ApplicationFilterChain.internalDoFilter(ApplicationFilterChain.java:189)
	at org.apache.catalina.core.ApplicationFilterChain.doFilter(ApplicationFilterChain.java:162)
	at org.apache.catalina.core.StandardWrapperValve.invoke(StandardWrapperValve.java:197)
	at org.apache.catalina.core.StandardContextValve.invoke(StandardContextValve.java:97)
	at org.apache.catalina.authenticator.AuthenticatorBase.invoke(AuthenticatorBase.java:541)
	at org.apache.catalina.core.StandardHostValve.invoke(StandardHostValve.java:135)
	at org.apache.catalina.valves.ErrorReportValve.invoke(ErrorReportValve.java:92)
	at org.apache.catalina.core.StandardEngineValve.invoke(StandardEngineValve.java:78)
	at org.apache.catalina.connector.CoyoteAdapter.service(CoyoteAdapter.java:360)
	at org.apache.coyote.http11.Http11Processor.service(Http11Processor.java:399)
	at org.apache.coyote.AbstractProcessorLight.process(AbstractProcessorLight.java:65)
	at org.apache.coyote.AbstractProtocol$ConnectionHandler.process(AbstractProtocol.java:893)
	at org.apache.tomcat.util.net.NioEndpoint$SocketProcessor.doRun(NioEndpoint.java:1789)
	at org.apache.tomcat.util.net.SocketProcessorBase.run(SocketProcessorBase.java:49)
	at org.apache.tomcat.util.threads.ThreadPoolExecutor.runWorker(ThreadPoolExecutor.java:1191)
	at org.apache.tomcat.util.threads.ThreadPoolExecutor$Worker.run(ThreadPoolExecutor.java:659)
	at org.apache.tomcat.util.threads.TaskThread$WrappingRunnable.run(TaskThread.java:61)
	at java.lang.Thread.run(Thread.java:748)
2024-04-13 12:37:07,391 [http-nio-8888-exec-4] ERROR icu.greenlemon.databasecompare.handler.GlobalExceptionHandler 21    -      
java.lang.NullPointerException: null
	at icu.greenlemon.databasecompare.bizservice.BizService.getDatabaseDifference(BizService.java:24)
	at icu.greenlemon.databasecompare.controller.CompareController.getDatabaseDifference(CompareController.java:26)
	at sun.reflect.NativeMethodAccessorImpl.invoke0(Native Method)
	at sun.reflect.NativeMethodAccessorImpl.invoke(NativeMethodAccessorImpl.java:62)
	at sun.reflect.DelegatingMethodAccessorImpl.invoke(DelegatingMethodAccessorImpl.java:43)
	at java.lang.reflect.Method.invoke(Method.java:498)
	at org.springframework.web.method.support.InvocableHandlerMethod.doInvoke(InvocableHandlerMethod.java:205)
	at org.springframework.web.method.support.InvocableHandlerMethod.invokeForRequest(InvocableHandlerMethod.java:150)
	at org.springframework.web.servlet.mvc.method.annotation.ServletInvocableHandlerMethod.invokeAndHandle(ServletInvocableHandlerMethod.java:117)
	at org.springframework.web.servlet.mvc.method.annotation.RequestMappingHandlerAdapter.invokeHandlerMethod(RequestMappingHandlerAdapter.java:895)
	at org.springframework.web.servlet.mvc.method.annotation.RequestMappingHandlerAdapter.handleInternal(RequestMappingHandlerAdapter.java:808)
	at org.springframework.web.servlet.mvc.method.AbstractHandlerMethodAdapter.handle(AbstractHandlerMethodAdapter.java:87)
	at org.springframework.web.servlet.DispatcherServlet.doDispatch(DispatcherServlet.java:1071)
	at org.springframework.web.servlet.DispatcherServlet.doService(DispatcherServlet.java:964)
	at org.springframework.web.servlet.FrameworkServlet.processRequest(FrameworkServlet.java:1006)
	at org.springframework.web.servlet.FrameworkServlet.doGet(FrameworkServlet.java:898)
	at javax.servlet.http.HttpServlet.service(HttpServlet.java:670)
	at org.springframework.web.servlet.FrameworkServlet.service(FrameworkServlet.java:883)
	at javax.servlet.http.HttpServlet.service(HttpServlet.java:779)
	at org.apache.catalina.core.ApplicationFilterChain.internalDoFilter(ApplicationFilterChain.java:227)
	at org.apache.catalina.core.ApplicationFilterChain.doFilter(ApplicationFilterChain.java:162)
	at org.apache.tomcat.websocket.server.WsFilter.doFilter(WsFilter.java:53)
	at org.apache.catalina.core.ApplicationFilterChain.internalDoFilter(ApplicationFilterChain.java:189)
	at org.apache.catalina.core.ApplicationFilterChain.doFilter(ApplicationFilterChain.java:162)
	at org.springframework.web.filter.RequestContextFilter.doFilterInternal(RequestContextFilter.java:100)
	at org.springframework.web.filter.OncePerRequestFilter.doFilter(OncePerRequestFilter.java:117)
	at org.apache.catalina.core.ApplicationFilterChain.internalDoFilter(ApplicationFilterChain.java:189)
	at org.apache.catalina.core.ApplicationFilterChain.doFilter(ApplicationFilterChain.java:162)
	at org.springframework.web.filter.FormContentFilter.doFilterInternal(FormContentFilter.java:93)
	at org.springframework.web.filter.OncePerRequestFilter.doFilter(OncePerRequestFilter.java:117)
	at org.apache.catalina.core.ApplicationFilterChain.internalDoFilter(ApplicationFilterChain.java:189)
	at org.apache.catalina.core.ApplicationFilterChain.doFilter(ApplicationFilterChain.java:162)
	at org.springframework.web.filter.CharacterEncodingFilter.doFilterInternal(CharacterEncodingFilter.java:201)
	at org.springframework.web.filter.OncePerRequestFilter.doFilter(OncePerRequestFilter.java:117)
	at org.apache.catalina.core.ApplicationFilterChain.internalDoFilter(ApplicationFilterChain.java:189)
	at org.apache.catalina.core.ApplicationFilterChain.doFilter(ApplicationFilterChain.java:162)
	at org.apache.catalina.core.StandardWrapperValve.invoke(StandardWrapperValve.java:197)
	at org.apache.catalina.core.StandardContextValve.invoke(StandardContextValve.java:97)
	at org.apache.catalina.authenticator.AuthenticatorBase.invoke(AuthenticatorBase.java:541)
	at org.apache.catalina.core.StandardHostValve.invoke(StandardHostValve.java:135)
	at org.apache.catalina.valves.ErrorReportValve.invoke(ErrorReportValve.java:92)
	at org.apache.catalina.core.StandardEngineValve.invoke(StandardEngineValve.java:78)
	at org.apache.catalina.connector.CoyoteAdapter.service(CoyoteAdapter.java:360)
	at org.apache.coyote.http11.Http11Processor.service(Http11Processor.java:399)
	at org.apache.coyote.AbstractProcessorLight.process(AbstractProcessorLight.java:65)
	at org.apache.coyote.AbstractProtocol$ConnectionHandler.process(AbstractProtocol.java:893)
	at org.apache.tomcat.util.net.NioEndpoint$SocketProcessor.doRun(NioEndpoint.java:1789)
	at org.apache.tomcat.util.net.SocketProcessorBase.run(SocketProcessorBase.java:49)
	at org.apache.tomcat.util.threads.ThreadPoolExecutor.runWorker(ThreadPoolExecutor.java:1191)
	at org.apache.tomcat.util.threads.ThreadPoolExecutor$Worker.run(ThreadPoolExecutor.java:659)
	at org.apache.tomcat.util.threads.TaskThread$WrappingRunnable.run(TaskThread.java:61)
	at java.lang.Thread.run(Thread.java:748)
2024-04-13 12:37:17,957 [main] INFO  icu.greenlemon.databasecompare.DatabaseCompareApplication       55    -Starting DatabaseCompareApplication using Java 1.8.0_302 on GreenLemon with PID 20680 (C:\Users\33091\IdeaProjects\DatabaseCompare\target\classes started by 33091 in C:\Users\33091\IdeaProjects\DatabaseCompare) 
2024-04-13 12:37:17,959 [main] INFO  icu.greenlemon.databasecompare.DatabaseCompareApplication       634   -No active profile set, falling back to 1 default profile: "default" 
2024-04-13 12:37:41,175 [main] INFO  icu.greenlemon.databasecompare.DatabaseCompareApplication       61    -Started DatabaseCompareApplication in 23.437 seconds (JVM running for 24.021) 
2024-04-13 12:38:43,077 [main] INFO  icu.greenlemon.databasecompare.DatabaseCompareApplication       55    -Starting DatabaseCompareApplication using Java 1.8.0_302 on GreenLemon with PID 26792 (C:\Users\33091\IdeaProjects\DatabaseCompare\target\classes started by 33091 in C:\Users\33091\IdeaProjects\DatabaseCompare) 
2024-04-13 12:38:43,080 [main] INFO  icu.greenlemon.databasecompare.DatabaseCompareApplication       634   -No active profile set, falling back to 1 default profile: "default" 
2024-04-13 12:39:28,675 [main] INFO  icu.greenlemon.databasecompare.DatabaseCompareApplication       61    -Started DatabaseCompareApplication in 45.863 seconds (JVM running for 46.954) 
2024-04-13 13:36:12,552 [main] INFO  icu.greenlemon.databasecompare.DatabaseCompareApplication       55    -Starting DatabaseCompareApplication using Java 1.8.0_302 on GreenLemon with PID 29128 (C:\Users\33091\IdeaProjects\DatabaseCompare\target\classes started by 33091 in C:\Users\33091\IdeaProjects\DatabaseCompare) 
2024-04-13 13:36:12,554 [main] INFO  icu.greenlemon.databasecompare.DatabaseCompareApplication       634   -No active profile set, falling back to 1 default profile: "default" 
2024-04-13 13:36:13,202 [main] INFO  icu.greenlemon.databasecompare.service.DataService              69    -==>开始初始化 
2024-04-13 13:36:13,572 [main] INFO  icu.greenlemon.databasecompare.service.DataService              93    -==>开始建立数据连接 
2024-04-13 13:36:15,017 [main] INFO  icu.greenlemon.databasecompare.service.DataService              96    -==>数据连接建立成功 
2024-04-13 13:36:15,017 [main] INFO  icu.greenlemon.databasecompare.service.DataService              97    -==>开始获取数据 
2024-04-13 13:36:35,219 [main] INFO  icu.greenlemon.databasecompare.service.DataService              100   -==>数据获取成功 
2024-04-13 13:36:35,221 [main] INFO  icu.greenlemon.databasecompare.service.DataService              103   -==>开始处理数据库 
2024-04-13 13:36:35,222 [main] INFO  icu.greenlemon.databasecompare.service.DataService              105   -==>数据库处理完成 
2024-04-13 13:36:35,222 [main] INFO  icu.greenlemon.databasecompare.service.DataService              106   -==>开始处理表 
2024-04-13 13:37:52,604 [main] INFO  icu.greenlemon.databasecompare.DatabaseCompareApplication       55    -Starting DatabaseCompareApplication using Java 1.8.0_302 on GreenLemon with PID 27172 (C:\Users\33091\IdeaProjects\DatabaseCompare\target\classes started by 33091 in C:\Users\33091\IdeaProjects\DatabaseCompare) 
2024-04-13 13:37:52,606 [main] INFO  icu.greenlemon.databasecompare.DatabaseCompareApplication       634   -No active profile set, falling back to 1 default profile: "default" 
2024-04-13 13:37:53,191 [main] INFO  icu.greenlemon.databasecompare.service.DataService              69    -==>开始初始化 
2024-04-13 13:38:06,999 [main] INFO  icu.greenlemon.databasecompare.DatabaseCompareApplication       55    -Starting DatabaseCompareApplication using Java 1.8.0_302 on GreenLemon with PID 15600 (C:\Users\33091\IdeaProjects\DatabaseCompare\target\classes started by 33091 in C:\Users\33091\IdeaProjects\DatabaseCompare) 
2024-04-13 13:38:07,001 [main] INFO  icu.greenlemon.databasecompare.DatabaseCompareApplication       634   -No active profile set, falling back to 1 default profile: "default" 
2024-04-13 13:38:07,595 [main] INFO  icu.greenlemon.databasecompare.service.DataService              69    -==>开始初始化 
2024-04-13 13:38:08,094 [main] INFO  icu.greenlemon.databasecompare.service.DataService              93    -==>开始建立数据连接 
2024-04-13 13:38:09,593 [main] INFO  icu.greenlemon.databasecompare.service.DataService              96    -==>数据连接建立成功 
2024-04-13 13:38:09,594 [main] INFO  icu.greenlemon.databasecompare.service.DataService              97    -==>开始获取数据 
2024-04-13 13:38:29,832 [main] INFO  icu.greenlemon.databasecompare.service.DataService              100   -==>数据获取成功 
2024-04-13 13:38:29,834 [main] INFO  icu.greenlemon.databasecompare.service.DataService              103   -==>开始处理数据库 
2024-04-13 13:38:29,834 [main] INFO  icu.greenlemon.databasecompare.service.DataService              105   -==>数据库处理完成 
2024-04-13 13:38:29,834 [main] INFO  icu.greenlemon.databasecompare.service.DataService              106   -==>开始处理表 
2024-04-13 13:38:29,835 [main] INFO  icu.greenlemon.databasecompare.service.DataService              108   -==>表处理完成 
2024-04-13 13:38:29,835 [main] INFO  icu.greenlemon.databasecompare.service.DataService              109   -==>开始处理字段 
2024-04-13 13:38:29,841 [main] INFO  icu.greenlemon.databasecompare.service.DataService              111   -==>字段处理完成 
2024-04-13 13:38:29,841 [main] INFO  icu.greenlemon.databasecompare.service.DataService              112   -初始化完成 
2024-04-13 13:38:30,077 [main] INFO  icu.greenlemon.databasecompare.DatabaseCompareApplication       61    -Started DatabaseCompareApplication in 23.314 seconds (JVM running for 23.944) 
2024-04-13 13:43:50,710 [main] INFO  icu.greenlemon.databasecompare.DatabaseCompareApplication       55    -Starting DatabaseCompareApplication using Java 1.8.0_302 on GreenLemon with PID 27772 (C:\Users\33091\IdeaProjects\DatabaseCompare\target\classes started by 33091 in C:\Users\33091\IdeaProjects\DatabaseCompare) 
2024-04-13 13:43:50,712 [main] INFO  icu.greenlemon.databasecompare.DatabaseCompareApplication       634   -No active profile set, falling back to 1 default profile: "default" 
2024-04-13 13:43:51,255 [main] INFO  icu.greenlemon.databasecompare.service.DataService              69    -==>开始初始化 
2024-04-13 13:43:51,666 [main] INFO  icu.greenlemon.databasecompare.service.DataService              93    -==>开始建立数据连接 
2024-04-13 13:43:53,020 [main] INFO  icu.greenlemon.databasecompare.service.DataService              96    -==>数据连接建立成功 
2024-04-13 13:43:53,021 [main] INFO  icu.greenlemon.databasecompare.service.DataService              97    -==>开始获取数据 
2024-04-13 13:44:13,697 [main] INFO  icu.greenlemon.databasecompare.service.DataService              100   -==>数据获取成功 
2024-04-13 13:44:13,698 [main] INFO  icu.greenlemon.databasecompare.service.DataService              103   -==>开始处理数据库 
2024-04-13 13:44:13,699 [main] INFO  icu.greenlemon.databasecompare.service.DataService              105   -==>数据库处理完成 
2024-04-13 13:44:13,699 [main] INFO  icu.greenlemon.databasecompare.service.DataService              106   -==>开始处理表 
2024-04-13 13:44:13,700 [main] INFO  icu.greenlemon.databasecompare.service.DataService              108   -==>表处理完成 
2024-04-13 13:44:13,700 [main] INFO  icu.greenlemon.databasecompare.service.DataService              109   -==>开始处理字段 
2024-04-13 13:44:13,707 [main] INFO  icu.greenlemon.databasecompare.service.DataService              111   -==>字段处理完成 
2024-04-13 13:44:13,707 [main] INFO  icu.greenlemon.databasecompare.service.DataService              112   -初始化完成 
2024-04-13 13:44:13,931 [main] INFO  icu.greenlemon.databasecompare.DatabaseCompareApplication       61    -Started DatabaseCompareApplication in 23.453 seconds (JVM running for 24.061) 
2024-04-13 13:47:36,623 [main] INFO  icu.greenlemon.databasecompare.DatabaseCompareApplication       55    -Starting DatabaseCompareApplication using Java 1.8.0_302 on GreenLemon with PID 29032 (C:\Users\33091\IdeaProjects\DatabaseCompare\target\classes started by 33091 in C:\Users\33091\IdeaProjects\DatabaseCompare) 
2024-04-13 13:47:36,625 [main] INFO  icu.greenlemon.databasecompare.DatabaseCompareApplication       634   -No active profile set, falling back to 1 default profile: "default" 
2024-04-13 13:47:37,212 [main] INFO  icu.greenlemon.databasecompare.service.DataService              69    -==>开始初始化 
2024-04-13 13:47:37,634 [main] INFO  icu.greenlemon.databasecompare.service.DataService              93    -==>开始建立源数据连接 
2024-04-13 13:47:38,500 [main] INFO  icu.greenlemon.databasecompare.service.DataService              95    -==>源数据连接建立成功 
2024-04-13 13:47:38,500 [main] INFO  icu.greenlemon.databasecompare.service.DataService              96    -==>开始建立目标数据连接 
2024-04-13 13:47:39,009 [main] INFO  icu.greenlemon.databasecompare.service.DataService              98    -==>目标数据连接建立成功 
2024-04-13 13:47:39,009 [main] INFO  icu.greenlemon.databasecompare.service.DataService              99    -==>数据连接建立成功 
2024-04-13 13:47:39,009 [main] INFO  icu.greenlemon.databasecompare.service.DataService              100   -==>开始获取源数据 
2024-04-13 13:47:59,123 [main] INFO  icu.greenlemon.databasecompare.DatabaseCompareApplication       55    -Starting DatabaseCompareApplication using Java 1.8.0_302 on GreenLemon with PID 11476 (C:\Users\33091\IdeaProjects\DatabaseCompare\target\classes started by 33091 in C:\Users\33091\IdeaProjects\DatabaseCompare) 
2024-04-13 13:47:59,125 [main] INFO  icu.greenlemon.databasecompare.DatabaseCompareApplication       634   -No active profile set, falling back to 1 default profile: "default" 
2024-04-13 13:47:59,676 [main] INFO  icu.greenlemon.databasecompare.service.DataService              69    -==>开始初始化 
2024-04-13 13:48:00,113 [main] INFO  icu.greenlemon.databasecompare.service.DataService              93    -==>开始建立源数据连接 
2024-04-13 13:48:00,881 [main] INFO  icu.greenlemon.databasecompare.service.DataService              95    -==>源数据连接建立成功 
2024-04-13 13:48:00,881 [main] INFO  icu.greenlemon.databasecompare.service.DataService              96    -==>开始建立目标数据连接 
2024-04-13 13:48:01,390 [main] INFO  icu.greenlemon.databasecompare.service.DataService              98    -==>目标数据连接建立成功 
2024-04-13 13:48:01,391 [main] INFO  icu.greenlemon.databasecompare.service.DataService              99    -==>数据连接建立成功 
2024-04-13 13:48:01,392 [main] INFO  icu.greenlemon.databasecompare.service.DataService              100   -==>开始获取源数据 
2024-04-13 13:48:11,915 [main] INFO  icu.greenlemon.databasecompare.service.DataService              102   -==>源数据获取完成 
2024-04-13 13:48:11,915 [main] INFO  icu.greenlemon.databasecompare.service.DataService              103   -==>开始获取目标数据 
2024-04-13 13:48:21,534 [main] INFO  icu.greenlemon.databasecompare.service.DataService              105   -==>目标数据获取成功 
2024-04-13 13:48:21,535 [main] INFO  icu.greenlemon.databasecompare.service.DataService              108   -==>开始处理数据库 
2024-04-13 13:48:21,536 [main] INFO  icu.greenlemon.databasecompare.service.DataService              110   -==>数据库处理完成 
2024-04-13 13:48:21,536 [main] INFO  icu.greenlemon.databasecompare.service.DataService              111   -==>开始处理表 
2024-04-13 13:48:21,537 [main] INFO  icu.greenlemon.databasecompare.service.DataService              113   -==>表处理完成 
2024-04-13 13:48:21,537 [main] INFO  icu.greenlemon.databasecompare.service.DataService              114   -==>开始处理字段 
2024-04-13 13:48:21,543 [main] INFO  icu.greenlemon.databasecompare.service.DataService              116   -==>字段处理完成 
2024-04-13 13:48:21,543 [main] INFO  icu.greenlemon.databasecompare.service.DataService              117   -初始化完成 
2024-04-13 13:48:21,758 [main] INFO  icu.greenlemon.databasecompare.DatabaseCompareApplication       61    -Started DatabaseCompareApplication in 22.864 seconds (JVM running for 23.5) 
2024-04-13 13:51:41,180 [main] INFO  icu.greenlemon.databasecompare.DatabaseCompareApplication       55    -Starting DatabaseCompareApplication using Java 1.8.0_302 on GreenLemon with PID 5824 (C:\Users\33091\IdeaProjects\DatabaseCompare\target\classes started by 33091 in C:\Users\33091\IdeaProjects\DatabaseCompare) 
2024-04-13 13:51:41,182 [main] INFO  icu.greenlemon.databasecompare.DatabaseCompareApplication       634   -No active profile set, falling back to 1 default profile: "default" 
2024-04-13 13:51:41,755 [main] INFO  icu.greenlemon.databasecompare.service.DataService              69    -==>开始初始化 
2024-04-13 13:51:42,198 [main] INFO  icu.greenlemon.databasecompare.service.DataService              93    -==>开始建立源数据连接 
2024-04-13 13:51:43,054 [main] INFO  icu.greenlemon.databasecompare.service.DataService              95    -==>源数据连接建立成功 
2024-04-13 13:51:43,054 [main] INFO  icu.greenlemon.databasecompare.service.DataService              96    -==>开始建立目标数据连接 
2024-04-13 13:51:43,647 [main] INFO  icu.greenlemon.databasecompare.service.DataService              98    -==>目标数据连接建立成功 
2024-04-13 13:51:43,648 [main] INFO  icu.greenlemon.databasecompare.service.DataService              99    -==>数据连接建立成功 
2024-04-13 13:51:43,648 [main] INFO  icu.greenlemon.databasecompare.service.DataService              100   -==>开始获取源数据 
2024-04-13 14:08:35,372 [main] INFO  icu.greenlemon.databasecompare.DatabaseCompareApplication       55    -Starting DatabaseCompareApplication using Java 1.8.0_302 on GreenLemon with PID 14640 (C:\Users\33091\IdeaProjects\DatabaseCompare\target\classes started by 33091 in C:\Users\33091\IdeaProjects\DatabaseCompare) 
2024-04-13 14:08:35,374 [main] INFO  icu.greenlemon.databasecompare.DatabaseCompareApplication       634   -No active profile set, falling back to 1 default profile: "default" 
2024-04-13 14:08:35,931 [main] INFO  icu.greenlemon.databasecompare.service.DataService              69    -==>开始初始化 
2024-04-13 14:08:36,518 [main] INFO  icu.greenlemon.databasecompare.service.DataService              93    -==>开始建立源数据连接 
2024-04-13 14:08:37,394 [main] INFO  icu.greenlemon.databasecompare.service.DataService              95    -==>源数据连接建立成功 
2024-04-13 14:08:37,394 [main] INFO  icu.greenlemon.databasecompare.service.DataService              96    -==>开始建立目标数据连接 
2024-04-13 14:08:37,940 [main] INFO  icu.greenlemon.databasecompare.service.DataService              98    -==>目标数据连接建立成功 
2024-04-13 14:08:37,941 [main] INFO  icu.greenlemon.databasecompare.service.DataService              99    -==>数据连接建立成功 
2024-04-13 14:08:37,941 [main] INFO  icu.greenlemon.databasecompare.service.DataService              100   -==>开始获取源数据 
2024-04-13 14:08:48,992 [main] INFO  icu.greenlemon.databasecompare.service.DataService              102   -==>源数据获取完成 
2024-04-13 14:08:48,992 [main] INFO  icu.greenlemon.databasecompare.service.DataService              103   -==>开始获取目标数据 
2024-04-13 14:08:58,660 [main] INFO  icu.greenlemon.databasecompare.service.DataService              105   -==>目标数据获取成功 
2024-04-13 14:08:58,662 [main] INFO  icu.greenlemon.databasecompare.service.DataService              108   -==>开始处理数据库 
2024-04-13 14:08:58,663 [main] INFO  icu.greenlemon.databasecompare.service.DataService              110   -==>数据库处理完成 
2024-04-13 14:08:58,663 [main] INFO  icu.greenlemon.databasecompare.service.DataService              111   -==>开始处理表 
2024-04-13 14:08:58,664 [main] INFO  icu.greenlemon.databasecompare.service.DataService              113   -==>表处理完成 
2024-04-13 14:08:58,664 [main] INFO  icu.greenlemon.databasecompare.service.DataService              114   -==>开始处理字段 
2024-04-13 14:08:58,668 [main] INFO  icu.greenlemon.databasecompare.service.DataService              116   -==>字段处理完成 
2024-04-13 14:08:58,669 [main] INFO  icu.greenlemon.databasecompare.service.DataService              117   -初始化完成 
2024-04-13 14:08:58,891 [main] INFO  icu.greenlemon.databasecompare.DatabaseCompareApplication       61    -Started DatabaseCompareApplication in 23.755 seconds (JVM running for 24.323) 
2024-04-13 14:52:53,856 [main] INFO  icu.greenlemon.databasecompare.DatabaseCompareApplication       55    -Starting DatabaseCompareApplication using Java 1.8.0_302 on GreenLemon with PID 29276 (C:\Users\33091\IdeaProjects\DatabaseCompare\target\classes started by 33091 in C:\Users\33091\IdeaProjects\DatabaseCompare) 
2024-04-13 14:52:53,857 [main] INFO  icu.greenlemon.databasecompare.DatabaseCompareApplication       634   -No active profile set, falling back to 1 default profile: "default" 
2024-04-13 14:53:08,670 [main] INFO  icu.greenlemon.databasecompare.DatabaseCompareApplication       55    -Starting DatabaseCompareApplication using Java 1.8.0_302 on GreenLemon with PID 26240 (C:\Users\33091\IdeaProjects\DatabaseCompare\target\classes started by 33091 in C:\Users\33091\IdeaProjects\DatabaseCompare) 
2024-04-13 14:53:08,672 [main] INFO  icu.greenlemon.databasecompare.DatabaseCompareApplication       634   -No active profile set, falling back to 1 default profile: "default" 
2024-04-13 14:53:09,226 [main] INFO  icu.greenlemon.databasecompare.service.DataService              69    -==>开始初始化 
2024-04-13 14:53:09,643 [main] INFO  icu.greenlemon.databasecompare.service.DataService              93    -==>开始建立源数据连接 
2024-04-13 14:53:10,525 [main] INFO  icu.greenlemon.databasecompare.service.DataService              95    -==>源数据连接建立成功 
2024-04-13 14:53:10,525 [main] INFO  icu.greenlemon.databasecompare.service.DataService              96    -==>开始建立目标数据连接 
2024-04-13 14:53:10,994 [main] INFO  icu.greenlemon.databasecompare.service.DataService              98    -==>目标数据连接建立成功 
2024-04-13 14:53:10,994 [main] INFO  icu.greenlemon.databasecompare.service.DataService              99    -==>数据连接建立成功 
2024-04-13 14:53:10,994 [main] INFO  icu.greenlemon.databasecompare.service.DataService              100   -==>开始获取源数据 
2024-04-13 14:53:21,566 [main] INFO  icu.greenlemon.databasecompare.service.DataService              102   -==>源数据获取完成 
2024-04-13 14:53:21,567 [main] INFO  icu.greenlemon.databasecompare.service.DataService              103   -==>开始获取目标数据 
2024-04-13 14:53:31,211 [main] INFO  icu.greenlemon.databasecompare.service.DataService              105   -==>目标数据获取成功 
2024-04-13 14:53:31,213 [main] INFO  icu.greenlemon.databasecompare.service.DataService              108   -==>开始处理数据库 
2024-04-13 14:53:31,214 [main] INFO  icu.greenlemon.databasecompare.service.DataService              110   -==>数据库处理完成 
2024-04-13 14:53:31,214 [main] INFO  icu.greenlemon.databasecompare.service.DataService              111   -==>开始处理表 
2024-04-13 14:53:31,215 [main] INFO  icu.greenlemon.databasecompare.service.DataService              113   -==>表处理完成 
2024-04-13 14:53:31,215 [main] INFO  icu.greenlemon.databasecompare.service.DataService              114   -==>开始处理字段 
2024-04-13 14:53:31,220 [main] INFO  icu.greenlemon.databasecompare.service.DataService              116   -==>字段处理完成 
2024-04-13 14:53:31,221 [main] INFO  icu.greenlemon.databasecompare.service.DataService              117   -初始化完成 
2024-04-13 14:53:31,439 [main] INFO  icu.greenlemon.databasecompare.DatabaseCompareApplication       61    -Started DatabaseCompareApplication in 22.989 seconds (JVM running for 23.617) 
2024-04-13 16:01:47,857 [main] INFO  icu.greenlemon.databasecompare.DatabaseCompareApplication       55    -Starting DatabaseCompareApplication using Java 1.8.0_302 on GreenLemon with PID 29700 (C:\Users\33091\IdeaProjects\DatabaseCompare\target\classes started by 33091 in C:\Users\33091\IdeaProjects\DatabaseCompare) 
2024-04-13 16:01:47,859 [main] INFO  icu.greenlemon.databasecompare.DatabaseCompareApplication       634   -No active profile set, falling back to 1 default profile: "default" 
2024-04-13 16:01:48,448 [main] INFO  icu.greenlemon.databasecompare.service.DataService              69    -==>开始初始化 
2024-04-13 16:01:48,869 [main] INFO  icu.greenlemon.databasecompare.service.DataService              93    -==>开始建立源数据连接 
2024-04-13 16:01:49,826 [main] INFO  icu.greenlemon.databasecompare.service.DataService              95    -==>源数据连接建立成功 
2024-04-13 16:01:49,826 [main] INFO  icu.greenlemon.databasecompare.service.DataService              96    -==>开始建立目标数据连接 
2024-04-13 16:01:50,329 [main] INFO  icu.greenlemon.databasecompare.service.DataService              98    -==>目标数据连接建立成功 
2024-04-13 16:01:50,329 [main] INFO  icu.greenlemon.databasecompare.service.DataService              99    -==>数据连接建立成功 
2024-04-13 16:01:50,330 [main] INFO  icu.greenlemon.databasecompare.service.DataService              100   -==>开始获取源数据 
2024-04-13 16:02:00,880 [main] INFO  icu.greenlemon.databasecompare.service.DataService              102   -==>源数据获取完成 
2024-04-13 16:02:00,881 [main] INFO  icu.greenlemon.databasecompare.service.DataService              103   -==>开始获取目标数据 
2024-04-13 16:02:10,963 [main] INFO  icu.greenlemon.databasecompare.service.DataService              105   -==>目标数据获取成功 
2024-04-13 16:02:10,965 [main] INFO  icu.greenlemon.databasecompare.service.DataService              108   -==>开始处理数据库 
2024-04-13 16:02:10,966 [main] INFO  icu.greenlemon.databasecompare.service.DataService              110   -==>数据库处理完成 
2024-04-13 16:02:10,966 [main] INFO  icu.greenlemon.databasecompare.service.DataService              111   -==>开始处理表 
2024-04-13 16:02:10,967 [main] INFO  icu.greenlemon.databasecompare.service.DataService              113   -==>表处理完成 
2024-04-13 16:02:10,967 [main] INFO  icu.greenlemon.databasecompare.service.DataService              114   -==>开始处理字段 
2024-04-13 16:02:10,973 [main] INFO  icu.greenlemon.databasecompare.service.DataService              116   -==>字段处理完成 
2024-04-13 16:02:10,973 [main] INFO  icu.greenlemon.databasecompare.service.DataService              117   -初始化完成 
2024-04-13 16:02:11,206 [main] INFO  icu.greenlemon.databasecompare.DatabaseCompareApplication       61    -Started DatabaseCompareApplication in 23.586 seconds (JVM running for 24.169) 
2024-04-13 16:04:56,984 [main] INFO  icu.greenlemon.databasecompare.DatabaseCompareApplication       55    -Starting DatabaseCompareApplication using Java 1.8.0_302 on GreenLemon with PID 26264 (C:\Users\33091\IdeaProjects\DatabaseCompare\target\classes started by 33091 in C:\Users\33091\IdeaProjects\DatabaseCompare) 
2024-04-13 16:04:56,985 [main] INFO  icu.greenlemon.databasecompare.DatabaseCompareApplication       634   -No active profile set, falling back to 1 default profile: "default" 
2024-04-13 16:04:57,540 [main] INFO  icu.greenlemon.databasecompare.service.DataService              69    -==>开始初始化 
2024-04-13 16:04:58,015 [main] INFO  icu.greenlemon.databasecompare.service.DataService              93    -==>开始建立源数据连接 
2024-04-13 16:04:58,963 [main] INFO  icu.greenlemon.databasecompare.service.DataService              95    -==>源数据连接建立成功 
2024-04-13 16:04:58,964 [main] INFO  icu.greenlemon.databasecompare.service.DataService              96    -==>开始建立目标数据连接 
2024-04-13 16:04:59,467 [main] INFO  icu.greenlemon.databasecompare.service.DataService              98    -==>目标数据连接建立成功 
2024-04-13 16:04:59,467 [main] INFO  icu.greenlemon.databasecompare.service.DataService              99    -==>数据连接建立成功 
2024-04-13 16:04:59,468 [main] INFO  icu.greenlemon.databasecompare.service.DataService              100   -==>开始获取源数据 
2024-04-13 16:05:10,417 [main] INFO  icu.greenlemon.databasecompare.service.DataService              102   -==>源数据获取完成 
2024-04-13 16:05:10,417 [main] INFO  icu.greenlemon.databasecompare.service.DataService              103   -==>开始获取目标数据 
2024-04-13 16:05:20,053 [main] INFO  icu.greenlemon.databasecompare.service.DataService              105   -==>目标数据获取成功 
2024-04-13 16:05:20,056 [main] INFO  icu.greenlemon.databasecompare.service.DataService              108   -==>开始处理数据库 
2024-04-13 16:05:20,057 [main] INFO  icu.greenlemon.databasecompare.service.DataService              110   -==>数据库处理完成 
2024-04-13 16:05:20,057 [main] INFO  icu.greenlemon.databasecompare.service.DataService              111   -==>开始处理表 
2024-04-13 16:05:20,058 [main] INFO  icu.greenlemon.databasecompare.service.DataService              113   -==>表处理完成 
2024-04-13 16:05:20,058 [main] INFO  icu.greenlemon.databasecompare.service.DataService              114   -==>开始处理字段 
2024-04-13 16:05:20,066 [main] INFO  icu.greenlemon.databasecompare.service.DataService              116   -==>字段处理完成 
2024-04-13 16:05:20,066 [main] INFO  icu.greenlemon.databasecompare.service.DataService              117   -初始化完成 
2024-04-13 16:05:20,335 [main] INFO  icu.greenlemon.databasecompare.DatabaseCompareApplication       61    -Started DatabaseCompareApplication in 23.583 seconds (JVM running for 24.223) 
2024-04-13 16:21:03,693 [main] INFO  icu.greenlemon.databasecompare.DatabaseCompareApplication       55    -Starting DatabaseCompareApplication using Java 1.8.0_302 on GreenLemon with PID 29652 (C:\Users\33091\IdeaProjects\DatabaseCompare\target\classes started by 33091 in C:\Users\33091\IdeaProjects\DatabaseCompare) 
2024-04-13 16:21:03,695 [main] INFO  icu.greenlemon.databasecompare.DatabaseCompareApplication       634   -No active profile set, falling back to 1 default profile: "default" 
2024-04-13 16:21:04,265 [main] INFO  icu.greenlemon.databasecompare.service.DataService              69    -==>开始初始化 
2024-04-13 16:21:04,722 [main] INFO  icu.greenlemon.databasecompare.service.DataService              93    -==>开始建立源数据连接 
2024-04-13 16:21:05,609 [main] INFO  icu.greenlemon.databasecompare.service.DataService              95    -==>源数据连接建立成功 
2024-04-13 16:21:05,609 [main] INFO  icu.greenlemon.databasecompare.service.DataService              96    -==>开始建立目标数据连接 
2024-04-13 16:21:06,151 [main] INFO  icu.greenlemon.databasecompare.service.DataService              98    -==>目标数据连接建立成功 
2024-04-13 16:21:06,151 [main] INFO  icu.greenlemon.databasecompare.service.DataService              99    -==>数据连接建立成功 
2024-04-13 16:21:06,151 [main] INFO  icu.greenlemon.databasecompare.service.DataService              100   -==>开始获取源数据 
2024-04-13 16:21:16,680 [main] INFO  icu.greenlemon.databasecompare.service.DataService              102   -==>源数据获取完成 
2024-04-13 16:21:16,680 [main] INFO  icu.greenlemon.databasecompare.service.DataService              103   -==>开始获取目标数据 
2024-04-13 16:21:26,342 [main] INFO  icu.greenlemon.databasecompare.service.DataService              105   -==>目标数据获取成功 
2024-04-13 16:21:26,344 [main] INFO  icu.greenlemon.databasecompare.service.DataService              108   -==>开始处理数据库 
2024-04-13 16:21:26,344 [main] INFO  icu.greenlemon.databasecompare.service.DataService              110   -==>数据库处理完成 
2024-04-13 16:21:26,345 [main] INFO  icu.greenlemon.databasecompare.service.DataService              111   -==>开始处理表 
2024-04-13 16:21:26,345 [main] INFO  icu.greenlemon.databasecompare.service.DataService              113   -==>表处理完成 
2024-04-13 16:21:26,346 [main] INFO  icu.greenlemon.databasecompare.service.DataService              114   -==>开始处理字段 
2024-04-13 16:21:26,352 [main] INFO  icu.greenlemon.databasecompare.service.DataService              116   -==>字段处理完成 
2024-04-13 16:21:26,352 [main] INFO  icu.greenlemon.databasecompare.service.DataService              117   -初始化完成 
2024-04-13 16:21:26,615 [main] INFO  icu.greenlemon.databasecompare.DatabaseCompareApplication       61    -Started DatabaseCompareApplication in 23.147 seconds (JVM running for 23.775) 
2024-04-13 16:33:08,924 [main] INFO  icu.greenlemon.databasecompare.DatabaseCompareApplication       55    -Starting DatabaseCompareApplication using Java 1.8.0_302 on GreenLemon with PID 16300 (C:\Users\33091\IdeaProjects\DatabaseCompare\target\classes started by 33091 in C:\Users\33091\IdeaProjects\DatabaseCompare) 
2024-04-13 16:33:08,925 [main] INFO  icu.greenlemon.databasecompare.DatabaseCompareApplication       634   -No active profile set, falling back to 1 default profile: "default" 
2024-04-13 16:33:09,481 [main] INFO  icu.greenlemon.databasecompare.service.DataService              69    -==>开始初始化 
2024-04-13 16:33:09,928 [main] INFO  icu.greenlemon.databasecompare.service.DataService              93    -==>开始建立源数据连接 
2024-04-13 16:33:10,829 [main] INFO  icu.greenlemon.databasecompare.service.DataService              95    -==>源数据连接建立成功 
2024-04-13 16:33:10,830 [main] INFO  icu.greenlemon.databasecompare.service.DataService              96    -==>开始建立目标数据连接 
2024-04-13 16:33:11,366 [main] INFO  icu.greenlemon.databasecompare.service.DataService              98    -==>目标数据连接建立成功 
2024-04-13 16:33:11,367 [main] INFO  icu.greenlemon.databasecompare.service.DataService              99    -==>数据连接建立成功 
2024-04-13 16:33:11,367 [main] INFO  icu.greenlemon.databasecompare.service.DataService              100   -==>开始获取源数据 
2024-04-13 16:33:22,265 [main] INFO  icu.greenlemon.databasecompare.service.DataService              102   -==>源数据获取完成 
2024-04-13 16:33:22,266 [main] INFO  icu.greenlemon.databasecompare.service.DataService              103   -==>开始获取目标数据 
2024-04-13 16:33:31,918 [main] INFO  icu.greenlemon.databasecompare.service.DataService              105   -==>目标数据获取成功 
2024-04-13 16:33:31,920 [main] INFO  icu.greenlemon.databasecompare.service.DataService              108   -==>开始处理数据库 
2024-04-13 16:33:31,921 [main] INFO  icu.greenlemon.databasecompare.service.DataService              110   -==>数据库处理完成 
2024-04-13 16:33:31,922 [main] INFO  icu.greenlemon.databasecompare.service.DataService              111   -==>开始处理表 
2024-04-13 16:33:31,923 [main] INFO  icu.greenlemon.databasecompare.service.DataService              113   -==>表处理完成 
2024-04-13 16:33:31,923 [main] INFO  icu.greenlemon.databasecompare.service.DataService              114   -==>开始处理字段 
2024-04-13 16:33:31,928 [main] INFO  icu.greenlemon.databasecompare.service.DataService              116   -==>字段处理完成 
2024-04-13 16:33:31,929 [main] INFO  icu.greenlemon.databasecompare.service.DataService              117   -初始化完成 
2024-04-13 16:33:32,165 [main] INFO  icu.greenlemon.databasecompare.DatabaseCompareApplication       61    -Started DatabaseCompareApplication in 23.468 seconds (JVM running for 24.04) 
2024-04-13 16:40:58,857 [main] INFO  icu.greenlemon.databasecompare.DatabaseCompareApplication       55    -Starting DatabaseCompareApplication using Java 1.8.0_302 on GreenLemon with PID 28456 (C:\Users\33091\IdeaProjects\DatabaseCompare\target\classes started by 33091 in C:\Users\33091\IdeaProjects\DatabaseCompare) 
2024-04-13 16:40:58,859 [main] INFO  icu.greenlemon.databasecompare.DatabaseCompareApplication       634   -No active profile set, falling back to 1 default profile: "default" 
2024-04-13 16:40:59,457 [main] INFO  icu.greenlemon.databasecompare.service.DataService              69    -==>开始初始化 
2024-04-13 16:40:59,909 [main] INFO  icu.greenlemon.databasecompare.service.DataService              93    -==>开始建立源数据连接 
2024-04-13 16:41:00,789 [main] INFO  icu.greenlemon.databasecompare.service.DataService              95    -==>源数据连接建立成功 
2024-04-13 16:41:00,789 [main] INFO  icu.greenlemon.databasecompare.service.DataService              96    -==>开始建立目标数据连接 
2024-04-13 16:41:01,292 [main] INFO  icu.greenlemon.databasecompare.service.DataService              98    -==>目标数据连接建立成功 
2024-04-13 16:41:01,292 [main] INFO  icu.greenlemon.databasecompare.service.DataService              99    -==>数据连接建立成功 
2024-04-13 16:41:01,292 [main] INFO  icu.greenlemon.databasecompare.service.DataService              100   -==>开始获取源数据 
2024-04-13 16:41:12,261 [main] INFO  icu.greenlemon.databasecompare.service.DataService              102   -==>源数据获取完成 
2024-04-13 16:41:12,261 [main] INFO  icu.greenlemon.databasecompare.service.DataService              103   -==>开始获取目标数据 
2024-04-13 16:41:21,849 [main] INFO  icu.greenlemon.databasecompare.service.DataService              105   -==>目标数据获取成功 
2024-04-13 16:41:21,851 [main] INFO  icu.greenlemon.databasecompare.service.DataService              108   -==>开始处理数据库 
2024-04-13 16:41:21,852 [main] INFO  icu.greenlemon.databasecompare.service.DataService              110   -==>数据库处理完成 
2024-04-13 16:41:21,852 [main] INFO  icu.greenlemon.databasecompare.service.DataService              111   -==>开始处理表 
2024-04-13 16:41:21,853 [main] INFO  icu.greenlemon.databasecompare.service.DataService              113   -==>表处理完成 
2024-04-13 16:41:21,854 [main] INFO  icu.greenlemon.databasecompare.service.DataService              114   -==>开始处理字段 
2024-04-13 16:41:21,859 [main] INFO  icu.greenlemon.databasecompare.service.DataService              116   -==>字段处理完成 
2024-04-13 16:41:21,860 [main] INFO  icu.greenlemon.databasecompare.service.DataService              117   -初始化完成 
2024-04-13 16:41:22,092 [main] INFO  icu.greenlemon.databasecompare.DatabaseCompareApplication       61    -Started DatabaseCompareApplication in 23.486 seconds (JVM running for 24.095) 
