2024-04-14 10:59:43,605 [main] INFO  icu.greenlemon.databasecompare.DatabaseCompareApplication       55    -Starting DatabaseCompareApplication using Java 1.8.0_302 on GreenLemon with PID 28104 (C:\Users\33091\IdeaProjects\DatabaseCompare\target\classes started by 33091 in C:\Users\33091\IdeaProjects\DatabaseCompare) 
2024-04-14 10:59:43,609 [main] INFO  icu.greenlemon.databasecompare.DatabaseCompareApplication       634   -No active profile set, falling back to 1 default profile: "default" 
2024-04-14 10:59:44,288 [main] INFO  icu.greenlemon.databasecompare.service.DataService              69    -==>开始初始化 
2024-04-14 10:59:44,731 [main] INFO  icu.greenlemon.databasecompare.service.DataService              93    -==>开始建立源数据连接 
2024-04-14 10:59:45,652 [main] INFO  icu.greenlemon.databasecompare.service.DataService              95    -==>源数据连接建立成功 
2024-04-14 10:59:45,652 [main] INFO  icu.greenlemon.databasecompare.service.DataService              96    -==>开始建立目标数据连接 
2024-04-14 10:59:46,178 [main] INFO  icu.greenlemon.databasecompare.service.DataService              98    -==>目标数据连接建立成功 
2024-04-14 10:59:46,178 [main] INFO  icu.greenlemon.databasecompare.service.DataService              99    -==>数据连接建立成功 
2024-04-14 10:59:46,178 [main] INFO  icu.greenlemon.databasecompare.service.DataService              100   -==>开始获取源数据 
2024-04-14 10:59:56,697 [main] INFO  icu.greenlemon.databasecompare.service.DataService              102   -==>源数据获取完成 
2024-04-14 10:59:56,697 [main] INFO  icu.greenlemon.databasecompare.service.DataService              103   -==>开始获取目标数据 
2024-04-14 11:00:09,327 [main] INFO  icu.greenlemon.databasecompare.service.DataService              105   -==>目标数据获取成功 
2024-04-14 11:00:09,337 [main] INFO  icu.greenlemon.databasecompare.service.DataService              108   -==>开始处理数据库 
2024-04-14 11:00:09,338 [main] INFO  icu.greenlemon.databasecompare.service.DataService              110   -==>数据库处理完成 
2024-04-14 11:00:09,339 [main] INFO  icu.greenlemon.databasecompare.service.DataService              111   -==>开始处理表 
2024-04-14 11:00:09,339 [main] INFO  icu.greenlemon.databasecompare.service.DataService              113   -==>表处理完成 
2024-04-14 11:00:09,340 [main] INFO  icu.greenlemon.databasecompare.service.DataService              114   -==>开始处理字段 
2024-04-14 11:00:09,345 [main] INFO  icu.greenlemon.databasecompare.service.DataService              116   -==>字段处理完成 
2024-04-14 11:00:09,345 [main] INFO  icu.greenlemon.databasecompare.service.DataService              117   -初始化完成 
2024-04-14 11:00:09,609 [main] INFO  icu.greenlemon.databasecompare.DatabaseCompareApplication       61    -Started DatabaseCompareApplication in 26.288 seconds (JVM running for 27.033) 
2024-04-14 11:00:52,082 [main] INFO  icu.greenlemon.databasecompare.DatabaseCompareApplication       55    -Starting DatabaseCompareApplication using Java 1.8.0_302 on GreenLemon with PID 28852 (C:\Users\33091\IdeaProjects\DatabaseCompare\target\classes started by 33091 in C:\Users\33091\IdeaProjects\DatabaseCompare) 
2024-04-14 11:00:52,084 [main] INFO  icu.greenlemon.databasecompare.DatabaseCompareApplication       634   -No active profile set, falling back to 1 default profile: "default" 
2024-04-14 11:00:52,627 [main] INFO  icu.greenlemon.databasecompare.service.DataService              69    -==>开始初始化 
2024-04-14 11:00:53,021 [main] INFO  icu.greenlemon.databasecompare.service.DataService              93    -==>开始建立源数据连接 
2024-04-14 11:00:53,908 [main] INFO  icu.greenlemon.databasecompare.service.DataService              95    -==>源数据连接建立成功 
2024-04-14 11:00:53,909 [main] INFO  icu.greenlemon.databasecompare.service.DataService              96    -==>开始建立目标数据连接 
2024-04-14 11:00:54,360 [main] INFO  icu.greenlemon.databasecompare.service.DataService              98    -==>目标数据连接建立成功 
2024-04-14 11:00:54,360 [main] INFO  icu.greenlemon.databasecompare.service.DataService              99    -==>数据连接建立成功 
2024-04-14 11:00:54,361 [main] INFO  icu.greenlemon.databasecompare.service.DataService              100   -==>开始获取源数据 
2024-04-14 11:01:04,781 [main] INFO  icu.greenlemon.databasecompare.service.DataService              102   -==>源数据获取完成 
2024-04-14 11:01:04,781 [main] INFO  icu.greenlemon.databasecompare.service.DataService              103   -==>开始获取目标数据 
2024-04-14 11:01:14,434 [main] INFO  icu.greenlemon.databasecompare.service.DataService              105   -==>目标数据获取成功 
2024-04-14 11:01:14,435 [main] INFO  icu.greenlemon.databasecompare.service.DataService              108   -==>开始处理数据库 
2024-04-14 11:01:14,436 [main] INFO  icu.greenlemon.databasecompare.service.DataService              110   -==>数据库处理完成 
2024-04-14 11:01:14,436 [main] INFO  icu.greenlemon.databasecompare.service.DataService              111   -==>开始处理表 
2024-04-14 11:01:14,437 [main] INFO  icu.greenlemon.databasecompare.service.DataService              113   -==>表处理完成 
2024-04-14 11:01:14,437 [main] INFO  icu.greenlemon.databasecompare.service.DataService              114   -==>开始处理字段 
2024-04-14 11:01:14,445 [main] INFO  icu.greenlemon.databasecompare.service.DataService              116   -==>字段处理完成 
2024-04-14 11:01:14,445 [main] INFO  icu.greenlemon.databasecompare.service.DataService              117   -初始化完成 
2024-04-14 11:01:14,720 [main] INFO  icu.greenlemon.databasecompare.DatabaseCompareApplication       61    -Started DatabaseCompareApplication in 22.864 seconds (JVM running for 23.484) 
2024-04-14 11:37:43,248 [main] INFO  icu.greenlemon.databasecompare.DatabaseCompareApplication       55    -Starting DatabaseCompareApplication using Java 1.8.0_302 on GreenLemon with PID 32884 (C:\Users\33091\IdeaProjects\DatabaseCompare\target\classes started by 33091 in C:\Users\33091\IdeaProjects\DatabaseCompare) 
2024-04-14 11:37:43,250 [main] INFO  icu.greenlemon.databasecompare.DatabaseCompareApplication       634   -No active profile set, falling back to 1 default profile: "default" 
2024-04-14 11:37:43,856 [main] INFO  icu.greenlemon.databasecompare.service.DataService              69    -==>开始初始化 
2024-04-14 11:37:44,437 [main] INFO  icu.greenlemon.databasecompare.service.DataService              93    -==>开始建立源数据连接 
2024-04-14 11:37:45,405 [main] INFO  icu.greenlemon.databasecompare.service.DataService              95    -==>源数据连接建立成功 
2024-04-14 11:37:45,405 [main] INFO  icu.greenlemon.databasecompare.service.DataService              96    -==>开始建立目标数据连接 
2024-04-14 11:37:45,923 [main] INFO  icu.greenlemon.databasecompare.service.DataService              98    -==>目标数据连接建立成功 
2024-04-14 11:37:45,924 [main] INFO  icu.greenlemon.databasecompare.service.DataService              99    -==>数据连接建立成功 
2024-04-14 11:37:45,924 [main] INFO  icu.greenlemon.databasecompare.service.DataService              100   -==>开始获取源数据 
2024-04-14 11:37:50,616 [main] INFO  icu.greenlemon.databasecompare.DatabaseCompareApplication       55    -Starting DatabaseCompareApplication using Java 1.8.0_302 on GreenLemon with PID 30920 (C:\Users\33091\IdeaProjects\DatabaseCompare\target\classes started by 33091 in C:\Users\33091\IdeaProjects\DatabaseCompare) 
2024-04-14 11:37:50,618 [main] INFO  icu.greenlemon.databasecompare.DatabaseCompareApplication       634   -No active profile set, falling back to 1 default profile: "default" 
2024-04-14 11:37:51,182 [main] INFO  icu.greenlemon.databasecompare.service.DataService              69    -==>开始初始化 
2024-04-14 11:37:51,582 [main] INFO  icu.greenlemon.databasecompare.service.DataService              93    -==>开始建立源数据连接 
2024-04-14 11:37:56,422 [main] INFO  icu.greenlemon.databasecompare.service.DataService              95    -==>源数据连接建立成功 
2024-04-14 11:37:56,422 [main] INFO  icu.greenlemon.databasecompare.service.DataService              96    -==>开始建立目标数据连接 
2024-04-14 11:37:57,038 [main] INFO  icu.greenlemon.databasecompare.service.DataService              98    -==>目标数据连接建立成功 
2024-04-14 11:37:57,038 [main] INFO  icu.greenlemon.databasecompare.service.DataService              99    -==>数据连接建立成功 
2024-04-14 11:37:57,039 [main] INFO  icu.greenlemon.databasecompare.service.DataService              100   -==>开始获取源数据 
2024-04-14 11:38:07,463 [main] INFO  icu.greenlemon.databasecompare.service.DataService              102   -==>源数据获取完成 
2024-04-14 11:38:07,463 [main] INFO  icu.greenlemon.databasecompare.service.DataService              103   -==>开始获取目标数据 
2024-04-14 11:38:17,114 [main] INFO  icu.greenlemon.databasecompare.service.DataService              105   -==>目标数据获取成功 
2024-04-14 11:38:17,116 [main] INFO  icu.greenlemon.databasecompare.service.DataService              108   -==>开始处理数据库 
2024-04-14 11:38:17,116 [main] INFO  icu.greenlemon.databasecompare.service.DataService              110   -==>数据库处理完成 
2024-04-14 11:38:17,117 [main] INFO  icu.greenlemon.databasecompare.service.DataService              111   -==>开始处理表 
2024-04-14 11:38:17,117 [main] INFO  icu.greenlemon.databasecompare.service.DataService              113   -==>表处理完成 
2024-04-14 11:38:17,118 [main] INFO  icu.greenlemon.databasecompare.service.DataService              114   -==>开始处理字段 
2024-04-14 11:38:17,123 [main] INFO  icu.greenlemon.databasecompare.service.DataService              116   -==>字段处理完成 
2024-04-14 11:38:17,124 [main] INFO  icu.greenlemon.databasecompare.service.DataService              117   -初始化完成 
2024-04-14 11:38:17,355 [main] INFO  icu.greenlemon.databasecompare.DatabaseCompareApplication       61    -Started DatabaseCompareApplication in 26.965 seconds (JVM running for 27.537) 
2024-04-14 11:43:47,861 [main] INFO  icu.greenlemon.databasecompare.DatabaseCompareApplication       55    -Starting DatabaseCompareApplication using Java 1.8.0_302 on GreenLemon with PID 32008 (C:\Users\33091\IdeaProjects\DatabaseCompare\target\classes started by 33091 in C:\Users\33091\IdeaProjects\DatabaseCompare) 
2024-04-14 11:43:47,864 [main] INFO  icu.greenlemon.databasecompare.DatabaseCompareApplication       634   -No active profile set, falling back to 1 default profile: "default" 
2024-04-14 11:43:48,445 [main] INFO  icu.greenlemon.databasecompare.service.DataService              69    -==>开始初始化 
2024-04-14 11:43:48,917 [main] INFO  icu.greenlemon.databasecompare.service.DataService              93    -==>开始建立源数据连接 
2024-04-14 11:43:49,863 [main] INFO  icu.greenlemon.databasecompare.service.DataService              95    -==>源数据连接建立成功 
2024-04-14 11:43:49,863 [main] INFO  icu.greenlemon.databasecompare.service.DataService              96    -==>开始建立目标数据连接 
2024-04-14 11:43:50,381 [main] INFO  icu.greenlemon.databasecompare.service.DataService              98    -==>目标数据连接建立成功 
2024-04-14 11:43:50,381 [main] INFO  icu.greenlemon.databasecompare.service.DataService              99    -==>数据连接建立成功 
2024-04-14 11:43:50,381 [main] INFO  icu.greenlemon.databasecompare.service.DataService              100   -==>开始获取源数据 
2024-04-14 11:44:00,950 [main] INFO  icu.greenlemon.databasecompare.service.DataService              102   -==>源数据获取完成 
2024-04-14 11:44:00,951 [main] INFO  icu.greenlemon.databasecompare.service.DataService              103   -==>开始获取目标数据 
2024-04-14 11:44:10,970 [main] INFO  icu.greenlemon.databasecompare.service.DataService              105   -==>目标数据获取成功 
2024-04-14 11:44:10,972 [main] INFO  icu.greenlemon.databasecompare.service.DataService              108   -==>开始处理数据库 
2024-04-14 11:44:10,974 [main] INFO  icu.greenlemon.databasecompare.service.DataService              110   -==>数据库处理完成 
2024-04-14 11:44:10,974 [main] INFO  icu.greenlemon.databasecompare.service.DataService              111   -==>开始处理表 
2024-04-14 11:44:10,975 [main] INFO  icu.greenlemon.databasecompare.service.DataService              113   -==>表处理完成 
2024-04-14 11:44:10,975 [main] INFO  icu.greenlemon.databasecompare.service.DataService              114   -==>开始处理字段 
2024-04-14 11:47:35,149 [main] INFO  icu.greenlemon.databasecompare.DatabaseCompareApplication       55    -Starting DatabaseCompareApplication using Java 1.8.0_302 on GreenLemon with PID 21248 (C:\Users\33091\IdeaProjects\DatabaseCompare\target\classes started by 33091 in C:\Users\33091\IdeaProjects\DatabaseCompare) 
2024-04-14 11:47:35,150 [main] INFO  icu.greenlemon.databasecompare.DatabaseCompareApplication       634   -No active profile set, falling back to 1 default profile: "default" 
2024-04-14 11:47:35,701 [main] INFO  icu.greenlemon.databasecompare.service.DataService              69    -==>开始初始化 
2024-04-14 11:47:36,119 [main] INFO  icu.greenlemon.databasecompare.service.DataService              93    -==>开始建立源数据连接 
2024-04-14 11:47:37,062 [main] INFO  icu.greenlemon.databasecompare.service.DataService              95    -==>源数据连接建立成功 
2024-04-14 11:47:37,062 [main] INFO  icu.greenlemon.databasecompare.service.DataService              96    -==>开始建立目标数据连接 
2024-04-14 11:47:37,580 [main] INFO  icu.greenlemon.databasecompare.service.DataService              98    -==>目标数据连接建立成功 
2024-04-14 11:47:37,580 [main] INFO  icu.greenlemon.databasecompare.service.DataService              99    -==>数据连接建立成功 
2024-04-14 11:47:37,581 [main] INFO  icu.greenlemon.databasecompare.service.DataService              100   -==>开始获取源数据 
2024-04-14 11:47:48,667 [main] INFO  icu.greenlemon.databasecompare.service.DataService              102   -==>源数据获取完成 
2024-04-14 11:47:48,667 [main] INFO  icu.greenlemon.databasecompare.service.DataService              103   -==>开始获取目标数据 
2024-04-14 11:47:59,702 [main] INFO  icu.greenlemon.databasecompare.service.DataService              105   -==>目标数据获取成功 
2024-04-14 11:47:59,703 [main] INFO  icu.greenlemon.databasecompare.service.DataService              108   -==>开始处理数据库 
2024-04-14 11:47:59,704 [main] INFO  icu.greenlemon.databasecompare.service.DataService              110   -==>数据库处理完成 
2024-04-14 11:47:59,704 [main] INFO  icu.greenlemon.databasecompare.service.DataService              111   -==>开始处理表 
2024-04-14 11:47:59,705 [main] INFO  icu.greenlemon.databasecompare.service.DataService              113   -==>表处理完成 
2024-04-14 11:47:59,705 [main] INFO  icu.greenlemon.databasecompare.service.DataService              114   -==>开始处理字段 
2024-04-14 11:47:59,711 [main] INFO  icu.greenlemon.databasecompare.service.DataService              116   -==>字段处理完成 
2024-04-14 11:47:59,711 [main] INFO  icu.greenlemon.databasecompare.service.DataService              117   -初始化完成 
2024-04-14 11:47:59,937 [main] INFO  icu.greenlemon.databasecompare.DatabaseCompareApplication       61    -Started DatabaseCompareApplication in 25.017 seconds (JVM running for 25.643) 
2024-04-14 12:10:21,791 [main] INFO  icu.greenlemon.databasecompare.DatabaseCompareApplication       55    -Starting DatabaseCompareApplication using Java 1.8.0_302 on GreenLemon with PID 32916 (C:\Users\33091\IdeaProjects\DatabaseCompare\target\classes started by 33091 in C:\Users\33091\IdeaProjects\DatabaseCompare) 
2024-04-14 12:10:21,793 [main] INFO  icu.greenlemon.databasecompare.DatabaseCompareApplication       634   -No active profile set, falling back to 1 default profile: "default" 
2024-04-14 12:10:22,377 [main] INFO  icu.greenlemon.databasecompare.service.DataService              69    -==>开始初始化 
2024-04-14 12:10:22,803 [main] INFO  icu.greenlemon.databasecompare.service.DataService              93    -==>开始建立源数据连接 
2024-04-14 12:10:23,819 [main] INFO  icu.greenlemon.databasecompare.service.DataService              95    -==>源数据连接建立成功 
2024-04-14 12:10:23,819 [main] INFO  icu.greenlemon.databasecompare.service.DataService              96    -==>开始建立目标数据连接 
2024-04-14 12:10:24,304 [main] INFO  icu.greenlemon.databasecompare.service.DataService              98    -==>目标数据连接建立成功 
2024-04-14 12:10:24,304 [main] INFO  icu.greenlemon.databasecompare.service.DataService              99    -==>数据连接建立成功 
2024-04-14 12:10:24,304 [main] INFO  icu.greenlemon.databasecompare.service.DataService              100   -==>开始获取源数据 
2024-04-14 12:10:35,338 [main] INFO  icu.greenlemon.databasecompare.service.DataService              102   -==>源数据获取完成 
2024-04-14 12:10:35,338 [main] INFO  icu.greenlemon.databasecompare.service.DataService              103   -==>开始获取目标数据 
2024-04-14 12:10:44,986 [main] INFO  icu.greenlemon.databasecompare.service.DataService              105   -==>目标数据获取成功 
2024-04-14 12:10:44,987 [main] INFO  icu.greenlemon.databasecompare.service.DataService              108   -==>开始处理数据库 
2024-04-14 12:10:44,988 [main] INFO  icu.greenlemon.databasecompare.service.DataService              110   -==>数据库处理完成 
2024-04-14 12:10:44,988 [main] INFO  icu.greenlemon.databasecompare.service.DataService              111   -==>开始处理表 
2024-04-14 12:10:44,989 [main] INFO  icu.greenlemon.databasecompare.service.DataService              113   -==>表处理完成 
2024-04-14 12:10:44,989 [main] INFO  icu.greenlemon.databasecompare.service.DataService              114   -==>开始处理字段 
2024-04-14 12:10:44,995 [main] INFO  icu.greenlemon.databasecompare.service.DataService              116   -==>字段处理完成 
2024-04-14 12:10:44,995 [main] INFO  icu.greenlemon.databasecompare.service.DataService              117   -初始化完成 
2024-04-14 12:10:45,282 [main] INFO  icu.greenlemon.databasecompare.DatabaseCompareApplication       61    -Started DatabaseCompareApplication in 23.735 seconds (JVM running for 24.35) 
2024-04-14 12:13:26,920 [main] INFO  icu.greenlemon.databasecompare.DatabaseCompareApplication       55    -Starting DatabaseCompareApplication using Java 1.8.0_302 on GreenLemon with PID 32880 (C:\Users\33091\IdeaProjects\DatabaseCompare\target\classes started by 33091 in C:\Users\33091\IdeaProjects\DatabaseCompare) 
2024-04-14 12:13:26,921 [main] INFO  icu.greenlemon.databasecompare.DatabaseCompareApplication       634   -No active profile set, falling back to 1 default profile: "default" 
2024-04-14 12:13:27,484 [main] INFO  icu.greenlemon.databasecompare.service.DataService              69    -==>开始初始化 
2024-04-14 12:13:27,925 [main] INFO  icu.greenlemon.databasecompare.service.DataService              93    -==>开始建立源数据连接 
2024-04-14 12:13:28,836 [main] INFO  icu.greenlemon.databasecompare.service.DataService              95    -==>源数据连接建立成功 
2024-04-14 12:13:28,836 [main] INFO  icu.greenlemon.databasecompare.service.DataService              96    -==>开始建立目标数据连接 
2024-04-14 12:13:29,346 [main] INFO  icu.greenlemon.databasecompare.service.DataService              98    -==>目标数据连接建立成功 
2024-04-14 12:13:29,347 [main] INFO  icu.greenlemon.databasecompare.service.DataService              99    -==>数据连接建立成功 
2024-04-14 12:13:29,347 [main] INFO  icu.greenlemon.databasecompare.service.DataService              100   -==>开始获取源数据 
2024-04-14 12:13:40,387 [main] INFO  icu.greenlemon.databasecompare.service.DataService              102   -==>源数据获取完成 
2024-04-14 12:13:40,387 [main] INFO  icu.greenlemon.databasecompare.service.DataService              103   -==>开始获取目标数据 
2024-04-14 12:13:50,028 [main] INFO  icu.greenlemon.databasecompare.service.DataService              105   -==>目标数据获取成功 
2024-04-14 12:13:50,030 [main] INFO  icu.greenlemon.databasecompare.service.DataService              108   -==>开始处理数据库 
2024-04-14 12:13:50,031 [main] INFO  icu.greenlemon.databasecompare.service.DataService              110   -==>数据库处理完成 
2024-04-14 12:13:50,032 [main] INFO  icu.greenlemon.databasecompare.service.DataService              111   -==>开始处理表 
2024-04-14 12:13:50,032 [main] INFO  icu.greenlemon.databasecompare.service.DataService              113   -==>表处理完成 
2024-04-14 12:13:50,032 [main] INFO  icu.greenlemon.databasecompare.service.DataService              114   -==>开始处理字段 
2024-04-14 12:13:50,037 [main] INFO  icu.greenlemon.databasecompare.service.DataService              116   -==>字段处理完成 
2024-04-14 12:13:50,037 [main] INFO  icu.greenlemon.databasecompare.service.DataService              117   -初始化完成 
2024-04-14 12:13:50,303 [main] INFO  icu.greenlemon.databasecompare.DatabaseCompareApplication       61    -Started DatabaseCompareApplication in 23.607 seconds (JVM running for 24.233) 
2024-04-14 12:20:47,529 [main] INFO  icu.greenlemon.databasecompare.DatabaseCompareApplication       55    -Starting DatabaseCompareApplication using Java 1.8.0_302 on GreenLemon with PID 32888 (C:\Users\33091\IdeaProjects\DatabaseCompare\target\classes started by 33091 in C:\Users\33091\IdeaProjects\DatabaseCompare) 
2024-04-14 12:20:47,531 [main] INFO  icu.greenlemon.databasecompare.DatabaseCompareApplication       634   -No active profile set, falling back to 1 default profile: "default" 
2024-04-14 12:20:48,084 [main] INFO  icu.greenlemon.databasecompare.service.DataService              69    -==>开始初始化 
2024-04-14 12:20:48,500 [main] INFO  icu.greenlemon.databasecompare.service.DataService              93    -==>开始建立源数据连接 
2024-04-14 12:20:49,408 [main] INFO  icu.greenlemon.databasecompare.service.DataService              95    -==>源数据连接建立成功 
2024-04-14 12:20:49,409 [main] INFO  icu.greenlemon.databasecompare.service.DataService              96    -==>开始建立目标数据连接 
2024-04-14 12:20:49,878 [main] INFO  icu.greenlemon.databasecompare.service.DataService              98    -==>目标数据连接建立成功 
2024-04-14 12:20:49,879 [main] INFO  icu.greenlemon.databasecompare.service.DataService              99    -==>数据连接建立成功 
2024-04-14 12:20:49,879 [main] INFO  icu.greenlemon.databasecompare.service.DataService              100   -==>开始获取源数据 
2024-04-14 12:21:00,909 [main] INFO  icu.greenlemon.databasecompare.service.DataService              102   -==>源数据获取完成 
2024-04-14 12:21:00,910 [main] INFO  icu.greenlemon.databasecompare.service.DataService              103   -==>开始获取目标数据 
2024-04-14 12:21:10,644 [main] INFO  icu.greenlemon.databasecompare.service.DataService              105   -==>目标数据获取成功 
2024-04-14 12:21:10,646 [main] INFO  icu.greenlemon.databasecompare.service.DataService              108   -==>开始处理数据库 
2024-04-14 12:21:10,647 [main] INFO  icu.greenlemon.databasecompare.service.DataService              110   -==>数据库处理完成 
2024-04-14 12:21:10,647 [main] INFO  icu.greenlemon.databasecompare.service.DataService              111   -==>开始处理表 
2024-04-14 12:21:10,648 [main] INFO  icu.greenlemon.databasecompare.service.DataService              113   -==>表处理完成 
2024-04-14 12:21:10,648 [main] INFO  icu.greenlemon.databasecompare.service.DataService              114   -==>开始处理字段 
2024-04-14 12:21:10,652 [main] INFO  icu.greenlemon.databasecompare.service.DataService              116   -==>字段处理完成 
2024-04-14 12:21:10,652 [main] INFO  icu.greenlemon.databasecompare.service.DataService              117   -初始化完成 
2024-04-14 12:21:10,898 [main] INFO  icu.greenlemon.databasecompare.DatabaseCompareApplication       61    -Started DatabaseCompareApplication in 23.587 seconds (JVM running for 24.232) 
2024-04-14 12:25:34,150 [main] INFO  icu.greenlemon.databasecompare.DatabaseCompareApplication       55    -Starting DatabaseCompareApplication using Java 1.8.0_302 on GreenLemon with PID 29456 (C:\Users\33091\IdeaProjects\DatabaseCompare\target\classes started by 33091 in C:\Users\33091\IdeaProjects\DatabaseCompare) 
2024-04-14 12:25:34,152 [main] INFO  icu.greenlemon.databasecompare.DatabaseCompareApplication       634   -No active profile set, falling back to 1 default profile: "default" 
2024-04-14 12:25:34,713 [main] INFO  icu.greenlemon.databasecompare.service.DataService              69    -==>开始初始化 
2024-04-14 12:25:35,147 [main] INFO  icu.greenlemon.databasecompare.service.DataService              93    -==>开始建立源数据连接 
2024-04-14 12:25:36,063 [main] INFO  icu.greenlemon.databasecompare.service.DataService              95    -==>源数据连接建立成功 
2024-04-14 12:25:36,063 [main] INFO  icu.greenlemon.databasecompare.service.DataService              96    -==>开始建立目标数据连接 
2024-04-14 12:25:36,717 [main] INFO  icu.greenlemon.databasecompare.service.DataService              98    -==>目标数据连接建立成功 
2024-04-14 12:25:36,717 [main] INFO  icu.greenlemon.databasecompare.service.DataService              99    -==>数据连接建立成功 
2024-04-14 12:25:36,717 [main] INFO  icu.greenlemon.databasecompare.service.DataService              100   -==>开始获取源数据 
2024-04-14 12:25:47,747 [main] INFO  icu.greenlemon.databasecompare.service.DataService              102   -==>源数据获取完成 
2024-04-14 12:25:47,747 [main] INFO  icu.greenlemon.databasecompare.service.DataService              103   -==>开始获取目标数据 
2024-04-14 12:25:57,590 [main] INFO  icu.greenlemon.databasecompare.service.DataService              105   -==>目标数据获取成功 
2024-04-14 12:25:57,593 [main] INFO  icu.greenlemon.databasecompare.service.DataService              108   -==>开始处理数据库 
2024-04-14 12:25:57,594 [main] INFO  icu.greenlemon.databasecompare.service.DataService              110   -==>数据库处理完成 
2024-04-14 12:25:57,594 [main] INFO  icu.greenlemon.databasecompare.service.DataService              111   -==>开始处理表 
2024-04-14 12:25:57,595 [main] INFO  icu.greenlemon.databasecompare.service.DataService              113   -==>表处理完成 
2024-04-14 12:25:57,595 [main] INFO  icu.greenlemon.databasecompare.service.DataService              114   -==>开始处理字段 
2024-04-14 12:25:57,603 [main] INFO  icu.greenlemon.databasecompare.service.DataService              116   -==>字段处理完成 
2024-04-14 12:25:57,603 [main] INFO  icu.greenlemon.databasecompare.service.DataService              117   -初始化完成 
2024-04-14 12:25:57,861 [main] INFO  icu.greenlemon.databasecompare.DatabaseCompareApplication       61    -Started DatabaseCompareApplication in 23.936 seconds (JVM running for 24.571) 
2024-04-14 12:27:25,961 [main] INFO  icu.greenlemon.databasecompare.DatabaseCompareApplication       55    -Starting DatabaseCompareApplication using Java 1.8.0_302 on GreenLemon with PID 17616 (C:\Users\33091\IdeaProjects\DatabaseCompare\target\classes started by 33091 in C:\Users\33091\IdeaProjects\DatabaseCompare) 
2024-04-14 12:27:25,963 [main] INFO  icu.greenlemon.databasecompare.DatabaseCompareApplication       634   -No active profile set, falling back to 1 default profile: "default" 
2024-04-14 12:27:26,513 [main] INFO  icu.greenlemon.databasecompare.service.DataService              69    -==>开始初始化 
2024-04-14 12:27:26,989 [main] INFO  icu.greenlemon.databasecompare.service.DataService              93    -==>开始建立源数据连接 
2024-04-14 12:27:27,920 [main] INFO  icu.greenlemon.databasecompare.service.DataService              95    -==>源数据连接建立成功 
2024-04-14 12:27:27,920 [main] INFO  icu.greenlemon.databasecompare.service.DataService              96    -==>开始建立目标数据连接 
2024-04-14 12:27:28,507 [main] INFO  icu.greenlemon.databasecompare.service.DataService              98    -==>目标数据连接建立成功 
2024-04-14 12:27:28,507 [main] INFO  icu.greenlemon.databasecompare.service.DataService              99    -==>数据连接建立成功 
2024-04-14 12:27:28,507 [main] INFO  icu.greenlemon.databasecompare.service.DataService              100   -==>开始获取源数据 
2024-04-14 12:27:39,603 [main] INFO  icu.greenlemon.databasecompare.service.DataService              102   -==>源数据获取完成 
2024-04-14 12:27:39,603 [main] INFO  icu.greenlemon.databasecompare.service.DataService              103   -==>开始获取目标数据 
2024-04-14 12:27:49,283 [main] INFO  icu.greenlemon.databasecompare.service.DataService              105   -==>目标数据获取成功 
2024-04-14 12:27:49,284 [main] INFO  icu.greenlemon.databasecompare.service.DataService              108   -==>开始处理数据库 
2024-04-14 12:27:49,285 [main] INFO  icu.greenlemon.databasecompare.service.DataService              110   -==>数据库处理完成 
2024-04-14 12:27:49,285 [main] INFO  icu.greenlemon.databasecompare.service.DataService              111   -==>开始处理表 
2024-04-14 12:27:49,286 [main] INFO  icu.greenlemon.databasecompare.service.DataService              113   -==>表处理完成 
2024-04-14 12:27:49,286 [main] INFO  icu.greenlemon.databasecompare.service.DataService              114   -==>开始处理字段 
2024-04-14 12:27:49,291 [main] INFO  icu.greenlemon.databasecompare.service.DataService              116   -==>字段处理完成 
2024-04-14 12:27:49,292 [main] INFO  icu.greenlemon.databasecompare.service.DataService              117   -初始化完成 
2024-04-14 12:27:49,531 [main] INFO  icu.greenlemon.databasecompare.DatabaseCompareApplication       61    -Started DatabaseCompareApplication in 23.789 seconds (JVM running for 24.36) 
2024-04-14 12:28:23,698 [main] INFO  icu.greenlemon.databasecompare.DatabaseCompareApplication       55    -Starting DatabaseCompareApplication using Java 1.8.0_302 on GreenLemon with PID 14652 (C:\Users\33091\IdeaProjects\DatabaseCompare\target\classes started by 33091 in C:\Users\33091\IdeaProjects\DatabaseCompare) 
2024-04-14 12:28:23,701 [main] INFO  icu.greenlemon.databasecompare.DatabaseCompareApplication       634   -No active profile set, falling back to 1 default profile: "default" 
2024-04-14 12:28:24,247 [main] INFO  icu.greenlemon.databasecompare.service.DataService              69    -==>开始初始化 
2024-04-14 12:28:24,763 [main] INFO  icu.greenlemon.databasecompare.service.DataService              93    -==>开始建立源数据连接 
2024-04-14 12:28:25,726 [main] INFO  icu.greenlemon.databasecompare.service.DataService              95    -==>源数据连接建立成功 
2024-04-14 12:28:25,727 [main] INFO  icu.greenlemon.databasecompare.service.DataService              96    -==>开始建立目标数据连接 
2024-04-14 12:28:26,257 [main] INFO  icu.greenlemon.databasecompare.service.DataService              98    -==>目标数据连接建立成功 
2024-04-14 12:28:26,258 [main] INFO  icu.greenlemon.databasecompare.service.DataService              99    -==>数据连接建立成功 
2024-04-14 12:28:26,258 [main] INFO  icu.greenlemon.databasecompare.service.DataService              100   -==>开始获取源数据 
2024-04-14 12:28:36,711 [main] INFO  icu.greenlemon.databasecompare.service.DataService              102   -==>源数据获取完成 
2024-04-14 12:28:36,711 [main] INFO  icu.greenlemon.databasecompare.service.DataService              103   -==>开始获取目标数据 
2024-04-14 12:28:46,400 [main] INFO  icu.greenlemon.databasecompare.service.DataService              105   -==>目标数据获取成功 
2024-04-14 12:28:46,402 [main] INFO  icu.greenlemon.databasecompare.service.DataService              108   -==>开始处理数据库 
2024-04-14 12:28:46,402 [main] INFO  icu.greenlemon.databasecompare.service.DataService              110   -==>数据库处理完成 
2024-04-14 12:28:46,402 [main] INFO  icu.greenlemon.databasecompare.service.DataService              111   -==>开始处理表 
2024-04-14 12:28:46,404 [main] INFO  icu.greenlemon.databasecompare.service.DataService              113   -==>表处理完成 
2024-04-14 12:28:46,404 [main] INFO  icu.greenlemon.databasecompare.service.DataService              114   -==>开始处理字段 
2024-04-14 12:28:46,408 [main] INFO  icu.greenlemon.databasecompare.service.DataService              116   -==>字段处理完成 
2024-04-14 12:28:46,409 [main] INFO  icu.greenlemon.databasecompare.service.DataService              117   -初始化完成 
2024-04-14 12:28:46,672 [main] INFO  icu.greenlemon.databasecompare.DatabaseCompareApplication       61    -Started DatabaseCompareApplication in 23.195 seconds (JVM running for 23.78) 
2024-04-14 12:39:14,114 [main] INFO  icu.greenlemon.databasecompare.DatabaseCompareApplication       55    -Starting DatabaseCompareApplication using Java 1.8.0_302 on GreenLemon with PID 26756 (C:\Users\33091\IdeaProjects\DatabaseCompare\target\classes started by 33091 in C:\Users\33091\IdeaProjects\DatabaseCompare) 
2024-04-14 12:39:14,117 [main] INFO  icu.greenlemon.databasecompare.DatabaseCompareApplication       634   -No active profile set, falling back to 1 default profile: "default" 
2024-04-14 12:39:14,677 [main] INFO  icu.greenlemon.databasecompare.service.DataService              69    -==>开始初始化 
2024-04-14 12:39:15,093 [main] INFO  icu.greenlemon.databasecompare.service.DataService              93    -==>开始建立源数据连接 
2024-04-14 12:39:16,013 [main] INFO  icu.greenlemon.databasecompare.service.DataService              95    -==>源数据连接建立成功 
2024-04-14 12:39:16,013 [main] INFO  icu.greenlemon.databasecompare.service.DataService              96    -==>开始建立目标数据连接 
2024-04-14 12:39:16,529 [main] INFO  icu.greenlemon.databasecompare.service.DataService              98    -==>目标数据连接建立成功 
2024-04-14 12:39:16,529 [main] INFO  icu.greenlemon.databasecompare.service.DataService              99    -==>数据连接建立成功 
2024-04-14 12:39:16,530 [main] INFO  icu.greenlemon.databasecompare.service.DataService              100   -==>开始获取源数据 
2024-04-14 12:39:27,094 [main] INFO  icu.greenlemon.databasecompare.service.DataService              102   -==>源数据获取完成 
2024-04-14 12:39:27,094 [main] INFO  icu.greenlemon.databasecompare.service.DataService              103   -==>开始获取目标数据 
2024-04-14 12:39:36,920 [main] INFO  icu.greenlemon.databasecompare.service.DataService              105   -==>目标数据获取成功 
2024-04-14 12:39:36,923 [main] INFO  icu.greenlemon.databasecompare.service.DataService              108   -==>开始处理数据库 
2024-04-14 12:39:36,924 [main] INFO  icu.greenlemon.databasecompare.service.DataService              110   -==>数据库处理完成 
2024-04-14 12:39:36,925 [main] INFO  icu.greenlemon.databasecompare.service.DataService              111   -==>开始处理表 
2024-04-14 12:39:36,926 [main] INFO  icu.greenlemon.databasecompare.service.DataService              113   -==>表处理完成 
2024-04-14 12:39:36,926 [main] INFO  icu.greenlemon.databasecompare.service.DataService              114   -==>开始处理字段 
2024-04-14 12:39:36,932 [main] INFO  icu.greenlemon.databasecompare.service.DataService              116   -==>字段处理完成 
2024-04-14 12:39:36,932 [main] INFO  icu.greenlemon.databasecompare.service.DataService              117   -初始化完成 
2024-04-14 12:39:37,397 [main] INFO  icu.greenlemon.databasecompare.DatabaseCompareApplication       61    -Started DatabaseCompareApplication in 23.509 seconds (JVM running for 24.081) 
2024-04-14 13:18:41,509 [main] INFO  icu.greenlemon.databasecompare.DatabaseCompareApplication       55    -Starting DatabaseCompareApplication using Java 1.8.0_302 on GreenLemon with PID 33032 (C:\Users\33091\IdeaProjects\DatabaseCompare\target\classes started by 33091 in C:\Users\33091\IdeaProjects\DatabaseCompare) 
2024-04-14 13:18:41,511 [main] INFO  icu.greenlemon.databasecompare.DatabaseCompareApplication       634   -No active profile set, falling back to 1 default profile: "default" 
2024-04-14 13:18:42,101 [main] INFO  icu.greenlemon.databasecompare.service.DataService              69    -==>开始初始化 
2024-04-14 13:18:42,668 [main] INFO  icu.greenlemon.databasecompare.service.DataService              93    -==>开始建立源数据连接 
2024-04-14 13:18:43,773 [main] INFO  icu.greenlemon.databasecompare.service.DataService              95    -==>源数据连接建立成功 
2024-04-14 13:18:43,773 [main] INFO  icu.greenlemon.databasecompare.service.DataService              96    -==>开始建立目标数据连接 
2024-04-14 13:18:44,341 [main] INFO  icu.greenlemon.databasecompare.service.DataService              98    -==>目标数据连接建立成功 
2024-04-14 13:18:44,343 [main] INFO  icu.greenlemon.databasecompare.service.DataService              99    -==>数据连接建立成功 
2024-04-14 13:18:44,346 [main] INFO  icu.greenlemon.databasecompare.service.DataService              100   -==>开始获取源数据 
2024-04-14 13:18:54,892 [main] INFO  icu.greenlemon.databasecompare.service.DataService              102   -==>源数据获取完成 
2024-04-14 13:18:54,892 [main] INFO  icu.greenlemon.databasecompare.service.DataService              103   -==>开始获取目标数据 
2024-04-14 13:19:04,560 [main] INFO  icu.greenlemon.databasecompare.service.DataService              105   -==>目标数据获取成功 
2024-04-14 13:19:04,562 [main] INFO  icu.greenlemon.databasecompare.service.DataService              108   -==>开始处理数据库 
2024-04-14 13:19:04,562 [main] INFO  icu.greenlemon.databasecompare.service.DataService              110   -==>数据库处理完成 
2024-04-14 13:19:04,563 [main] INFO  icu.greenlemon.databasecompare.service.DataService              111   -==>开始处理表 
2024-04-14 13:19:04,563 [main] INFO  icu.greenlemon.databasecompare.service.DataService              113   -==>表处理完成 
2024-04-14 13:19:04,563 [main] INFO  icu.greenlemon.databasecompare.service.DataService              114   -==>开始处理字段 
2024-04-14 13:19:04,567 [main] INFO  icu.greenlemon.databasecompare.service.DataService              116   -==>字段处理完成 
2024-04-14 13:19:04,568 [main] INFO  icu.greenlemon.databasecompare.service.DataService              117   -初始化完成 
2024-04-14 13:19:04,837 [main] INFO  icu.greenlemon.databasecompare.DatabaseCompareApplication       61    -Started DatabaseCompareApplication in 23.561 seconds (JVM running for 24.158) 
2024-04-14 14:22:16,875 [main] INFO  icu.greenlemon.databasecompare.DatabaseCompareApplication       55    -Starting DatabaseCompareApplication using Java 1.8.0_302 on GreenLemon with PID 26452 (C:\Users\33091\IdeaProjects\DatabaseCompare\target\classes started by 33091 in C:\Users\33091\IdeaProjects\DatabaseCompare) 
2024-04-14 14:22:16,877 [main] INFO  icu.greenlemon.databasecompare.DatabaseCompareApplication       634   -No active profile set, falling back to 1 default profile: "default" 
2024-04-14 14:22:17,618 [main] INFO  icu.greenlemon.databasecompare.service.DataService              69    -==>开始初始化 
2024-04-14 14:22:18,137 [main] INFO  icu.greenlemon.databasecompare.service.DataService              93    -==>开始建立源数据连接 
2024-04-14 14:22:19,184 [main] INFO  icu.greenlemon.databasecompare.service.DataService              95    -==>源数据连接建立成功 
2024-04-14 14:22:19,184 [main] INFO  icu.greenlemon.databasecompare.service.DataService              96    -==>开始建立目标数据连接 
2024-04-14 14:22:19,749 [main] INFO  icu.greenlemon.databasecompare.service.DataService              98    -==>目标数据连接建立成功 
2024-04-14 14:22:19,750 [main] INFO  icu.greenlemon.databasecompare.service.DataService              99    -==>数据连接建立成功 
2024-04-14 14:22:19,750 [main] INFO  icu.greenlemon.databasecompare.service.DataService              100   -==>开始获取源数据 
2024-04-14 14:22:30,767 [main] INFO  icu.greenlemon.databasecompare.service.DataService              102   -==>源数据获取完成 
2024-04-14 14:22:30,767 [main] INFO  icu.greenlemon.databasecompare.service.DataService              103   -==>开始获取目标数据 
2024-04-14 14:22:40,372 [main] INFO  icu.greenlemon.databasecompare.service.DataService              105   -==>目标数据获取成功 
2024-04-14 14:22:40,374 [main] INFO  icu.greenlemon.databasecompare.service.DataService              108   -==>开始处理数据库 
2024-04-14 14:22:40,374 [main] INFO  icu.greenlemon.databasecompare.service.DataService              110   -==>数据库处理完成 
2024-04-14 14:22:40,374 [main] INFO  icu.greenlemon.databasecompare.service.DataService              111   -==>开始处理表 
2024-04-14 14:22:40,376 [main] INFO  icu.greenlemon.databasecompare.service.DataService              113   -==>表处理完成 
2024-04-14 14:22:40,376 [main] INFO  icu.greenlemon.databasecompare.service.DataService              114   -==>开始处理字段 
2024-04-14 14:22:40,381 [main] INFO  icu.greenlemon.databasecompare.service.DataService              116   -==>字段处理完成 
2024-04-14 14:22:40,381 [main] INFO  icu.greenlemon.databasecompare.service.DataService              117   -初始化完成 
2024-04-14 14:22:40,633 [main] INFO  icu.greenlemon.databasecompare.DatabaseCompareApplication       61    -Started DatabaseCompareApplication in 24.049 seconds (JVM running for 24.802) 
2024-04-14 14:23:09,890 [http-nio-8888-exec-7] INFO  icu.greenlemon.databasecompare.service.DataService 69    -==>开始初始化 
2024-04-14 14:23:10,325 [http-nio-8888-exec-7] ERROR icu.greenlemon.databasecompare.handler.GlobalExceptionHandler 21    -PortForwardingL: local port 127.0.0.1:3306 cannot be bound. 
com.jcraft.jsch.JSchException: PortForwardingL: local port 127.0.0.1:3306 cannot be bound.
	at com.jcraft.jsch.PortWatcher.<init>(PortWatcher.java:158)
	at com.jcraft.jsch.PortWatcher.addPort(PortWatcher.java:110)
	at com.jcraft.jsch.Session.setPortForwardingL(Session.java:1847)
	at com.jcraft.jsch.Session.setPortForwardingL(Session.java:1828)
	at com.jcraft.jsch.Session.setPortForwardingL(Session.java:1809)
	at com.jcraft.jsch.Session.setPortForwardingL(Session.java:1792)
	at icu.greenlemon.databasecompare.service.DataService.init(DataService.java:80)
	at icu.greenlemon.databasecompare.controller.CompareController.reload(CompareController.java:26)
	at sun.reflect.NativeMethodAccessorImpl.invoke0(Native Method)
	at sun.reflect.NativeMethodAccessorImpl.invoke(NativeMethodAccessorImpl.java:62)
	at sun.reflect.DelegatingMethodAccessorImpl.invoke(DelegatingMethodAccessorImpl.java:43)
	at java.lang.reflect.Method.invoke(Method.java:498)
	at org.springframework.web.method.support.InvocableHandlerMethod.doInvoke(InvocableHandlerMethod.java:205)
	at org.springframework.web.method.support.InvocableHandlerMethod.invokeForRequest(InvocableHandlerMethod.java:150)
	at org.springframework.web.servlet.mvc.method.annotation.ServletInvocableHandlerMethod.invokeAndHandle(ServletInvocableHandlerMethod.java:117)
	at org.springframework.web.servlet.mvc.method.annotation.RequestMappingHandlerAdapter.invokeHandlerMethod(RequestMappingHandlerAdapter.java:895)
	at org.springframework.web.servlet.mvc.method.annotation.RequestMappingHandlerAdapter.handleInternal(RequestMappingHandlerAdapter.java:808)
	at org.springframework.web.servlet.mvc.method.AbstractHandlerMethodAdapter.handle(AbstractHandlerMethodAdapter.java:87)
	at org.springframework.web.servlet.DispatcherServlet.doDispatch(DispatcherServlet.java:1071)
	at org.springframework.web.servlet.DispatcherServlet.doService(DispatcherServlet.java:964)
	at org.springframework.web.servlet.FrameworkServlet.processRequest(FrameworkServlet.java:1006)
	at org.springframework.web.servlet.FrameworkServlet.doGet(FrameworkServlet.java:898)
	at javax.servlet.http.HttpServlet.service(HttpServlet.java:670)
	at org.springframework.web.servlet.FrameworkServlet.service(FrameworkServlet.java:883)
	at javax.servlet.http.HttpServlet.service(HttpServlet.java:779)
	at org.apache.catalina.core.ApplicationFilterChain.internalDoFilter(ApplicationFilterChain.java:227)
	at org.apache.catalina.core.ApplicationFilterChain.doFilter(ApplicationFilterChain.java:162)
	at org.apache.tomcat.websocket.server.WsFilter.doFilter(WsFilter.java:53)
	at org.apache.catalina.core.ApplicationFilterChain.internalDoFilter(ApplicationFilterChain.java:189)
	at org.apache.catalina.core.ApplicationFilterChain.doFilter(ApplicationFilterChain.java:162)
	at org.springframework.web.filter.RequestContextFilter.doFilterInternal(RequestContextFilter.java:100)
	at org.springframework.web.filter.OncePerRequestFilter.doFilter(OncePerRequestFilter.java:117)
	at org.apache.catalina.core.ApplicationFilterChain.internalDoFilter(ApplicationFilterChain.java:189)
	at org.apache.catalina.core.ApplicationFilterChain.doFilter(ApplicationFilterChain.java:162)
	at org.springframework.web.filter.FormContentFilter.doFilterInternal(FormContentFilter.java:93)
	at org.springframework.web.filter.OncePerRequestFilter.doFilter(OncePerRequestFilter.java:117)
	at org.apache.catalina.core.ApplicationFilterChain.internalDoFilter(ApplicationFilterChain.java:189)
	at org.apache.catalina.core.ApplicationFilterChain.doFilter(ApplicationFilterChain.java:162)
	at org.springframework.web.filter.CharacterEncodingFilter.doFilterInternal(CharacterEncodingFilter.java:201)
	at org.springframework.web.filter.OncePerRequestFilter.doFilter(OncePerRequestFilter.java:117)
	at org.apache.catalina.core.ApplicationFilterChain.internalDoFilter(ApplicationFilterChain.java:189)
	at org.apache.catalina.core.ApplicationFilterChain.doFilter(ApplicationFilterChain.java:162)
	at org.apache.catalina.core.StandardWrapperValve.invoke(StandardWrapperValve.java:197)
	at org.apache.catalina.core.StandardContextValve.invoke(StandardContextValve.java:97)
	at org.apache.catalina.authenticator.AuthenticatorBase.invoke(AuthenticatorBase.java:541)
	at org.apache.catalina.core.StandardHostValve.invoke(StandardHostValve.java:135)
	at org.apache.catalina.valves.ErrorReportValve.invoke(ErrorReportValve.java:92)
	at org.apache.catalina.core.StandardEngineValve.invoke(StandardEngineValve.java:78)
	at org.apache.catalina.connector.CoyoteAdapter.service(CoyoteAdapter.java:360)
	at org.apache.coyote.http11.Http11Processor.service(Http11Processor.java:399)
	at org.apache.coyote.AbstractProcessorLight.process(AbstractProcessorLight.java:65)
	at org.apache.coyote.AbstractProtocol$ConnectionHandler.process(AbstractProtocol.java:893)
	at org.apache.tomcat.util.net.NioEndpoint$SocketProcessor.doRun(NioEndpoint.java:1789)
	at org.apache.tomcat.util.net.SocketProcessorBase.run(SocketProcessorBase.java:49)
	at org.apache.tomcat.util.threads.ThreadPoolExecutor.runWorker(ThreadPoolExecutor.java:1191)
	at org.apache.tomcat.util.threads.ThreadPoolExecutor$Worker.run(ThreadPoolExecutor.java:659)
	at org.apache.tomcat.util.threads.TaskThread$WrappingRunnable.run(TaskThread.java:61)
	at java.lang.Thread.run(Thread.java:748)
Caused by: java.net.BindException: Address already in use: JVM_Bind
	at java.net.DualStackPlainSocketImpl.bind0(Native Method)
	at java.net.DualStackPlainSocketImpl.socketBind(DualStackPlainSocketImpl.java:106)
	at java.net.AbstractPlainSocketImpl.bind(AbstractPlainSocketImpl.java:387)
	at java.net.PlainSocketImpl.bind(PlainSocketImpl.java:190)
	at java.net.ServerSocket.bind(ServerSocket.java:390)
	at java.net.ServerSocket.<init>(ServerSocket.java:252)
	at com.jcraft.jsch.PortWatcher.<init>(PortWatcher.java:150)
	... 57 common frames omitted
2024-04-14 14:24:53,752 [main] INFO  icu.greenlemon.databasecompare.DatabaseCompareApplication       55    -Starting DatabaseCompareApplication using Java 1.8.0_302 on GreenLemon with PID 34692 (C:\Users\33091\IdeaProjects\DatabaseCompare\target\classes started by 33091 in C:\Users\33091\IdeaProjects\DatabaseCompare) 
2024-04-14 14:24:53,754 [main] INFO  icu.greenlemon.databasecompare.DatabaseCompareApplication       634   -No active profile set, falling back to 1 default profile: "default" 
2024-04-14 14:24:54,316 [main] INFO  icu.greenlemon.databasecompare.service.DataService              69    -==>开始初始化 
2024-04-14 14:24:54,915 [main] INFO  icu.greenlemon.databasecompare.service.DataService              93    -==>开始建立源数据连接 
2024-04-14 14:24:56,232 [main] INFO  icu.greenlemon.databasecompare.service.DataService              95    -==>源数据连接建立成功 
2024-04-14 14:24:56,233 [main] INFO  icu.greenlemon.databasecompare.service.DataService              96    -==>开始建立目标数据连接 
2024-04-14 14:27:11,646 [main] INFO  icu.greenlemon.databasecompare.DatabaseCompareApplication       55    -Starting DatabaseCompareApplication using Java 1.8.0_302 on GreenLemon with PID 30860 (C:\Users\33091\IdeaProjects\DatabaseCompare\target\classes started by 33091 in C:\Users\33091\IdeaProjects\DatabaseCompare) 
2024-04-14 14:27:11,648 [main] INFO  icu.greenlemon.databasecompare.DatabaseCompareApplication       634   -No active profile set, falling back to 1 default profile: "default" 
2024-04-14 14:27:12,194 [main] INFO  icu.greenlemon.databasecompare.service.DataService              70    -==>开始初始化 
2024-04-14 14:27:12,704 [main] INFO  icu.greenlemon.databasecompare.service.DataService              97    -==>开始建立源数据连接 
2024-04-14 14:27:13,830 [main] INFO  icu.greenlemon.databasecompare.service.DataService              99    -==>源数据连接建立成功 
2024-04-14 14:27:13,830 [main] INFO  icu.greenlemon.databasecompare.service.DataService              100   -==>开始建立目标数据连接 
2024-04-14 14:27:14,474 [main] INFO  icu.greenlemon.databasecompare.service.DataService              102   -==>目标数据连接建立成功 
2024-04-14 14:27:14,474 [main] INFO  icu.greenlemon.databasecompare.service.DataService              103   -==>数据连接建立成功 
2024-04-14 14:27:14,474 [main] INFO  icu.greenlemon.databasecompare.service.DataService              104   -==>开始获取源数据 
2024-04-14 14:27:25,041 [main] INFO  icu.greenlemon.databasecompare.service.DataService              106   -==>源数据获取完成 
2024-04-14 14:27:25,041 [main] INFO  icu.greenlemon.databasecompare.service.DataService              107   -==>开始获取目标数据 
2024-04-14 14:27:35,094 [main] INFO  icu.greenlemon.databasecompare.service.DataService              109   -==>目标数据获取成功 
2024-04-14 14:27:35,095 [main] INFO  icu.greenlemon.databasecompare.service.DataService              112   -==>开始处理数据库 
2024-04-14 14:27:35,097 [main] INFO  icu.greenlemon.databasecompare.service.DataService              114   -==>数据库处理完成 
2024-04-14 14:27:35,097 [main] INFO  icu.greenlemon.databasecompare.service.DataService              115   -==>开始处理表 
2024-04-14 14:27:35,098 [main] INFO  icu.greenlemon.databasecompare.service.DataService              117   -==>表处理完成 
2024-04-14 14:27:35,098 [main] INFO  icu.greenlemon.databasecompare.service.DataService              118   -==>开始处理字段 
2024-04-14 14:27:35,102 [main] INFO  icu.greenlemon.databasecompare.service.DataService              120   -==>字段处理完成 
2024-04-14 14:27:35,102 [main] INFO  icu.greenlemon.databasecompare.service.DataService              121   -初始化完成 
2024-04-14 14:27:35,342 [main] INFO  icu.greenlemon.databasecompare.DatabaseCompareApplication       61    -Started DatabaseCompareApplication in 23.922 seconds (JVM running for 24.546) 
2024-04-14 14:27:45,459 [http-nio-8888-exec-4] INFO  icu.greenlemon.databasecompare.service.DataService 70    -==>开始初始化 
2024-04-14 14:27:45,459 [http-nio-8888-exec-4] INFO  icu.greenlemon.databasecompare.service.DataService 97    -==>开始建立源数据连接 
2024-04-14 14:27:46,124 [http-nio-8888-exec-4] INFO  icu.greenlemon.databasecompare.service.DataService 99    -==>源数据连接建立成功 
2024-04-14 14:27:46,124 [http-nio-8888-exec-4] INFO  icu.greenlemon.databasecompare.service.DataService 100   -==>开始建立目标数据连接 
2024-04-14 14:27:46,838 [http-nio-8888-exec-4] INFO  icu.greenlemon.databasecompare.service.DataService 102   -==>目标数据连接建立成功 
2024-04-14 14:27:46,838 [http-nio-8888-exec-4] INFO  icu.greenlemon.databasecompare.service.DataService 103   -==>数据连接建立成功 
2024-04-14 14:27:46,838 [http-nio-8888-exec-4] INFO  icu.greenlemon.databasecompare.service.DataService 104   -==>开始获取源数据 
2024-04-14 14:27:57,231 [http-nio-8888-exec-4] INFO  icu.greenlemon.databasecompare.service.DataService 106   -==>源数据获取完成 
2024-04-14 14:27:57,232 [http-nio-8888-exec-4] INFO  icu.greenlemon.databasecompare.service.DataService 107   -==>开始获取目标数据 
2024-04-14 14:28:07,308 [http-nio-8888-exec-4] INFO  icu.greenlemon.databasecompare.service.DataService 109   -==>目标数据获取成功 
2024-04-14 14:28:07,309 [http-nio-8888-exec-4] INFO  icu.greenlemon.databasecompare.service.DataService 112   -==>开始处理数据库 
2024-04-14 14:28:07,309 [http-nio-8888-exec-4] INFO  icu.greenlemon.databasecompare.service.DataService 114   -==>数据库处理完成 
2024-04-14 14:28:07,309 [http-nio-8888-exec-4] INFO  icu.greenlemon.databasecompare.service.DataService 115   -==>开始处理表 
2024-04-14 14:28:07,310 [http-nio-8888-exec-4] INFO  icu.greenlemon.databasecompare.service.DataService 117   -==>表处理完成 
2024-04-14 14:28:07,310 [http-nio-8888-exec-4] INFO  icu.greenlemon.databasecompare.service.DataService 118   -==>开始处理字段 
2024-04-14 14:28:07,313 [http-nio-8888-exec-4] INFO  icu.greenlemon.databasecompare.service.DataService 120   -==>字段处理完成 
2024-04-14 14:28:07,313 [http-nio-8888-exec-4] INFO  icu.greenlemon.databasecompare.service.DataService 121   -初始化完成 
2024-04-14 14:28:17,934 [http-nio-8888-exec-8] INFO  icu.greenlemon.databasecompare.service.DataService 70    -==>开始初始化 
2024-04-14 14:28:17,935 [http-nio-8888-exec-8] INFO  icu.greenlemon.databasecompare.service.DataService 97    -==>开始建立源数据连接 
2024-04-14 14:28:18,776 [http-nio-8888-exec-8] INFO  icu.greenlemon.databasecompare.service.DataService 99    -==>源数据连接建立成功 
2024-04-14 14:28:18,776 [http-nio-8888-exec-8] INFO  icu.greenlemon.databasecompare.service.DataService 100   -==>开始建立目标数据连接 
2024-04-14 14:28:19,483 [http-nio-8888-exec-8] INFO  icu.greenlemon.databasecompare.service.DataService 102   -==>目标数据连接建立成功 
2024-04-14 14:28:19,483 [http-nio-8888-exec-8] INFO  icu.greenlemon.databasecompare.service.DataService 103   -==>数据连接建立成功 
2024-04-14 14:28:19,483 [http-nio-8888-exec-8] INFO  icu.greenlemon.databasecompare.service.DataService 104   -==>开始获取源数据 
2024-04-14 14:28:22,865 [http-nio-8888-exec-3] INFO  icu.greenlemon.databasecompare.service.DataService 70    -==>开始初始化 
2024-04-14 14:28:22,867 [http-nio-8888-exec-3] INFO  icu.greenlemon.databasecompare.service.DataService 97    -==>开始建立源数据连接 
2024-04-14 14:28:24,937 [http-nio-8888-exec-7] INFO  icu.greenlemon.databasecompare.service.DataService 70    -==>开始初始化 
2024-04-14 14:28:24,937 [http-nio-8888-exec-7] INFO  icu.greenlemon.databasecompare.service.DataService 97    -==>开始建立源数据连接 
2024-04-14 14:28:26,082 [http-nio-8888-exec-4] INFO  icu.greenlemon.databasecompare.service.DataService 70    -==>开始初始化 
2024-04-14 14:28:26,082 [http-nio-8888-exec-4] INFO  icu.greenlemon.databasecompare.service.DataService 97    -==>开始建立源数据连接 
2024-04-14 14:28:29,891 [http-nio-8888-exec-8] INFO  icu.greenlemon.databasecompare.service.DataService 106   -==>源数据获取完成 
2024-04-14 14:28:29,892 [http-nio-8888-exec-8] INFO  icu.greenlemon.databasecompare.service.DataService 107   -==>开始获取目标数据 
2024-04-14 14:28:30,381 [http-nio-8888-exec-3] INFO  icu.greenlemon.databasecompare.service.DataService 99    -==>源数据连接建立成功 
2024-04-14 14:28:30,381 [http-nio-8888-exec-4] INFO  icu.greenlemon.databasecompare.service.DataService 99    -==>源数据连接建立成功 
2024-04-14 14:28:30,381 [http-nio-8888-exec-7] INFO  icu.greenlemon.databasecompare.service.DataService 99    -==>源数据连接建立成功 
2024-04-14 14:28:30,381 [http-nio-8888-exec-3] INFO  icu.greenlemon.databasecompare.service.DataService 100   -==>开始建立目标数据连接 
2024-04-14 14:28:30,381 [http-nio-8888-exec-7] INFO  icu.greenlemon.databasecompare.service.DataService 100   -==>开始建立目标数据连接 
2024-04-14 14:28:30,381 [http-nio-8888-exec-4] INFO  icu.greenlemon.databasecompare.service.DataService 100   -==>开始建立目标数据连接 
2024-04-14 14:28:34,757 [http-nio-8888-exec-3] INFO  icu.greenlemon.databasecompare.service.DataService 102   -==>目标数据连接建立成功 
2024-04-14 14:28:34,757 [http-nio-8888-exec-7] INFO  icu.greenlemon.databasecompare.service.DataService 102   -==>目标数据连接建立成功 
2024-04-14 14:28:34,757 [http-nio-8888-exec-4] INFO  icu.greenlemon.databasecompare.service.DataService 102   -==>目标数据连接建立成功 
2024-04-14 14:28:34,757 [http-nio-8888-exec-3] INFO  icu.greenlemon.databasecompare.service.DataService 103   -==>数据连接建立成功 
2024-04-14 14:28:34,757 [http-nio-8888-exec-4] INFO  icu.greenlemon.databasecompare.service.DataService 103   -==>数据连接建立成功 
2024-04-14 14:28:34,757 [http-nio-8888-exec-7] INFO  icu.greenlemon.databasecompare.service.DataService 103   -==>数据连接建立成功 
2024-04-14 14:28:34,758 [http-nio-8888-exec-3] INFO  icu.greenlemon.databasecompare.service.DataService 104   -==>开始获取源数据 
2024-04-14 14:28:34,758 [http-nio-8888-exec-4] INFO  icu.greenlemon.databasecompare.service.DataService 104   -==>开始获取源数据 
2024-04-14 14:28:34,758 [http-nio-8888-exec-7] INFO  icu.greenlemon.databasecompare.service.DataService 104   -==>开始获取源数据 
2024-04-14 14:28:39,689 [http-nio-8888-exec-8] INFO  icu.greenlemon.databasecompare.service.DataService 109   -==>目标数据获取成功 
2024-04-14 14:28:39,690 [http-nio-8888-exec-8] INFO  icu.greenlemon.databasecompare.service.DataService 112   -==>开始处理数据库 
2024-04-14 14:28:39,690 [http-nio-8888-exec-8] INFO  icu.greenlemon.databasecompare.service.DataService 114   -==>数据库处理完成 
2024-04-14 14:28:39,690 [http-nio-8888-exec-8] INFO  icu.greenlemon.databasecompare.service.DataService 115   -==>开始处理表 
2024-04-14 14:28:39,690 [http-nio-8888-exec-8] INFO  icu.greenlemon.databasecompare.service.DataService 117   -==>表处理完成 
2024-04-14 14:28:39,692 [http-nio-8888-exec-8] INFO  icu.greenlemon.databasecompare.service.DataService 118   -==>开始处理字段 
2024-04-14 14:28:39,694 [http-nio-8888-exec-8] INFO  icu.greenlemon.databasecompare.service.DataService 120   -==>字段处理完成 
2024-04-14 14:28:39,696 [http-nio-8888-exec-8] INFO  icu.greenlemon.databasecompare.service.DataService 121   -初始化完成 
2024-04-14 14:29:02,169 [http-nio-8888-exec-3] INFO  icu.greenlemon.databasecompare.service.DataService 106   -==>源数据获取完成 
2024-04-14 14:29:02,169 [http-nio-8888-exec-3] INFO  icu.greenlemon.databasecompare.service.DataService 107   -==>开始获取目标数据 
2024-04-14 14:29:04,173 [http-nio-8888-exec-4] INFO  icu.greenlemon.databasecompare.service.DataService 106   -==>源数据获取完成 
2024-04-14 14:29:04,173 [http-nio-8888-exec-4] INFO  icu.greenlemon.databasecompare.service.DataService 107   -==>开始获取目标数据 
2024-04-14 14:29:05,366 [http-nio-8888-exec-7] INFO  icu.greenlemon.databasecompare.service.DataService 106   -==>源数据获取完成 
2024-04-14 14:29:05,366 [http-nio-8888-exec-7] INFO  icu.greenlemon.databasecompare.service.DataService 107   -==>开始获取目标数据 
2024-04-14 14:29:25,897 [http-nio-8888-exec-3] INFO  icu.greenlemon.databasecompare.service.DataService 109   -==>目标数据获取成功 
2024-04-14 14:29:25,898 [http-nio-8888-exec-3] INFO  icu.greenlemon.databasecompare.service.DataService 112   -==>开始处理数据库 
2024-04-14 14:29:25,898 [http-nio-8888-exec-3] INFO  icu.greenlemon.databasecompare.service.DataService 114   -==>数据库处理完成 
2024-04-14 14:29:25,898 [http-nio-8888-exec-3] INFO  icu.greenlemon.databasecompare.service.DataService 115   -==>开始处理表 
2024-04-14 14:29:25,899 [http-nio-8888-exec-3] INFO  icu.greenlemon.databasecompare.service.DataService 117   -==>表处理完成 
2024-04-14 14:29:25,899 [http-nio-8888-exec-3] INFO  icu.greenlemon.databasecompare.service.DataService 118   -==>开始处理字段 
2024-04-14 14:29:25,902 [http-nio-8888-exec-3] INFO  icu.greenlemon.databasecompare.service.DataService 120   -==>字段处理完成 
2024-04-14 14:29:25,903 [http-nio-8888-exec-3] INFO  icu.greenlemon.databasecompare.service.DataService 121   -初始化完成 
2024-04-14 14:29:31,341 [http-nio-8888-exec-4] INFO  icu.greenlemon.databasecompare.service.DataService 109   -==>目标数据获取成功 
2024-04-14 14:29:31,342 [http-nio-8888-exec-4] INFO  icu.greenlemon.databasecompare.service.DataService 112   -==>开始处理数据库 
2024-04-14 14:29:31,342 [http-nio-8888-exec-4] INFO  icu.greenlemon.databasecompare.service.DataService 114   -==>数据库处理完成 
2024-04-14 14:29:31,343 [http-nio-8888-exec-4] INFO  icu.greenlemon.databasecompare.service.DataService 115   -==>开始处理表 
2024-04-14 14:29:31,343 [http-nio-8888-exec-4] INFO  icu.greenlemon.databasecompare.service.DataService 117   -==>表处理完成 
2024-04-14 14:29:31,343 [http-nio-8888-exec-4] INFO  icu.greenlemon.databasecompare.service.DataService 118   -==>开始处理字段 
2024-04-14 14:29:31,346 [http-nio-8888-exec-4] INFO  icu.greenlemon.databasecompare.service.DataService 120   -==>字段处理完成 
2024-04-14 14:29:31,346 [http-nio-8888-exec-4] INFO  icu.greenlemon.databasecompare.service.DataService 121   -初始化完成 
2024-04-14 14:29:32,437 [http-nio-8888-exec-7] INFO  icu.greenlemon.databasecompare.service.DataService 109   -==>目标数据获取成功 
2024-04-14 14:29:32,437 [http-nio-8888-exec-7] INFO  icu.greenlemon.databasecompare.service.DataService 112   -==>开始处理数据库 
2024-04-14 14:29:32,437 [http-nio-8888-exec-7] INFO  icu.greenlemon.databasecompare.service.DataService 114   -==>数据库处理完成 
2024-04-14 14:29:32,438 [http-nio-8888-exec-7] INFO  icu.greenlemon.databasecompare.service.DataService 115   -==>开始处理表 
2024-04-14 14:29:32,438 [http-nio-8888-exec-7] INFO  icu.greenlemon.databasecompare.service.DataService 117   -==>表处理完成 
2024-04-14 14:29:32,438 [http-nio-8888-exec-7] INFO  icu.greenlemon.databasecompare.service.DataService 118   -==>开始处理字段 
2024-04-14 14:29:32,441 [http-nio-8888-exec-7] INFO  icu.greenlemon.databasecompare.service.DataService 120   -==>字段处理完成 
2024-04-14 14:29:32,441 [http-nio-8888-exec-7] INFO  icu.greenlemon.databasecompare.service.DataService 121   -初始化完成 
2024-04-14 14:30:05,536 [main] INFO  icu.greenlemon.databasecompare.DatabaseCompareApplication       55    -Starting DatabaseCompareApplication using Java 1.8.0_302 on GreenLemon with PID 20592 (C:\Users\33091\IdeaProjects\DatabaseCompare\target\classes started by 33091 in C:\Users\33091\IdeaProjects\DatabaseCompare) 
2024-04-14 14:30:05,538 [main] INFO  icu.greenlemon.databasecompare.DatabaseCompareApplication       634   -No active profile set, falling back to 1 default profile: "default" 
2024-04-14 14:30:06,100 [main] INFO  icu.greenlemon.databasecompare.service.DataService              69    -==>开始初始化 
2024-04-14 14:30:06,551 [main] INFO  icu.greenlemon.databasecompare.service.DataService              96    -==>开始建立源数据连接 
2024-04-14 14:30:07,601 [main] INFO  icu.greenlemon.databasecompare.service.DataService              98    -==>源数据连接建立成功 
2024-04-14 14:30:07,601 [main] INFO  icu.greenlemon.databasecompare.service.DataService              99    -==>开始建立目标数据连接 
2024-04-14 14:30:08,222 [main] INFO  icu.greenlemon.databasecompare.service.DataService              101   -==>目标数据连接建立成功 
2024-04-14 14:30:08,222 [main] INFO  icu.greenlemon.databasecompare.service.DataService              102   -==>数据连接建立成功 
2024-04-14 14:30:08,223 [main] INFO  icu.greenlemon.databasecompare.service.DataService              103   -==>开始获取源数据 
2024-04-14 14:30:18,817 [main] INFO  icu.greenlemon.databasecompare.service.DataService              105   -==>源数据获取完成 
2024-04-14 14:30:18,817 [main] INFO  icu.greenlemon.databasecompare.service.DataService              106   -==>开始获取目标数据 
2024-04-14 14:30:28,416 [main] INFO  icu.greenlemon.databasecompare.service.DataService              108   -==>目标数据获取成功 
2024-04-14 14:30:28,418 [main] INFO  icu.greenlemon.databasecompare.service.DataService              111   -==>开始处理数据库 
2024-04-14 14:30:28,419 [main] INFO  icu.greenlemon.databasecompare.service.DataService              113   -==>数据库处理完成 
2024-04-14 14:30:28,419 [main] INFO  icu.greenlemon.databasecompare.service.DataService              114   -==>开始处理表 
2024-04-14 14:30:28,420 [main] INFO  icu.greenlemon.databasecompare.service.DataService              116   -==>表处理完成 
2024-04-14 14:30:28,420 [main] INFO  icu.greenlemon.databasecompare.service.DataService              117   -==>开始处理字段 
2024-04-14 14:30:28,424 [main] INFO  icu.greenlemon.databasecompare.service.DataService              119   -==>字段处理完成 
2024-04-14 14:30:28,424 [main] INFO  icu.greenlemon.databasecompare.service.DataService              120   -初始化完成 
2024-04-14 14:30:28,611 [main] INFO  icu.greenlemon.databasecompare.DatabaseCompareApplication       61    -Started DatabaseCompareApplication in 23.295 seconds (JVM running for 23.929) 
2024-04-14 14:30:36,006 [http-nio-8888-exec-7] INFO  icu.greenlemon.databasecompare.service.DataService 69    -==>开始初始化 
2024-04-14 14:30:36,007 [http-nio-8888-exec-7] INFO  icu.greenlemon.databasecompare.service.DataService 96    -==>开始建立源数据连接 
2024-04-14 14:30:36,699 [http-nio-8888-exec-7] INFO  icu.greenlemon.databasecompare.service.DataService 98    -==>源数据连接建立成功 
2024-04-14 14:30:36,700 [http-nio-8888-exec-7] INFO  icu.greenlemon.databasecompare.service.DataService 99    -==>开始建立目标数据连接 
2024-04-14 14:30:37,198 [http-nio-8888-exec-7] INFO  icu.greenlemon.databasecompare.service.DataService 101   -==>目标数据连接建立成功 
2024-04-14 14:30:37,198 [http-nio-8888-exec-7] INFO  icu.greenlemon.databasecompare.service.DataService 102   -==>数据连接建立成功 
2024-04-14 14:30:37,198 [http-nio-8888-exec-7] INFO  icu.greenlemon.databasecompare.service.DataService 103   -==>开始获取源数据 
2024-04-14 14:30:47,600 [http-nio-8888-exec-7] INFO  icu.greenlemon.databasecompare.service.DataService 105   -==>源数据获取完成 
2024-04-14 14:30:47,600 [http-nio-8888-exec-7] INFO  icu.greenlemon.databasecompare.service.DataService 106   -==>开始获取目标数据 
2024-04-14 14:30:57,363 [http-nio-8888-exec-7] INFO  icu.greenlemon.databasecompare.service.DataService 108   -==>目标数据获取成功 
2024-04-14 14:30:57,364 [http-nio-8888-exec-7] INFO  icu.greenlemon.databasecompare.service.DataService 111   -==>开始处理数据库 
2024-04-14 14:30:57,364 [http-nio-8888-exec-7] INFO  icu.greenlemon.databasecompare.service.DataService 113   -==>数据库处理完成 
2024-04-14 14:30:57,365 [http-nio-8888-exec-7] INFO  icu.greenlemon.databasecompare.service.DataService 114   -==>开始处理表 
2024-04-14 14:30:57,366 [http-nio-8888-exec-7] INFO  icu.greenlemon.databasecompare.service.DataService 116   -==>表处理完成 
2024-04-14 14:30:57,367 [http-nio-8888-exec-7] INFO  icu.greenlemon.databasecompare.service.DataService 117   -==>开始处理字段 
2024-04-14 14:30:57,370 [http-nio-8888-exec-7] INFO  icu.greenlemon.databasecompare.service.DataService 119   -==>字段处理完成 
2024-04-14 14:30:57,370 [http-nio-8888-exec-7] INFO  icu.greenlemon.databasecompare.service.DataService 120   -初始化完成 
2024-04-14 14:32:17,191 [main] INFO  icu.greenlemon.databasecompare.DatabaseCompareApplication       55    -Starting DatabaseCompareApplication using Java 1.8.0_302 on GreenLemon with PID 34700 (C:\Users\33091\IdeaProjects\DatabaseCompare\target\classes started by 33091 in C:\Users\33091\IdeaProjects\DatabaseCompare) 
2024-04-14 14:32:17,193 [main] INFO  icu.greenlemon.databasecompare.DatabaseCompareApplication       634   -No active profile set, falling back to 1 default profile: "default" 
2024-04-14 14:32:17,837 [main] INFO  icu.greenlemon.databasecompare.service.DataService              69    -==>开始初始化 
2024-04-14 14:32:18,319 [main] INFO  icu.greenlemon.databasecompare.service.DataService              96    -==>开始建立源数据连接 
2024-04-14 14:32:19,390 [main] INFO  icu.greenlemon.databasecompare.service.DataService              98    -==>源数据连接建立成功 
2024-04-14 14:32:19,390 [main] INFO  icu.greenlemon.databasecompare.service.DataService              99    -==>开始建立目标数据连接 
2024-04-14 14:32:19,880 [main] INFO  icu.greenlemon.databasecompare.service.DataService              101   -==>目标数据连接建立成功 
2024-04-14 14:32:19,881 [main] INFO  icu.greenlemon.databasecompare.service.DataService              102   -==>数据连接建立成功 
2024-04-14 14:32:19,881 [main] INFO  icu.greenlemon.databasecompare.service.DataService              103   -==>开始获取源数据 
2024-04-14 14:32:30,487 [main] INFO  icu.greenlemon.databasecompare.service.DataService              105   -==>源数据获取完成 
2024-04-14 14:32:30,488 [main] INFO  icu.greenlemon.databasecompare.service.DataService              106   -==>开始获取目标数据 
2024-04-14 14:32:40,161 [main] INFO  icu.greenlemon.databasecompare.service.DataService              108   -==>目标数据获取成功 
2024-04-14 14:32:40,163 [main] INFO  icu.greenlemon.databasecompare.service.DataService              111   -==>开始处理数据库 
2024-04-14 14:32:40,164 [main] INFO  icu.greenlemon.databasecompare.service.DataService              113   -==>数据库处理完成 
2024-04-14 14:32:40,164 [main] INFO  icu.greenlemon.databasecompare.service.DataService              114   -==>开始处理表 
2024-04-14 14:32:40,165 [main] INFO  icu.greenlemon.databasecompare.service.DataService              116   -==>表处理完成 
2024-04-14 14:32:40,165 [main] INFO  icu.greenlemon.databasecompare.service.DataService              117   -==>开始处理字段 
2024-04-14 14:32:40,170 [main] INFO  icu.greenlemon.databasecompare.service.DataService              119   -==>字段处理完成 
2024-04-14 14:32:40,171 [main] INFO  icu.greenlemon.databasecompare.service.DataService              120   -初始化完成 
2024-04-14 14:32:40,356 [main] INFO  icu.greenlemon.databasecompare.DatabaseCompareApplication       61    -Started DatabaseCompareApplication in 23.413 seconds (JVM running for 24.218) 
2024-04-14 14:32:53,678 [http-nio-8888-exec-5] INFO  icu.greenlemon.databasecompare.service.DataService 69    -==>开始初始化 
2024-04-14 14:32:53,679 [http-nio-8888-exec-5] INFO  icu.greenlemon.databasecompare.service.DataService 96    -==>开始建立源数据连接 
2024-04-14 14:32:54,478 [http-nio-8888-exec-5] INFO  icu.greenlemon.databasecompare.service.DataService 98    -==>源数据连接建立成功 
2024-04-14 14:32:54,479 [http-nio-8888-exec-5] INFO  icu.greenlemon.databasecompare.service.DataService 99    -==>开始建立目标数据连接 
2024-04-14 14:32:55,054 [http-nio-8888-exec-5] INFO  icu.greenlemon.databasecompare.service.DataService 101   -==>目标数据连接建立成功 
2024-04-14 14:32:55,055 [http-nio-8888-exec-5] INFO  icu.greenlemon.databasecompare.service.DataService 102   -==>数据连接建立成功 
2024-04-14 14:32:55,055 [http-nio-8888-exec-5] INFO  icu.greenlemon.databasecompare.service.DataService 103   -==>开始获取源数据 
2024-04-14 14:33:05,474 [http-nio-8888-exec-5] INFO  icu.greenlemon.databasecompare.service.DataService 105   -==>源数据获取完成 
2024-04-14 14:33:05,475 [http-nio-8888-exec-5] INFO  icu.greenlemon.databasecompare.service.DataService 106   -==>开始获取目标数据 
2024-04-14 14:33:15,134 [http-nio-8888-exec-5] INFO  icu.greenlemon.databasecompare.service.DataService 108   -==>目标数据获取成功 
2024-04-14 14:33:15,135 [http-nio-8888-exec-5] INFO  icu.greenlemon.databasecompare.service.DataService 111   -==>开始处理数据库 
2024-04-14 14:33:15,135 [http-nio-8888-exec-5] INFO  icu.greenlemon.databasecompare.service.DataService 113   -==>数据库处理完成 
2024-04-14 14:33:15,135 [http-nio-8888-exec-5] INFO  icu.greenlemon.databasecompare.service.DataService 114   -==>开始处理表 
2024-04-14 14:33:15,136 [http-nio-8888-exec-5] INFO  icu.greenlemon.databasecompare.service.DataService 116   -==>表处理完成 
2024-04-14 14:33:15,137 [http-nio-8888-exec-5] INFO  icu.greenlemon.databasecompare.service.DataService 117   -==>开始处理字段 
2024-04-14 14:33:15,143 [http-nio-8888-exec-5] INFO  icu.greenlemon.databasecompare.service.DataService 119   -==>字段处理完成 
2024-04-14 14:33:15,145 [http-nio-8888-exec-5] INFO  icu.greenlemon.databasecompare.service.DataService 120   -初始化完成 
2024-04-14 14:35:06,528 [main] INFO  icu.greenlemon.databasecompare.DatabaseCompareApplication       55    -Starting DatabaseCompareApplication using Java 1.8.0_302 on GreenLemon with PID 32020 (C:\Users\33091\IdeaProjects\DatabaseCompare\target\classes started by 33091 in C:\Users\33091\IdeaProjects\DatabaseCompare) 
2024-04-14 14:35:06,530 [main] INFO  icu.greenlemon.databasecompare.DatabaseCompareApplication       634   -No active profile set, falling back to 1 default profile: "default" 
2024-04-14 14:35:07,111 [main] INFO  icu.greenlemon.databasecompare.service.DataService              69    -==>开始初始化 
2024-04-14 14:35:08,531 [main] INFO  icu.greenlemon.databasecompare.service.DataService              96    -==>开始建立源数据连接 
2024-04-14 14:35:54,392 [main] INFO  icu.greenlemon.databasecompare.DatabaseCompareApplication       55    -Starting DatabaseCompareApplication using Java 1.8.0_302 on GreenLemon with PID 28428 (C:\Users\33091\IdeaProjects\DatabaseCompare\target\classes started by 33091 in C:\Users\33091\IdeaProjects\DatabaseCompare) 
2024-04-14 14:35:54,394 [main] INFO  icu.greenlemon.databasecompare.DatabaseCompareApplication       634   -No active profile set, falling back to 1 default profile: "default" 
2024-04-14 14:35:54,951 [main] INFO  icu.greenlemon.databasecompare.service.DataService              69    -==>开始初始化 
2024-04-14 14:35:55,392 [main] INFO  icu.greenlemon.databasecompare.service.DataService              96    -==>开始建立源数据连接 
2024-04-14 14:35:56,366 [main] INFO  icu.greenlemon.databasecompare.service.DataService              98    -==>源数据连接建立成功 
2024-04-14 14:35:56,366 [main] INFO  icu.greenlemon.databasecompare.service.DataService              99    -==>开始建立目标数据连接 
2024-04-14 14:35:57,012 [main] INFO  icu.greenlemon.databasecompare.service.DataService              101   -==>目标数据连接建立成功 
2024-04-14 14:35:57,014 [main] INFO  icu.greenlemon.databasecompare.service.DataService              102   -==>数据连接建立成功 
2024-04-14 14:35:57,017 [main] INFO  icu.greenlemon.databasecompare.service.DataService              103   -==>开始获取源数据 
2024-04-14 14:36:07,596 [main] INFO  icu.greenlemon.databasecompare.service.DataService              105   -==>源数据获取完成 
2024-04-14 14:36:07,596 [main] INFO  icu.greenlemon.databasecompare.service.DataService              106   -==>开始获取目标数据 
2024-04-14 14:36:17,346 [main] INFO  icu.greenlemon.databasecompare.service.DataService              108   -==>目标数据获取成功 
2024-04-14 14:36:17,347 [main] INFO  icu.greenlemon.databasecompare.service.DataService              111   -==>开始处理数据库 
2024-04-14 14:36:17,348 [main] INFO  icu.greenlemon.databasecompare.service.DataService              113   -==>数据库处理完成 
2024-04-14 14:36:17,348 [main] INFO  icu.greenlemon.databasecompare.service.DataService              114   -==>开始处理表 
2024-04-14 14:36:17,349 [main] INFO  icu.greenlemon.databasecompare.service.DataService              116   -==>表处理完成 
2024-04-14 14:36:17,349 [main] INFO  icu.greenlemon.databasecompare.service.DataService              117   -==>开始处理字段 
2024-04-14 14:36:17,352 [main] INFO  icu.greenlemon.databasecompare.service.DataService              119   -==>字段处理完成 
2024-04-14 14:36:17,352 [main] INFO  icu.greenlemon.databasecompare.service.DataService              120   -初始化完成 
2024-04-14 14:36:17,518 [main] INFO  icu.greenlemon.databasecompare.DatabaseCompareApplication       61    -Started DatabaseCompareApplication in 23.35 seconds (JVM running for 23.961) 
2024-04-14 14:36:38,663 [http-nio-8888-exec-2] INFO  icu.greenlemon.databasecompare.service.DataService 69    -==>开始初始化 
2024-04-14 14:36:38,664 [http-nio-8888-exec-2] INFO  icu.greenlemon.databasecompare.service.DataService 96    -==>开始建立源数据连接 
2024-04-14 14:36:39,509 [http-nio-8888-exec-2] INFO  icu.greenlemon.databasecompare.service.DataService 98    -==>源数据连接建立成功 
2024-04-14 14:36:39,510 [http-nio-8888-exec-2] INFO  icu.greenlemon.databasecompare.service.DataService 99    -==>开始建立目标数据连接 
2024-04-14 14:36:40,115 [http-nio-8888-exec-2] INFO  icu.greenlemon.databasecompare.service.DataService 101   -==>目标数据连接建立成功 
2024-04-14 14:36:40,115 [http-nio-8888-exec-2] INFO  icu.greenlemon.databasecompare.service.DataService 102   -==>数据连接建立成功 
2024-04-14 14:36:40,116 [http-nio-8888-exec-2] INFO  icu.greenlemon.databasecompare.service.DataService 103   -==>开始获取源数据 
2024-04-14 14:36:50,556 [http-nio-8888-exec-2] INFO  icu.greenlemon.databasecompare.service.DataService 105   -==>源数据获取完成 
2024-04-14 14:36:50,556 [http-nio-8888-exec-2] INFO  icu.greenlemon.databasecompare.service.DataService 106   -==>开始获取目标数据 
2024-04-14 14:37:00,298 [http-nio-8888-exec-2] INFO  icu.greenlemon.databasecompare.service.DataService 108   -==>目标数据获取成功 
2024-04-14 14:37:00,298 [http-nio-8888-exec-2] INFO  icu.greenlemon.databasecompare.service.DataService 111   -==>开始处理数据库 
2024-04-14 14:37:00,299 [http-nio-8888-exec-2] INFO  icu.greenlemon.databasecompare.service.DataService 113   -==>数据库处理完成 
2024-04-14 14:37:00,299 [http-nio-8888-exec-2] INFO  icu.greenlemon.databasecompare.service.DataService 114   -==>开始处理表 
2024-04-14 14:37:00,299 [http-nio-8888-exec-2] INFO  icu.greenlemon.databasecompare.service.DataService 116   -==>表处理完成 
2024-04-14 14:37:00,299 [http-nio-8888-exec-2] INFO  icu.greenlemon.databasecompare.service.DataService 117   -==>开始处理字段 
2024-04-14 14:37:00,303 [http-nio-8888-exec-2] INFO  icu.greenlemon.databasecompare.service.DataService 119   -==>字段处理完成 
2024-04-14 14:37:00,303 [http-nio-8888-exec-2] INFO  icu.greenlemon.databasecompare.service.DataService 120   -初始化完成 
2024-04-14 14:37:07,561 [http-nio-8888-exec-5] INFO  icu.greenlemon.databasecompare.service.DataService 69    -==>开始初始化 
2024-04-14 14:37:07,562 [http-nio-8888-exec-5] INFO  icu.greenlemon.databasecompare.service.DataService 96    -==>开始建立源数据连接 
2024-04-14 14:37:08,270 [http-nio-8888-exec-5] INFO  icu.greenlemon.databasecompare.service.DataService 98    -==>源数据连接建立成功 
2024-04-14 14:37:08,271 [http-nio-8888-exec-5] INFO  icu.greenlemon.databasecompare.service.DataService 99    -==>开始建立目标数据连接 
2024-04-14 14:37:08,737 [http-nio-8888-exec-5] INFO  icu.greenlemon.databasecompare.service.DataService 101   -==>目标数据连接建立成功 
2024-04-14 14:37:08,737 [http-nio-8888-exec-5] INFO  icu.greenlemon.databasecompare.service.DataService 102   -==>数据连接建立成功 
2024-04-14 14:37:08,737 [http-nio-8888-exec-5] INFO  icu.greenlemon.databasecompare.service.DataService 103   -==>开始获取源数据 
2024-04-14 14:37:19,119 [http-nio-8888-exec-5] INFO  icu.greenlemon.databasecompare.service.DataService 105   -==>源数据获取完成 
2024-04-14 14:37:19,119 [http-nio-8888-exec-5] INFO  icu.greenlemon.databasecompare.service.DataService 106   -==>开始获取目标数据 
2024-04-14 14:37:28,775 [http-nio-8888-exec-5] INFO  icu.greenlemon.databasecompare.service.DataService 108   -==>目标数据获取成功 
2024-04-14 14:37:28,776 [http-nio-8888-exec-5] INFO  icu.greenlemon.databasecompare.service.DataService 111   -==>开始处理数据库 
2024-04-14 14:37:28,777 [http-nio-8888-exec-5] INFO  icu.greenlemon.databasecompare.service.DataService 113   -==>数据库处理完成 
2024-04-14 14:37:28,777 [http-nio-8888-exec-5] INFO  icu.greenlemon.databasecompare.service.DataService 114   -==>开始处理表 
2024-04-14 14:37:28,777 [http-nio-8888-exec-5] INFO  icu.greenlemon.databasecompare.service.DataService 116   -==>表处理完成 
2024-04-14 14:37:28,777 [http-nio-8888-exec-5] INFO  icu.greenlemon.databasecompare.service.DataService 117   -==>开始处理字段 
2024-04-14 14:37:28,780 [http-nio-8888-exec-5] INFO  icu.greenlemon.databasecompare.service.DataService 119   -==>字段处理完成 
2024-04-14 14:37:28,780 [http-nio-8888-exec-5] INFO  icu.greenlemon.databasecompare.service.DataService 120   -初始化完成 
